{"total": {"lines":{"total":100,"covered":100,"skipped":0,"pct":100},"statements":{"total":105,"covered":105,"skipped":0,"pct":100},"functions":{"total":12,"covered":12,"skipped":0,"pct":100},"branches":{"total":8,"covered":7,"skipped":0,"pct":87.5},"branchesTrue":{"total":0,"covered":0,"skipped":0,"pct":"Unknown"}}
,"/Users/zhuwenlong/Desktop/ai-study/two-join/server-nest/src/modules/test-data/test-data.service.ts": {"lines":{"total":100,"covered":100,"skipped":0,"pct":100},"functions":{"total":12,"covered":12,"skipped":0,"pct":100},"statements":{"total":105,"covered":105,"skipped":0,"pct":100},"branches":{"total":8,"covered":7,"skipped":0,"pct":87.5}}
}
