{"/Users/zhuwenlong/Desktop/ai-study/two-join/server-nest/src/common/constants/index.ts": {"path":"/Users/zhuwenlong/Desktop/ai-study/two-join/server-nest/src/common/constants/index.ts","statementMap":{"0":{"start":{"line":2,"column":0},"end":{"line":2,"column":null}},"1":{"start":{"line":3,"column":2},"end":{"line":3,"column":null}},"2":{"start":{"line":4,"column":2},"end":{"line":4,"column":null}},"3":{"start":{"line":5,"column":2},"end":{"line":5,"column":null}},"4":{"start":{"line":9,"column":0},"end":{"line":9,"column":null}},"5":{"start":{"line":10,"column":2},"end":{"line":10,"column":null}},"6":{"start":{"line":11,"column":2},"end":{"line":11,"column":null}},"7":{"start":{"line":12,"column":2},"end":{"line":12,"column":null}},"8":{"start":{"line":16,"column":0},"end":{"line":16,"column":null}},"9":{"start":{"line":17,"column":2},"end":{"line":17,"column":null}},"10":{"start":{"line":18,"column":2},"end":{"line":18,"column":null}},"11":{"start":{"line":19,"column":2},"end":{"line":19,"column":null}},"12":{"start":{"line":20,"column":2},"end":{"line":20,"column":null}},"13":{"start":{"line":21,"column":2},"end":{"line":21,"column":null}},"14":{"start":{"line":22,"column":2},"end":{"line":22,"column":null}},"15":{"start":{"line":26,"column":0},"end":{"line":26,"column":null}},"16":{"start":{"line":27,"column":2},"end":{"line":27,"column":null}},"17":{"start":{"line":28,"column":2},"end":{"line":28,"column":null}},"18":{"start":{"line":29,"column":2},"end":{"line":29,"column":null}},"19":{"start":{"line":33,"column":0},"end":{"line":33,"column":null}},"20":{"start":{"line":34,"column":2},"end":{"line":34,"column":null}},"21":{"start":{"line":35,"column":2},"end":{"line":35,"column":null}},"22":{"start":{"line":39,"column":0},"end":{"line":39,"column":null}},"23":{"start":{"line":40,"column":2},"end":{"line":40,"column":null}},"24":{"start":{"line":41,"column":2},"end":{"line":41,"column":null}},"25":{"start":{"line":42,"column":2},"end":{"line":42,"column":null}},"26":{"start":{"line":43,"column":2},"end":{"line":43,"column":null}},"27":{"start":{"line":44,"column":2},"end":{"line":44,"column":null}},"28":{"start":{"line":45,"column":2},"end":{"line":45,"column":null}},"29":{"start":{"line":46,"column":2},"end":{"line":46,"column":null}},"30":{"start":{"line":47,"column":2},"end":{"line":47,"column":null}},"31":{"start":{"line":48,"column":2},"end":{"line":48,"column":null}},"32":{"start":{"line":49,"column":2},"end":{"line":49,"column":null}},"33":{"start":{"line":53,"column":13},"end":{"line":53,"column":37}},"34":{"start":{"line":54,"column":13},"end":{"line":54,"column":39}},"35":{"start":{"line":55,"column":13},"end":{"line":55,"column":36}},"36":{"start":{"line":56,"column":13},"end":{"line":56,"column":33}},"37":{"start":{"line":57,"column":13},"end":{"line":57,"column":37}},"38":{"start":{"line":60,"column":0},"end":{"line":60,"column":null}},"39":{"start":{"line":61,"column":2},"end":{"line":61,"column":null}},"40":{"start":{"line":62,"column":2},"end":{"line":62,"column":null}},"41":{"start":{"line":63,"column":2},"end":{"line":63,"column":null}},"42":{"start":{"line":67,"column":0},"end":{"line":67,"column":null}},"43":{"start":{"line":68,"column":2},"end":{"line":68,"column":null}},"44":{"start":{"line":69,"column":2},"end":{"line":69,"column":null}},"45":{"start":{"line":70,"column":2},"end":{"line":70,"column":null}},"46":{"start":{"line":74,"column":0},"end":{"line":74,"column":null}},"47":{"start":{"line":75,"column":2},"end":{"line":75,"column":null}},"48":{"start":{"line":76,"column":2},"end":{"line":76,"column":null}},"49":{"start":{"line":80,"column":0},"end":{"line":80,"column":null}},"50":{"start":{"line":81,"column":2},"end":{"line":81,"column":null}},"51":{"start":{"line":82,"column":2},"end":{"line":82,"column":null}},"52":{"start":{"line":86,"column":0},"end":{"line":86,"column":null}},"53":{"start":{"line":87,"column":2},"end":{"line":87,"column":null}},"54":{"start":{"line":88,"column":2},"end":{"line":88,"column":null}},"55":{"start":{"line":89,"column":2},"end":{"line":89,"column":null}},"56":{"start":{"line":90,"column":2},"end":{"line":90,"column":null}},"57":{"start":{"line":91,"column":2},"end":{"line":91,"column":null}},"58":{"start":{"line":95,"column":0},"end":{"line":95,"column":null}},"59":{"start":{"line":96,"column":2},"end":{"line":96,"column":null}},"60":{"start":{"line":97,"column":2},"end":{"line":97,"column":null}},"61":{"start":{"line":98,"column":2},"end":{"line":98,"column":null}},"62":{"start":{"line":102,"column":0},"end":{"line":102,"column":null}},"63":{"start":{"line":103,"column":2},"end":{"line":103,"column":null}},"64":{"start":{"line":104,"column":2},"end":{"line":104,"column":null}}},"fnMap":{"0":{"name":"(anonymous_0)","decl":{"start":{"line":2,"column":0},"end":{"line":2,"column":12}},"loc":{"start":{"line":2,"column":22},"end":{"line":6,"column":1}}},"1":{"name":"(anonymous_1)","decl":{"start":{"line":9,"column":0},"end":{"line":9,"column":12}},"loc":{"start":{"line":9,"column":18},"end":{"line":13,"column":1}}},"2":{"name":"(anonymous_2)","decl":{"start":{"line":16,"column":0},"end":{"line":16,"column":12}},"loc":{"start":{"line":16,"column":29},"end":{"line":23,"column":1}}},"3":{"name":"(anonymous_3)","decl":{"start":{"line":26,"column":0},"end":{"line":26,"column":12}},"loc":{"start":{"line":26,"column":31},"end":{"line":30,"column":1}}},"4":{"name":"(anonymous_4)","decl":{"start":{"line":33,"column":0},"end":{"line":33,"column":12}},"loc":{"start":{"line":33,"column":22},"end":{"line":36,"column":1}}},"5":{"name":"(anonymous_5)","decl":{"start":{"line":39,"column":0},"end":{"line":39,"column":12}},"loc":{"start":{"line":39,"column":28},"end":{"line":50,"column":1}}},"6":{"name":"(anonymous_6)","decl":{"start":{"line":60,"column":0},"end":{"line":60,"column":12}},"loc":{"start":{"line":60,"column":22},"end":{"line":64,"column":1}}},"7":{"name":"(anonymous_7)","decl":{"start":{"line":67,"column":0},"end":{"line":67,"column":12}},"loc":{"start":{"line":67,"column":19},"end":{"line":71,"column":1}}},"8":{"name":"(anonymous_8)","decl":{"start":{"line":74,"column":0},"end":{"line":74,"column":12}},"loc":{"start":{"line":74,"column":24},"end":{"line":77,"column":1}}},"9":{"name":"(anonymous_9)","decl":{"start":{"line":80,"column":0},"end":{"line":80,"column":12}},"loc":{"start":{"line":80,"column":22},"end":{"line":83,"column":1}}},"10":{"name":"(anonymous_10)","decl":{"start":{"line":86,"column":0},"end":{"line":86,"column":12}},"loc":{"start":{"line":86,"column":24},"end":{"line":92,"column":1}}},"11":{"name":"(anonymous_11)","decl":{"start":{"line":95,"column":0},"end":{"line":95,"column":12}},"loc":{"start":{"line":95,"column":25},"end":{"line":99,"column":1}}},"12":{"name":"(anonymous_12)","decl":{"start":{"line":102,"column":0},"end":{"line":102,"column":12}},"loc":{"start":{"line":102,"column":24},"end":{"line":105,"column":1}}}},"branchMap":{"0":{"loc":{"start":{"line":2,"column":12},"end":{"line":2,"column":null}},"type":"binary-expr","locations":[{"start":{"line":2,"column":12},"end":{"line":2,"column":22}},{"start":{"line":2,"column":22},"end":{"line":2,"column":null}}]},"1":{"loc":{"start":{"line":9,"column":12},"end":{"line":9,"column":null}},"type":"binary-expr","locations":[{"start":{"line":9,"column":12},"end":{"line":9,"column":18}},{"start":{"line":9,"column":18},"end":{"line":9,"column":null}}]},"2":{"loc":{"start":{"line":16,"column":12},"end":{"line":16,"column":null}},"type":"binary-expr","locations":[{"start":{"line":16,"column":12},"end":{"line":16,"column":29}},{"start":{"line":16,"column":29},"end":{"line":16,"column":null}}]},"3":{"loc":{"start":{"line":26,"column":12},"end":{"line":26,"column":null}},"type":"binary-expr","locations":[{"start":{"line":26,"column":12},"end":{"line":26,"column":31}},{"start":{"line":26,"column":31},"end":{"line":26,"column":null}}]},"4":{"loc":{"start":{"line":33,"column":12},"end":{"line":33,"column":null}},"type":"binary-expr","locations":[{"start":{"line":33,"column":12},"end":{"line":33,"column":22}},{"start":{"line":33,"column":22},"end":{"line":33,"column":null}}]},"5":{"loc":{"start":{"line":39,"column":12},"end":{"line":39,"column":null}},"type":"binary-expr","locations":[{"start":{"line":39,"column":12},"end":{"line":39,"column":28}},{"start":{"line":39,"column":28},"end":{"line":39,"column":null}}]},"6":{"loc":{"start":{"line":60,"column":12},"end":{"line":60,"column":null}},"type":"binary-expr","locations":[{"start":{"line":60,"column":12},"end":{"line":60,"column":22}},{"start":{"line":60,"column":22},"end":{"line":60,"column":null}}]},"7":{"loc":{"start":{"line":67,"column":12},"end":{"line":67,"column":null}},"type":"binary-expr","locations":[{"start":{"line":67,"column":12},"end":{"line":67,"column":19}},{"start":{"line":67,"column":19},"end":{"line":67,"column":null}}]},"8":{"loc":{"start":{"line":74,"column":12},"end":{"line":74,"column":null}},"type":"binary-expr","locations":[{"start":{"line":74,"column":12},"end":{"line":74,"column":24}},{"start":{"line":74,"column":24},"end":{"line":74,"column":null}}]},"9":{"loc":{"start":{"line":80,"column":12},"end":{"line":80,"column":null}},"type":"binary-expr","locations":[{"start":{"line":80,"column":12},"end":{"line":80,"column":22}},{"start":{"line":80,"column":22},"end":{"line":80,"column":null}}]},"10":{"loc":{"start":{"line":86,"column":12},"end":{"line":86,"column":null}},"type":"binary-expr","locations":[{"start":{"line":86,"column":12},"end":{"line":86,"column":24}},{"start":{"line":86,"column":24},"end":{"line":86,"column":null}}]},"11":{"loc":{"start":{"line":95,"column":12},"end":{"line":95,"column":null}},"type":"binary-expr","locations":[{"start":{"line":95,"column":12},"end":{"line":95,"column":25}},{"start":{"line":95,"column":25},"end":{"line":95,"column":null}}]},"12":{"loc":{"start":{"line":102,"column":12},"end":{"line":102,"column":null}},"type":"binary-expr","locations":[{"start":{"line":102,"column":12},"end":{"line":102,"column":24}},{"start":{"line":102,"column":24},"end":{"line":102,"column":null}}]}},"s":{"0":20,"1":20,"2":20,"3":20,"4":20,"5":20,"6":20,"7":20,"8":20,"9":20,"10":20,"11":20,"12":20,"13":20,"14":20,"15":20,"16":20,"17":20,"18":20,"19":20,"20":20,"21":20,"22":20,"23":20,"24":20,"25":20,"26":20,"27":20,"28":20,"29":20,"30":20,"31":20,"32":20,"33":20,"34":20,"35":20,"36":20,"37":20,"38":20,"39":20,"40":20,"41":20,"42":20,"43":20,"44":20,"45":20,"46":20,"47":20,"48":20,"49":20,"50":20,"51":20,"52":20,"53":20,"54":20,"55":20,"56":20,"57":20,"58":20,"59":20,"60":20,"61":20,"62":20,"63":20,"64":20},"f":{"0":20,"1":20,"2":20,"3":20,"4":20,"5":20,"6":20,"7":20,"8":20,"9":20,"10":20,"11":20,"12":20},"b":{"0":[20,20],"1":[20,20],"2":[20,20],"3":[20,20],"4":[20,20],"5":[20,20],"6":[20,20],"7":[20,20],"8":[20,20],"9":[20,20],"10":[20,20],"11":[20,20],"12":[20,20]}}
,"/Users/zhuwenlong/Desktop/ai-study/two-join/server-nest/src/common/decorators/public.decorator.ts": {"path":"/Users/zhuwenlong/Desktop/ai-study/two-join/server-nest/src/common/decorators/public.decorator.ts","statementMap":{"0":{"start":{"line":1,"column":0},"end":{"line":1,"column":45}},"1":{"start":{"line":3,"column":13},"end":{"line":3,"column":40}},"2":{"start":{"line":4,"column":22},"end":{"line":4,"column":60}},"3":{"start":{"line":4,"column":28},"end":{"line":4,"column":60}},"4":{"start":{"line":4,"column":13},"end":{"line":4,"column":22}}},"fnMap":{"0":{"name":"(anonymous_0)","decl":{"start":{"line":4,"column":22},"end":{"line":4,"column":25}},"loc":{"start":{"line":4,"column":28},"end":{"line":4,"column":60}}}},"branchMap":{},"s":{"0":13,"1":13,"2":13,"3":10,"4":13},"f":{"0":10},"b":{}}
,"/Users/zhuwenlong/Desktop/ai-study/two-join/server-nest/src/common/decorators/user.decorator.ts": {"path":"/Users/zhuwenlong/Desktop/ai-study/two-join/server-nest/src/common/decorators/user.decorator.ts","statementMap":{"0":{"start":{"line":1,"column":0},"end":{"line":1,"column":72}},"1":{"start":{"line":11,"column":13},"end":{"line":18,"column":2}},"2":{"start":{"line":13,"column":20},"end":{"line":13,"column":51}},"3":{"start":{"line":14,"column":17},"end":{"line":14,"column":43}},"4":{"start":{"line":16,"column":4},"end":{"line":16,"column":36}}},"fnMap":{"0":{"name":"(anonymous_0)","decl":{"start":{"line":12,"column":2},"end":{"line":12,"column":3}},"loc":{"start":{"line":12,"column":64},"end":{"line":17,"column":3}}}},"branchMap":{"0":{"loc":{"start":{"line":16,"column":11},"end":{"line":16,"column":35}},"type":"cond-expr","locations":[{"start":{"line":16,"column":18},"end":{"line":16,"column":28}},{"start":{"line":16,"column":31},"end":{"line":16,"column":35}}]}},"s":{"0":8,"1":8,"2":0,"3":0,"4":0},"f":{"0":0},"b":{"0":[0,0]}}
,"/Users/zhuwenlong/Desktop/ai-study/two-join/server-nest/src/common/filters/http-exception.filter.ts": {"path":"/Users/zhuwenlong/Desktop/ai-study/two-join/server-nest/src/common/filters/http-exception.filter.ts","statementMap":{"0":{"start":{"line":1,"column":0},"end":{"line":1,"column":null}},"1":{"start":{"line":11,"column":7},"end":{"line":45,"column":null}},"2":{"start":{"line":13,"column":16},"end":{"line":13,"column":35}},"3":{"start":{"line":14,"column":21},"end":{"line":14,"column":48}},"4":{"start":{"line":15,"column":20},"end":{"line":15,"column":45}},"5":{"start":{"line":17,"column":19},"end":{"line":17,"column":40}},"6":{"start":{"line":18,"column":30},"end":{"line":18,"column":53}},"7":{"start":{"line":20,"column":18},"end":{"line":20,"column":25}},"8":{"start":{"line":21,"column":17},"end":{"line":21,"column":21}},"9":{"start":{"line":23,"column":4},"end":{"line":33,"column":5}},"10":{"start":{"line":24,"column":6},"end":{"line":24,"column":34}},"11":{"start":{"line":25,"column":11},"end":{"line":33,"column":5}},"12":{"start":{"line":26,"column":26},"end":{"line":26,"column":50}},"13":{"start":{"line":27,"column":6},"end":{"line":27,"column":47}},"14":{"start":{"line":28,"column":6},"end":{"line":28,"column":42}},"15":{"start":{"line":30,"column":6},"end":{"line":32,"column":7}},"16":{"start":{"line":31,"column":8},"end":{"line":31,"column":37}},"17":{"start":{"line":35,"column":26},"end":{"line":41,"column":6}},"18":{"start":{"line":43,"column":4},"end":{"line":43,"column":48}},"19":{"start":{"line":11,"column":13},"end":{"line":11,"column":32}},"20":{"start":{"line":11,"column":13},"end":{"line":45,"column":null}}},"fnMap":{"0":{"name":"(anonymous_1)","decl":{"start":{"line":12,"column":2},"end":{"line":12,"column":7}},"loc":{"start":{"line":12,"column":53},"end":{"line":44,"column":3}}}},"branchMap":{"0":{"loc":{"start":{"line":23,"column":4},"end":{"line":33,"column":5}},"type":"if","locations":[{"start":{"line":23,"column":4},"end":{"line":33,"column":5}},{"start":{"line":25,"column":11},"end":{"line":33,"column":5}}]},"1":{"loc":{"start":{"line":25,"column":11},"end":{"line":33,"column":5}},"type":"if","locations":[{"start":{"line":25,"column":11},"end":{"line":33,"column":5}}]},"2":{"loc":{"start":{"line":27,"column":16},"end":{"line":27,"column":46}},"type":"binary-expr","locations":[{"start":{"line":27,"column":16},"end":{"line":27,"column":35}},{"start":{"line":27,"column":39},"end":{"line":27,"column":46}}]},"3":{"loc":{"start":{"line":28,"column":15},"end":{"line":28,"column":41}},"type":"binary-expr","locations":[{"start":{"line":28,"column":15},"end":{"line":28,"column":33}},{"start":{"line":28,"column":37},"end":{"line":28,"column":41}}]},"4":{"loc":{"start":{"line":30,"column":6},"end":{"line":32,"column":7}},"type":"if","locations":[{"start":{"line":30,"column":6},"end":{"line":32,"column":7}}]}},"s":{"0":1,"1":1,"2":6,"3":6,"4":6,"5":6,"6":6,"7":6,"8":6,"9":6,"10":2,"11":4,"12":4,"13":4,"14":4,"15":4,"16":1,"17":6,"18":6,"19":1,"20":1},"f":{"0":6},"b":{"0":[2,4],"1":[4],"2":[4,1],"3":[4,3],"4":[1]}}
,"/Users/zhuwenlong/Desktop/ai-study/two-join/server-nest/src/common/guards/jwt-auth.guard.ts": {"path":"/Users/zhuwenlong/Desktop/ai-study/two-join/server-nest/src/common/guards/jwt-auth.guard.ts","statementMap":{"0":{"start":{"line":1,"column":0},"end":{"line":1,"column":null}},"1":{"start":{"line":6,"column":0},"end":{"line":6,"column":45}},"2":{"start":{"line":7,"column":0},"end":{"line":7,"column":41}},"3":{"start":{"line":8,"column":0},"end":{"line":8,"column":63}},"4":{"start":{"line":11,"column":7},"end":{"line":35,"column":null}},"5":{"start":{"line":13,"column":4},"end":{"line":13,"column":12}},"6":{"start":{"line":12,"column":22},"end":{"line":12,"column":33}},"7":{"start":{"line":17,"column":21},"end":{"line":20,"column":6}},"8":{"start":{"line":22,"column":4},"end":{"line":24,"column":5}},"9":{"start":{"line":23,"column":6},"end":{"line":23,"column":18}},"10":{"start":{"line":26,"column":4},"end":{"line":26,"column":38}},"11":{"start":{"line":30,"column":4},"end":{"line":32,"column":5}},"12":{"start":{"line":31,"column":6},"end":{"line":31,"column":53}},"13":{"start":{"line":33,"column":4},"end":{"line":33,"column":16}},"14":{"start":{"line":11,"column":13},"end":{"line":11,"column":25}},"15":{"start":{"line":11,"column":13},"end":{"line":35,"column":null}}},"fnMap":{"0":{"name":"(anonymous_2)","decl":{"start":{"line":12,"column":2},"end":{"line":12,"column":22}},"loc":{"start":{"line":12,"column":42},"end":{"line":14,"column":3}}},"1":{"name":"(anonymous_3)","decl":{"start":{"line":16,"column":2},"end":{"line":16,"column":13}},"loc":{"start":{"line":16,"column":39},"end":{"line":27,"column":3}}},"2":{"name":"(anonymous_4)","decl":{"start":{"line":29,"column":2},"end":{"line":29,"column":15}},"loc":{"start":{"line":29,"column":46},"end":{"line":34,"column":3}}}},"branchMap":{"0":{"loc":{"start":{"line":22,"column":4},"end":{"line":24,"column":5}},"type":"if","locations":[{"start":{"line":22,"column":4},"end":{"line":24,"column":5}}]},"1":{"loc":{"start":{"line":30,"column":4},"end":{"line":32,"column":5}},"type":"if","locations":[{"start":{"line":30,"column":4},"end":{"line":32,"column":5}}]},"2":{"loc":{"start":{"line":30,"column":8},"end":{"line":30,"column":20}},"type":"binary-expr","locations":[{"start":{"line":30,"column":8},"end":{"line":30,"column":11}},{"start":{"line":30,"column":15},"end":{"line":30,"column":20}}]},"3":{"loc":{"start":{"line":31,"column":12},"end":{"line":31,"column":52}},"type":"binary-expr","locations":[{"start":{"line":31,"column":12},"end":{"line":31,"column":15}},{"start":{"line":31,"column":19},"end":{"line":31,"column":52}}]}},"s":{"0":12,"1":12,"2":12,"3":12,"4":12,"5":91,"6":91,"7":2,"8":2,"9":1,"10":1,"11":5,"12":4,"13":1,"14":12,"15":12},"f":{"0":91,"1":2,"2":5},"b":{"0":[1],"1":[4],"2":[5,4],"3":[4,3]}}
,"/Users/zhuwenlong/Desktop/ai-study/two-join/server-nest/src/common/interceptors/transform.interceptor.ts": {"path":"/Users/zhuwenlong/Desktop/ai-study/two-join/server-nest/src/common/interceptors/transform.interceptor.ts","statementMap":{"0":{"start":{"line":1,"column":0},"end":{"line":1,"column":null}},"1":{"start":{"line":8,"column":0},"end":{"line":8,"column":37}},"2":{"start":{"line":12,"column":7},"end":{"line":28,"column":null}},"3":{"start":{"line":19,"column":4},"end":{"line":26,"column":6}},"4":{"start":{"line":20,"column":21},"end":{"line":25,"column":8}},"5":{"start":{"line":12,"column":13},"end":{"line":12,"column":33}},"6":{"start":{"line":12,"column":13},"end":{"line":28,"column":null}}},"fnMap":{"0":{"name":"(anonymous_1)","decl":{"start":{"line":15,"column":2},"end":{"line":15,"column":11}},"loc":{"start":{"line":17,"column":21},"end":{"line":27,"column":3}}},"1":{"name":"(anonymous_2)","decl":{"start":{"line":20,"column":10},"end":{"line":20,"column":11}},"loc":{"start":{"line":20,"column":21},"end":{"line":25,"column":8}}}},"branchMap":{},"s":{"0":1,"1":1,"2":1,"3":6,"4":6,"5":1,"6":1},"f":{"0":6,"1":6},"b":{}}
,"/Users/zhuwenlong/Desktop/ai-study/two-join/server-nest/src/common/jwt/jwt.strategy.ts": {"path":"/Users/zhuwenlong/Desktop/ai-study/two-join/server-nest/src/common/jwt/jwt.strategy.ts","statementMap":{"0":{"start":{"line":1,"column":0},"end":{"line":1,"column":67}},"1":{"start":{"line":2,"column":0},"end":{"line":2,"column":52}},"2":{"start":{"line":3,"column":0},"end":{"line":3,"column":52}},"3":{"start":{"line":4,"column":0},"end":{"line":4,"column":47}},"4":{"start":{"line":5,"column":0},"end":{"line":5,"column":62}},"5":{"start":{"line":8,"column":7},"end":{"line":44,"column":null}},"6":{"start":{"line":13,"column":4},"end":{"line":17,"column":7}},"7":{"start":{"line":10,"column":12},"end":{"line":10,"column":27}},"8":{"start":{"line":11,"column":12},"end":{"line":11,"column":25}},"9":{"start":{"line":21,"column":4},"end":{"line":29,"column":5}},"10":{"start":{"line":22,"column":6},"end":{"line":28,"column":8}},"11":{"start":{"line":31,"column":17},"end":{"line":31,"column":61}},"12":{"start":{"line":32,"column":4},"end":{"line":34,"column":5}},"13":{"start":{"line":33,"column":6},"end":{"line":33,"column":47}},"14":{"start":{"line":35,"column":4},"end":{"line":37,"column":5}},"15":{"start":{"line":36,"column":6},"end":{"line":36,"column":48}},"16":{"start":{"line":38,"column":4},"end":{"line":42,"column":6}},"17":{"start":{"line":8,"column":13},"end":{"line":8,"column":24}},"18":{"start":{"line":8,"column":13},"end":{"line":44,"column":null}}},"fnMap":{"0":{"name":"(anonymous_2)","decl":{"start":{"line":9,"column":2},"end":{"line":9,"column":null}},"loc":{"start":{"line":11,"column":36},"end":{"line":18,"column":3}}},"1":{"name":"(anonymous_3)","decl":{"start":{"line":20,"column":2},"end":{"line":20,"column":7}},"loc":{"start":{"line":20,"column":29},"end":{"line":43,"column":3}}}},"branchMap":{"0":{"loc":{"start":{"line":16,"column":19},"end":{"line":16,"column":83}},"type":"binary-expr","locations":[{"start":{"line":16,"column":19},"end":{"line":16,"column":50}},{"start":{"line":16,"column":54},"end":{"line":16,"column":83}}]},"1":{"loc":{"start":{"line":21,"column":4},"end":{"line":29,"column":5}},"type":"if","locations":[{"start":{"line":21,"column":4},"end":{"line":29,"column":5}}]},"2":{"loc":{"start":{"line":32,"column":4},"end":{"line":34,"column":5}},"type":"if","locations":[{"start":{"line":32,"column":4},"end":{"line":34,"column":5}}]},"3":{"loc":{"start":{"line":35,"column":4},"end":{"line":37,"column":5}},"type":"if","locations":[{"start":{"line":35,"column":4},"end":{"line":37,"column":5}}]}},"s":{"0":1,"1":1,"2":1,"3":1,"4":1,"5":1,"6":4,"7":4,"8":4,"9":6,"10":1,"11":5,"12":5,"13":2,"14":3,"15":2,"16":1,"17":1,"18":1},"f":{"0":4,"1":6},"b":{"0":[4,0],"1":[1],"2":[2],"3":[2]}}
,"/Users/zhuwenlong/Desktop/ai-study/two-join/server-nest/src/common/minio/minio.service.ts": {"path":"/Users/zhuwenlong/Desktop/ai-study/two-join/server-nest/src/common/minio/minio.service.ts","statementMap":{"0":{"start":{"line":1,"column":0},"end":{"line":1,"column":52}},"1":{"start":{"line":2,"column":0},"end":{"line":2,"column":31}},"2":{"start":{"line":5,"column":25},"end":{"line":53,"column":null}},"3":{"start":{"line":6,"column":19},"end":{"line":6,"column":58}},"4":{"start":{"line":18,"column":4},"end":{"line":18,"column":44}},"5":{"start":{"line":19,"column":4},"end":{"line":19,"column":48}},"6":{"start":{"line":23,"column":19},"end":{"line":23,"column":61}},"7":{"start":{"line":24,"column":4},"end":{"line":27,"column":5}},"8":{"start":{"line":25,"column":6},"end":{"line":25,"column":47}},"9":{"start":{"line":26,"column":6},"end":{"line":26,"column":54}},"10":{"start":{"line":36,"column":4},"end":{"line":38,"column":7}},"11":{"start":{"line":39,"column":4},"end":{"line":39,"column":51}},"12":{"start":{"line":43,"column":4},"end":{"line":43,"column":59}},"13":{"start":{"line":47,"column":4},"end":{"line":47,"column":86}},"14":{"start":{"line":51,"column":4},"end":{"line":51,"column":23}},"15":{"start":{"line":5,"column":13},"end":{"line":5,"column":25}},"16":{"start":{"line":5,"column":13},"end":{"line":53,"column":null}}},"fnMap":{"0":{"name":"(anonymous_2)","decl":{"start":{"line":9,"column":2},"end":{"line":9,"column":17}},"loc":{"start":{"line":9,"column":2},"end":{"line":9,"column":18}}},"1":{"name":"(anonymous_3)","decl":{"start":{"line":11,"column":2},"end":{"line":11,"column":9}},"loc":{"start":{"line":17,"column":3},"end":{"line":20,"column":3}}},"2":{"name":"(anonymous_4)","decl":{"start":{"line":22,"column":2},"end":{"line":22,"column":7}},"loc":{"start":{"line":22,"column":39},"end":{"line":28,"column":3}}},"3":{"name":"(anonymous_5)","decl":{"start":{"line":30,"column":2},"end":{"line":30,"column":7}},"loc":{"start":{"line":34,"column":23},"end":{"line":40,"column":3}}},"4":{"name":"(anonymous_6)","decl":{"start":{"line":42,"column":2},"end":{"line":42,"column":7}},"loc":{"start":{"line":42,"column":57},"end":{"line":44,"column":3}}},"5":{"name":"(anonymous_7)","decl":{"start":{"line":46,"column":2},"end":{"line":46,"column":7}},"loc":{"start":{"line":46,"column":57},"end":{"line":48,"column":3}}},"6":{"name":"(anonymous_8)","decl":{"start":{"line":50,"column":2},"end":{"line":50,"column":11}},"loc":{"start":{"line":50,"column":11},"end":{"line":52,"column":3}}}},"branchMap":{"0":{"loc":{"start":{"line":24,"column":4},"end":{"line":27,"column":5}},"type":"if","locations":[{"start":{"line":24,"column":4},"end":{"line":27,"column":5}}]}},"s":{"0":1,"1":1,"2":1,"3":6,"4":6,"5":6,"6":2,"7":2,"8":1,"9":1,"10":1,"11":1,"12":1,"13":2,"14":1,"15":1,"16":1},"f":{"0":6,"1":6,"2":2,"3":1,"4":1,"5":2,"6":1},"b":{"0":[1]}}
,"/Users/zhuwenlong/Desktop/ai-study/two-join/server-nest/src/common/redis/redis.service.ts": {"path":"/Users/zhuwenlong/Desktop/ai-study/two-join/server-nest/src/common/redis/redis.service.ts","statementMap":{"0":{"start":{"line":1,"column":0},"end":{"line":1,"column":52}},"1":{"start":{"line":2,"column":0},"end":{"line":2,"column":28}},"2":{"start":{"line":5,"column":25},"end":{"line":148,"column":null}},"3":{"start":{"line":6,"column":19},"end":{"line":6,"column":58}},"4":{"start":{"line":12,"column":4},"end":{"line":21,"column":7}},"5":{"start":{"line":18,"column":22},"end":{"line":18,"column":48}},"6":{"start":{"line":19,"column":8},"end":{"line":19,"column":21}},"7":{"start":{"line":23,"column":4},"end":{"line":25,"column":7}},"8":{"start":{"line":24,"column":6},"end":{"line":24,"column":41}},"9":{"start":{"line":27,"column":4},"end":{"line":29,"column":7}},"10":{"start":{"line":28,"column":6},"end":{"line":28,"column":41}},"11":{"start":{"line":33,"column":4},"end":{"line":33,"column":23}},"12":{"start":{"line":37,"column":4},"end":{"line":41,"column":5}},"13":{"start":{"line":38,"column":6},"end":{"line":38,"column":47}},"14":{"start":{"line":40,"column":6},"end":{"line":40,"column":40}},"15":{"start":{"line":45,"column":4},"end":{"line":45,"column":32}},"16":{"start":{"line":49,"column":4},"end":{"line":49,"column":32}},"17":{"start":{"line":53,"column":17},"end":{"line":53,"column":48}},"18":{"start":{"line":54,"column":4},"end":{"line":54,"column":36}},"19":{"start":{"line":54,"column":27},"end":{"line":54,"column":36}},"20":{"start":{"line":55,"column":4},"end":{"line":55,"column":36}},"21":{"start":{"line":59,"column":4},"end":{"line":59,"column":35}},"22":{"start":{"line":63,"column":4},"end":{"line":63,"column":40}},"23":{"start":{"line":67,"column":4},"end":{"line":67,"column":33}},"24":{"start":{"line":71,"column":4},"end":{"line":71,"column":33}},"25":{"start":{"line":75,"column":4},"end":{"line":75,"column":42}},"26":{"start":{"line":79,"column":4},"end":{"line":79,"column":42}},"27":{"start":{"line":83,"column":4},"end":{"line":83,"column":47}},"28":{"start":{"line":87,"column":4},"end":{"line":87,"column":40}},"29":{"start":{"line":91,"column":4},"end":{"line":91,"column":36}},"30":{"start":{"line":95,"column":4},"end":{"line":95,"column":40}},"31":{"start":{"line":99,"column":4},"end":{"line":99,"column":48}},"32":{"start":{"line":103,"column":4},"end":{"line":103,"column":47}},"33":{"start":{"line":107,"column":4},"end":{"line":107,"column":50}},"34":{"start":{"line":111,"column":19},"end":{"line":111,"column":56}},"35":{"start":{"line":112,"column":4},"end":{"line":112,"column":55}},"36":{"start":{"line":116,"column":4},"end":{"line":116,"column":41}},"37":{"start":{"line":120,"column":4},"end":{"line":120,"column":45}},"38":{"start":{"line":124,"column":4},"end":{"line":124,"column":45}},"39":{"start":{"line":128,"column":4},"end":{"line":128,"column":37}},"40":{"start":{"line":132,"column":4},"end":{"line":132,"column":46}},"41":{"start":{"line":136,"column":4},"end":{"line":136,"column":52}},"42":{"start":{"line":140,"column":18},"end":{"line":140,"column":37}},"43":{"start":{"line":141,"column":4},"end":{"line":141,"column":28}},"44":{"start":{"line":141,"column":16},"end":{"line":141,"column":28}},"45":{"start":{"line":142,"column":4},"end":{"line":146,"column":5}},"46":{"start":{"line":143,"column":6},"end":{"line":143,"column":31}},"47":{"start":{"line":145,"column":6},"end":{"line":145,"column":18}},"48":{"start":{"line":5,"column":13},"end":{"line":5,"column":25}},"49":{"start":{"line":5,"column":13},"end":{"line":148,"column":null}}},"fnMap":{"0":{"name":"(anonymous_2)","decl":{"start":{"line":9,"column":2},"end":{"line":9,"column":17}},"loc":{"start":{"line":9,"column":2},"end":{"line":9,"column":18}}},"1":{"name":"(anonymous_3)","decl":{"start":{"line":11,"column":2},"end":{"line":11,"column":9}},"loc":{"start":{"line":11,"column":68},"end":{"line":30,"column":3}}},"2":{"name":"(anonymous_4)","decl":{"start":{"line":17,"column":21},"end":{"line":17,"column":22}},"loc":{"start":{"line":17,"column":31},"end":{"line":20,"column":7}}},"3":{"name":"(anonymous_5)","decl":{"start":{"line":23,"column":28},"end":{"line":23,"column":29}},"loc":{"start":{"line":23,"column":36},"end":{"line":25,"column":5}}},"4":{"name":"(anonymous_6)","decl":{"start":{"line":27,"column":30},"end":{"line":27,"column":33}},"loc":{"start":{"line":27,"column":35},"end":{"line":29,"column":5}}},"5":{"name":"(anonymous_7)","decl":{"start":{"line":32,"column":2},"end":{"line":32,"column":11}},"loc":{"start":{"line":32,"column":11},"end":{"line":34,"column":3}}},"6":{"name":"(anonymous_8)","decl":{"start":{"line":36,"column":2},"end":{"line":36,"column":7}},"loc":{"start":{"line":36,"column":61},"end":{"line":42,"column":3}}},"7":{"name":"(anonymous_9)","decl":{"start":{"line":44,"column":2},"end":{"line":44,"column":7}},"loc":{"start":{"line":44,"column":23},"end":{"line":46,"column":3}}},"8":{"name":"(anonymous_10)","decl":{"start":{"line":48,"column":2},"end":{"line":48,"column":7}},"loc":{"start":{"line":48,"column":23},"end":{"line":50,"column":3}}},"9":{"name":"(anonymous_11)","decl":{"start":{"line":52,"column":2},"end":{"line":52,"column":7}},"loc":{"start":{"line":52,"column":34},"end":{"line":56,"column":3}}},"10":{"name":"(anonymous_12)","decl":{"start":{"line":58,"column":2},"end":{"line":58,"column":7}},"loc":{"start":{"line":58,"column":26},"end":{"line":60,"column":3}}},"11":{"name":"(anonymous_13)","decl":{"start":{"line":62,"column":2},"end":{"line":62,"column":7}},"loc":{"start":{"line":62,"column":39},"end":{"line":64,"column":3}}},"12":{"name":"(anonymous_14)","decl":{"start":{"line":66,"column":2},"end":{"line":66,"column":7}},"loc":{"start":{"line":66,"column":24},"end":{"line":68,"column":3}}},"13":{"name":"(anonymous_15)","decl":{"start":{"line":70,"column":2},"end":{"line":70,"column":7}},"loc":{"start":{"line":70,"column":24},"end":{"line":72,"column":3}}},"14":{"name":"(anonymous_16)","decl":{"start":{"line":74,"column":2},"end":{"line":74,"column":7}},"loc":{"start":{"line":74,"column":41},"end":{"line":76,"column":3}}},"15":{"name":"(anonymous_17)","decl":{"start":{"line":78,"column":2},"end":{"line":78,"column":7}},"loc":{"start":{"line":78,"column":41},"end":{"line":80,"column":3}}},"16":{"name":"(anonymous_18)","decl":{"start":{"line":82,"column":2},"end":{"line":82,"column":7}},"loc":{"start":{"line":82,"column":54},"end":{"line":84,"column":3}}},"17":{"name":"(anonymous_19)","decl":{"start":{"line":86,"column":2},"end":{"line":86,"column":7}},"loc":{"start":{"line":86,"column":39},"end":{"line":88,"column":3}}},"18":{"name":"(anonymous_20)","decl":{"start":{"line":90,"column":2},"end":{"line":90,"column":7}},"loc":{"start":{"line":90,"column":27},"end":{"line":92,"column":3}}},"19":{"name":"(anonymous_21)","decl":{"start":{"line":94,"column":2},"end":{"line":94,"column":7}},"loc":{"start":{"line":94,"column":39},"end":{"line":96,"column":3}}},"20":{"name":"(anonymous_22)","decl":{"start":{"line":98,"column":2},"end":{"line":98,"column":7}},"loc":{"start":{"line":98,"column":55},"end":{"line":100,"column":3}}},"21":{"name":"(anonymous_23)","decl":{"start":{"line":102,"column":2},"end":{"line":102,"column":7}},"loc":{"start":{"line":102,"column":54},"end":{"line":104,"column":3}}},"22":{"name":"(anonymous_24)","decl":{"start":{"line":106,"column":2},"end":{"line":106,"column":7}},"loc":{"start":{"line":106,"column":57},"end":{"line":108,"column":3}}},"23":{"name":"(anonymous_25)","decl":{"start":{"line":110,"column":2},"end":{"line":110,"column":7}},"loc":{"start":{"line":110,"column":42},"end":{"line":113,"column":3}}},"24":{"name":"(anonymous_26)","decl":{"start":{"line":115,"column":2},"end":{"line":115,"column":7}},"loc":{"start":{"line":115,"column":40},"end":{"line":117,"column":3}}},"25":{"name":"(anonymous_27)","decl":{"start":{"line":119,"column":2},"end":{"line":119,"column":7}},"loc":{"start":{"line":119,"column":46},"end":{"line":121,"column":3}}},"26":{"name":"(anonymous_28)","decl":{"start":{"line":123,"column":2},"end":{"line":123,"column":7}},"loc":{"start":{"line":123,"column":46},"end":{"line":125,"column":3}}},"27":{"name":"(anonymous_29)","decl":{"start":{"line":127,"column":2},"end":{"line":127,"column":7}},"loc":{"start":{"line":127,"column":28},"end":{"line":129,"column":3}}},"28":{"name":"(anonymous_30)","decl":{"start":{"line":131,"column":2},"end":{"line":131,"column":7}},"loc":{"start":{"line":131,"column":45},"end":{"line":133,"column":3}}},"29":{"name":"(anonymous_31)","decl":{"start":{"line":135,"column":2},"end":{"line":135,"column":7}},"loc":{"start":{"line":135,"column":53},"end":{"line":137,"column":3}}},"30":{"name":"(anonymous_32)","decl":{"start":{"line":139,"column":2},"end":{"line":139,"column":7}},"loc":{"start":{"line":139,"column":36},"end":{"line":147,"column":3}}}},"branchMap":{"0":{"loc":{"start":{"line":37,"column":4},"end":{"line":41,"column":5}},"type":"if","locations":[{"start":{"line":37,"column":4},"end":{"line":41,"column":5}},{"start":{"line":39,"column":11},"end":{"line":41,"column":5}}]},"1":{"loc":{"start":{"line":54,"column":4},"end":{"line":54,"column":36}},"type":"if","locations":[{"start":{"line":54,"column":4},"end":{"line":54,"column":36}}]},"2":{"loc":{"start":{"line":112,"column":11},"end":{"line":112,"column":54}},"type":"cond-expr","locations":[{"start":{"line":112,"column":29},"end":{"line":112,"column":47}},{"start":{"line":112,"column":50},"end":{"line":112,"column":54}}]},"3":{"loc":{"start":{"line":141,"column":4},"end":{"line":141,"column":28}},"type":"if","locations":[{"start":{"line":141,"column":4},"end":{"line":141,"column":28}}]}},"s":{"0":13,"1":13,"2":13,"3":59,"4":8,"5":4,"6":4,"7":8,"8":1,"9":8,"10":1,"11":2,"12":9,"13":2,"14":7,"15":6,"16":2,"17":2,"18":2,"19":1,"20":1,"21":2,"22":2,"23":1,"24":1,"25":1,"26":1,"27":1,"28":2,"29":2,"30":2,"31":1,"32":2,"33":1,"34":2,"35":2,"36":2,"37":2,"38":2,"39":2,"40":2,"41":3,"42":4,"43":4,"44":1,"45":3,"46":3,"47":1,"48":13,"49":13},"f":{"0":59,"1":8,"2":4,"3":1,"4":1,"5":2,"6":9,"7":6,"8":2,"9":2,"10":2,"11":2,"12":1,"13":1,"14":1,"15":1,"16":1,"17":2,"18":2,"19":2,"20":1,"21":2,"22":1,"23":2,"24":2,"25":2,"26":2,"27":2,"28":2,"29":3,"30":4},"b":{"0":[2,7],"1":[1],"2":[1,1],"3":[1]}}
,"/Users/zhuwenlong/Desktop/ai-study/two-join/server-nest/src/common/utils/password.util.ts": {"path":"/Users/zhuwenlong/Desktop/ai-study/two-join/server-nest/src/common/utils/password.util.ts","statementMap":{"0":{"start":{"line":1,"column":0},"end":{"line":1,"column":33}},"1":{"start":{"line":24,"column":4},"end":{"line":41,"column":7}},"2":{"start":{"line":26,"column":19},"end":{"line":26,"column":71}},"3":{"start":{"line":29,"column":6},"end":{"line":40,"column":8}},"4":{"start":{"line":36,"column":10},"end":{"line":36,"column":31}},"5":{"start":{"line":36,"column":19},"end":{"line":36,"column":31}},"6":{"start":{"line":38,"column":10},"end":{"line":38,"column":59}},"7":{"start":{"line":54,"column":4},"end":{"line":75,"column":7}},"8":{"start":{"line":56,"column":27},"end":{"line":56,"column":52}},"9":{"start":{"line":58,"column":6},"end":{"line":60,"column":7}},"10":{"start":{"line":59,"column":8},"end":{"line":59,"column":30}},"11":{"start":{"line":63,"column":6},"end":{"line":74,"column":8}},"12":{"start":{"line":70,"column":10},"end":{"line":70,"column":31}},"13":{"start":{"line":70,"column":19},"end":{"line":70,"column":31}},"14":{"start":{"line":72,"column":10},"end":{"line":72,"column":55}},"15":{"start":{"line":84,"column":17},"end":{"line":84,"column":69}},"16":{"start":{"line":85,"column":17},"end":{"line":93,"column":22}},"17":{"start":{"line":94,"column":4},"end":{"line":94,"column":29}},"18":{"start":{"line":104,"column":25},"end":{"line":104,"column":50}},"19":{"start":{"line":106,"column":4},"end":{"line":108,"column":5}},"20":{"start":{"line":107,"column":6},"end":{"line":107,"column":19}},"21":{"start":{"line":110,"column":23},"end":{"line":118,"column":22}},"22":{"start":{"line":120,"column":4},"end":{"line":120,"column":31}},"23":{"start":{"line":8,"column":0},"end":{"line":8,"column":13}},"24":{"start":{"line":10,"column":26},"end":{"line":10,"column":45}},"25":{"start":{"line":12,"column":26},"end":{"line":12,"column":42}},"26":{"start":{"line":14,"column":26},"end":{"line":14,"column":44}},"27":{"start":{"line":16,"column":26},"end":{"line":16,"column":43}}},"fnMap":{"0":{"name":"(anonymous_0)","decl":{"start":{"line":23,"column":2},"end":{"line":23,"column":8}},"loc":{"start":{"line":23,"column":36},"end":{"line":42,"column":3}}},"1":{"name":"(anonymous_1)","decl":{"start":{"line":24,"column":23},"end":{"line":24,"column":24}},"loc":{"start":{"line":24,"column":43},"end":{"line":41,"column":5}}},"2":{"name":"(anonymous_2)","decl":{"start":{"line":35,"column":8},"end":{"line":35,"column":9}},"loc":{"start":{"line":35,"column":28},"end":{"line":39,"column":9}}},"3":{"name":"(anonymous_3)","decl":{"start":{"line":50,"column":2},"end":{"line":50,"column":8}},"loc":{"start":{"line":52,"column":26},"end":{"line":76,"column":3}}},"4":{"name":"(anonymous_4)","decl":{"start":{"line":54,"column":23},"end":{"line":54,"column":24}},"loc":{"start":{"line":54,"column":43},"end":{"line":75,"column":5}}},"5":{"name":"(anonymous_5)","decl":{"start":{"line":69,"column":8},"end":{"line":69,"column":9}},"loc":{"start":{"line":69,"column":28},"end":{"line":73,"column":9}}},"6":{"name":"(anonymous_6)","decl":{"start":{"line":83,"column":2},"end":{"line":83,"column":8}},"loc":{"start":{"line":83,"column":34},"end":{"line":95,"column":3}}},"7":{"name":"(anonymous_7)","decl":{"start":{"line":103,"column":2},"end":{"line":103,"column":8}},"loc":{"start":{"line":103,"column":61},"end":{"line":121,"column":3}}}},"branchMap":{"0":{"loc":{"start":{"line":36,"column":10},"end":{"line":36,"column":31}},"type":"if","locations":[{"start":{"line":36,"column":10},"end":{"line":36,"column":31}}]},"1":{"loc":{"start":{"line":58,"column":6},"end":{"line":60,"column":7}},"type":"if","locations":[{"start":{"line":58,"column":6},"end":{"line":60,"column":7}}]},"2":{"loc":{"start":{"line":58,"column":10},"end":{"line":58,"column":24}},"type":"binary-expr","locations":[{"start":{"line":58,"column":10},"end":{"line":58,"column":15}},{"start":{"line":58,"column":19},"end":{"line":58,"column":24}}]},"3":{"loc":{"start":{"line":70,"column":10},"end":{"line":70,"column":31}},"type":"if","locations":[{"start":{"line":70,"column":10},"end":{"line":70,"column":31}}]},"4":{"loc":{"start":{"line":106,"column":4},"end":{"line":108,"column":5}},"type":"if","locations":[{"start":{"line":106,"column":4},"end":{"line":108,"column":5}}]},"5":{"loc":{"start":{"line":106,"column":8},"end":{"line":106,"column":22}},"type":"binary-expr","locations":[{"start":{"line":106,"column":8},"end":{"line":106,"column":13}},{"start":{"line":106,"column":17},"end":{"line":106,"column":22}}]}},"s":{"0":17,"1":14,"2":14,"3":14,"4":14,"5":0,"6":14,"7":13,"8":13,"9":13,"10":2,"11":11,"12":11,"13":0,"14":11,"15":6,"16":6,"17":6,"18":3,"19":3,"20":1,"21":2,"22":2,"23":17,"24":17,"25":17,"26":17,"27":17},"f":{"0":14,"1":14,"2":14,"3":13,"4":13,"5":11,"6":6,"7":3},"b":{"0":[0],"1":[2],"2":[13,13],"3":[0],"4":[1],"5":[3,3]}}
,"/Users/zhuwenlong/Desktop/ai-study/two-join/server-nest/src/health/health.controller.ts": {"path":"/Users/zhuwenlong/Desktop/ai-study/two-join/server-nest/src/health/health.controller.ts","statementMap":{"0":{"start":{"line":1,"column":0},"end":{"line":1,"column":49}},"1":{"start":{"line":4,"column":7},"end":{"line":13,"column":null}},"2":{"start":{"line":7,"column":4},"end":{"line":11,"column":6}},"3":{"start":{"line":4,"column":13},"end":{"line":4,"column":29}},"4":{"start":{"line":6,"column":2},"end":{"line":12,"column":null}},"5":{"start":{"line":4,"column":13},"end":{"line":13,"column":null}}},"fnMap":{"0":{"name":"(anonymous_2)","decl":{"start":{"line":6,"column":2},"end":{"line":6,"column":7}},"loc":{"start":{"line":6,"column":7},"end":{"line":12,"column":3}}}},"branchMap":{},"s":{"0":1,"1":1,"2":3,"3":1,"4":1,"5":1},"f":{"0":3},"b":{}}
,"/Users/zhuwenlong/Desktop/ai-study/two-join/server-nest/src/modules/admin/admin.controller.ts": {"path":"/Users/zhuwenlong/Desktop/ai-study/two-join/server-nest/src/modules/admin/admin.controller.ts","statementMap":{"0":{"start":{"line":1,"column":0},"end":{"line":1,"column":null}},"1":{"start":{"line":13,"column":0},"end":{"line":13,"column":71}},"2":{"start":{"line":14,"column":0},"end":{"line":14,"column":47}},"3":{"start":{"line":15,"column":0},"end":{"line":15,"column":66}},"4":{"start":{"line":16,"column":0},"end":{"line":16,"column":66}},"5":{"start":{"line":17,"column":0},"end":{"line":17,"column":61}},"6":{"start":{"line":23,"column":7},"end":{"line":158,"column":null}},"7":{"start":{"line":24,"column":22},"end":{"line":24,"column":36}},"8":{"start":{"line":30,"column":4},"end":{"line":30,"column":49}},"9":{"start":{"line":37,"column":4},"end":{"line":37,"column":40}},"10":{"start":{"line":44,"column":4},"end":{"line":44,"column":42}},"11":{"start":{"line":55,"column":4},"end":{"line":55,"column":71}},"12":{"start":{"line":65,"column":4},"end":{"line":65,"column":66}},"13":{"start":{"line":74,"column":4},"end":{"line":74,"column":62}},"14":{"start":{"line":84,"column":4},"end":{"line":84,"column":71}},"15":{"start":{"line":94,"column":4},"end":{"line":94,"column":75}},"16":{"start":{"line":105,"column":4},"end":{"line":105,"column":71}},"17":{"start":{"line":115,"column":4},"end":{"line":115,"column":66}},"18":{"start":{"line":125,"column":4},"end":{"line":125,"column":64}},"19":{"start":{"line":135,"column":4},"end":{"line":135,"column":68}},"20":{"start":{"line":141,"column":4},"end":{"line":141,"column":41}},"21":{"start":{"line":147,"column":4},"end":{"line":147,"column":50}},"22":{"start":{"line":156,"column":4},"end":{"line":156,"column":63}},"23":{"start":{"line":23,"column":13},"end":{"line":23,"column":28}},"24":{"start":{"line":29,"column":8},"end":{"line":31,"column":null}},"25":{"start":{"line":36,"column":8},"end":{"line":38,"column":null}},"26":{"start":{"line":43,"column":8},"end":{"line":45,"column":null}},"27":{"start":{"line":49,"column":8},"end":{"line":56,"column":null}},"28":{"start":{"line":60,"column":8},"end":{"line":66,"column":null}},"29":{"start":{"line":70,"column":8},"end":{"line":75,"column":null}},"30":{"start":{"line":79,"column":8},"end":{"line":85,"column":null}},"31":{"start":{"line":89,"column":8},"end":{"line":95,"column":null}},"32":{"start":{"line":99,"column":8},"end":{"line":106,"column":null}},"33":{"start":{"line":110,"column":8},"end":{"line":116,"column":null}},"34":{"start":{"line":120,"column":8},"end":{"line":126,"column":null}},"35":{"start":{"line":130,"column":8},"end":{"line":136,"column":null}},"36":{"start":{"line":140,"column":8},"end":{"line":142,"column":null}},"37":{"start":{"line":146,"column":8},"end":{"line":148,"column":null}},"38":{"start":{"line":152,"column":8},"end":{"line":157,"column":null}},"39":{"start":{"line":23,"column":13},"end":{"line":158,"column":null}}},"fnMap":{"0":{"name":"(anonymous_4)","decl":{"start":{"line":24,"column":2},"end":{"line":24,"column":22}},"loc":{"start":{"line":24,"column":48},"end":{"line":24,"column":52}}},"1":{"name":"(anonymous_5)","decl":{"start":{"line":29,"column":2},"end":{"line":29,"column":7}},"loc":{"start":{"line":29,"column":40},"end":{"line":31,"column":3}}},"2":{"name":"(anonymous_6)","decl":{"start":{"line":36,"column":2},"end":{"line":36,"column":7}},"loc":{"start":{"line":36,"column":40},"end":{"line":38,"column":3}}},"3":{"name":"(anonymous_7)","decl":{"start":{"line":43,"column":2},"end":{"line":43,"column":7}},"loc":{"start":{"line":43,"column":42},"end":{"line":45,"column":3}}},"4":{"name":"(anonymous_8)","decl":{"start":{"line":49,"column":2},"end":{"line":49,"column":7}},"loc":{"start":{"line":53,"column":36},"end":{"line":56,"column":3}}},"5":{"name":"(anonymous_9)","decl":{"start":{"line":60,"column":2},"end":{"line":60,"column":7}},"loc":{"start":{"line":63,"column":34},"end":{"line":66,"column":3}}},"6":{"name":"(anonymous_10)","decl":{"start":{"line":70,"column":2},"end":{"line":70,"column":7}},"loc":{"start":{"line":72,"column":34},"end":{"line":75,"column":3}}},"7":{"name":"(anonymous_11)","decl":{"start":{"line":79,"column":2},"end":{"line":79,"column":7}},"loc":{"start":{"line":82,"column":36},"end":{"line":85,"column":3}}},"8":{"name":"(anonymous_12)","decl":{"start":{"line":89,"column":2},"end":{"line":89,"column":7}},"loc":{"start":{"line":92,"column":47},"end":{"line":95,"column":3}}},"9":{"name":"(anonymous_13)","decl":{"start":{"line":99,"column":2},"end":{"line":99,"column":7}},"loc":{"start":{"line":103,"column":38},"end":{"line":106,"column":3}}},"10":{"name":"(anonymous_14)","decl":{"start":{"line":110,"column":2},"end":{"line":110,"column":7}},"loc":{"start":{"line":113,"column":47},"end":{"line":116,"column":3}}},"11":{"name":"(anonymous_15)","decl":{"start":{"line":120,"column":2},"end":{"line":120,"column":7}},"loc":{"start":{"line":123,"column":36},"end":{"line":126,"column":3}}},"12":{"name":"(anonymous_16)","decl":{"start":{"line":130,"column":2},"end":{"line":130,"column":7}},"loc":{"start":{"line":133,"column":47},"end":{"line":136,"column":3}}},"13":{"name":"(anonymous_17)","decl":{"start":{"line":140,"column":2},"end":{"line":140,"column":7}},"loc":{"start":{"line":140,"column":17},"end":{"line":142,"column":3}}},"14":{"name":"(anonymous_18)","decl":{"start":{"line":146,"column":2},"end":{"line":146,"column":7}},"loc":{"start":{"line":146,"column":56},"end":{"line":148,"column":3}}},"15":{"name":"(anonymous_19)","decl":{"start":{"line":152,"column":2},"end":{"line":152,"column":7}},"loc":{"start":{"line":154,"column":38},"end":{"line":157,"column":3}}}},"branchMap":{"0":{"loc":{"start":{"line":50,"column":33},"end":{"line":50,"column":49}},"type":"default-arg","locations":[{"start":{"line":50,"column":48},"end":{"line":50,"column":49}}]},"1":{"loc":{"start":{"line":51,"column":37},"end":{"line":51,"column":58}},"type":"default-arg","locations":[{"start":{"line":51,"column":56},"end":{"line":51,"column":58}}]},"2":{"loc":{"start":{"line":80,"column":33},"end":{"line":80,"column":49}},"type":"default-arg","locations":[{"start":{"line":80,"column":48},"end":{"line":80,"column":49}}]},"3":{"loc":{"start":{"line":81,"column":37},"end":{"line":81,"column":58}},"type":"default-arg","locations":[{"start":{"line":81,"column":56},"end":{"line":81,"column":58}}]},"4":{"loc":{"start":{"line":100,"column":33},"end":{"line":100,"column":49}},"type":"default-arg","locations":[{"start":{"line":100,"column":48},"end":{"line":100,"column":49}}]},"5":{"loc":{"start":{"line":101,"column":37},"end":{"line":101,"column":58}},"type":"default-arg","locations":[{"start":{"line":101,"column":56},"end":{"line":101,"column":58}}]},"6":{"loc":{"start":{"line":121,"column":33},"end":{"line":121,"column":49}},"type":"default-arg","locations":[{"start":{"line":121,"column":48},"end":{"line":121,"column":49}}]},"7":{"loc":{"start":{"line":122,"column":37},"end":{"line":122,"column":58}},"type":"default-arg","locations":[{"start":{"line":122,"column":56},"end":{"line":122,"column":58}}]}},"s":{"0":1,"1":1,"2":1,"3":1,"4":1,"5":1,"6":1,"7":23,"8":1,"9":1,"10":1,"11":2,"12":1,"13":1,"14":2,"15":2,"16":2,"17":2,"18":2,"19":2,"20":1,"21":1,"22":2,"23":1,"24":1,"25":1,"26":1,"27":1,"28":1,"29":1,"30":1,"31":1,"32":1,"33":1,"34":1,"35":1,"36":1,"37":1,"38":1,"39":1},"f":{"0":23,"1":1,"2":1,"3":1,"4":2,"5":1,"6":1,"7":2,"8":2,"9":2,"10":2,"11":2,"12":2,"13":1,"14":1,"15":2},"b":{"0":[0],"1":[0],"2":[0],"3":[0],"4":[0],"5":[0],"6":[0],"7":[0]}}
,"/Users/zhuwenlong/Desktop/ai-study/two-join/server-nest/src/modules/admin/admin.service.ts": {"path":"/Users/zhuwenlong/Desktop/ai-study/two-join/server-nest/src/modules/admin/admin.service.ts","statementMap":{"0":{"start":{"line":1,"column":0},"end":{"line":1,"column":null}},"1":{"start":{"line":7,"column":0},"end":{"line":7,"column":51}},"2":{"start":{"line":8,"column":0},"end":{"line":8,"column":37}},"3":{"start":{"line":9,"column":0},"end":{"line":9,"column":41}},"4":{"start":{"line":10,"column":0},"end":{"line":10,"column":47}},"5":{"start":{"line":11,"column":0},"end":{"line":11,"column":51}},"6":{"start":{"line":12,"column":0},"end":{"line":12,"column":57}},"7":{"start":{"line":13,"column":0},"end":{"line":13,"column":57}},"8":{"start":{"line":14,"column":0},"end":{"line":14,"column":78}},"9":{"start":{"line":15,"column":0},"end":{"line":15,"column":77}},"10":{"start":{"line":16,"column":0},"end":{"line":16,"column":59}},"11":{"start":{"line":17,"column":0},"end":{"line":17,"column":52}},"12":{"start":{"line":18,"column":0},"end":{"line":18,"column":79}},"13":{"start":{"line":19,"column":0},"end":{"line":19,"column":62}},"14":{"start":{"line":20,"column":0},"end":{"line":20,"column":60}},"15":{"start":{"line":21,"column":0},"end":{"line":21,"column":null}},"16":{"start":{"line":28,"column":0},"end":{"line":28,"column":59}},"17":{"start":{"line":38,"column":25},"end":{"line":388,"column":null}},"18":{"start":{"line":43,"column":12},"end":{"line":43,"column":28}},"19":{"start":{"line":45,"column":12},"end":{"line":45,"column":37}},"20":{"start":{"line":47,"column":12},"end":{"line":47,"column":30}},"21":{"start":{"line":49,"column":12},"end":{"line":49,"column":28}},"22":{"start":{"line":50,"column":12},"end":{"line":50,"column":25}},"23":{"start":{"line":51,"column":12},"end":{"line":51,"column":27}},"24":{"start":{"line":52,"column":12},"end":{"line":52,"column":27}},"25":{"start":{"line":53,"column":12},"end":{"line":53,"column":34}},"26":{"start":{"line":54,"column":12},"end":{"line":54,"column":33}},"27":{"start":{"line":55,"column":12},"end":{"line":55,"column":24}},"28":{"start":{"line":56,"column":12},"end":{"line":56,"column":27}},"29":{"start":{"line":57,"column":12},"end":{"line":57,"column":26}},"30":{"start":{"line":39,"column":19},"end":{"line":39,"column":58}},"31":{"start":{"line":61,"column":20},"end":{"line":61,"column":46}},"32":{"start":{"line":62,"column":17},"end":{"line":62,"column":53}},"33":{"start":{"line":63,"column":4},"end":{"line":65,"column":5}},"34":{"start":{"line":64,"column":6},"end":{"line":64,"column":54}},"35":{"start":{"line":67,"column":17},"end":{"line":67,"column":71}},"36":{"start":{"line":68,"column":16},"end":{"line":68,"column":42}},"37":{"start":{"line":70,"column":4},"end":{"line":70,"column":79}},"38":{"start":{"line":71,"column":4},"end":{"line":71,"column":50}},"39":{"start":{"line":73,"column":4},"end":{"line":73,"column":39}},"40":{"start":{"line":75,"column":4},"end":{"line":75,"column":33}},"41":{"start":{"line":79,"column":22},"end":{"line":79,"column":57}},"42":{"start":{"line":81,"column":4},"end":{"line":83,"column":5}},"43":{"start":{"line":82,"column":6},"end":{"line":82,"column":52}},"44":{"start":{"line":85,"column":4},"end":{"line":85,"column":59}},"45":{"start":{"line":89,"column":4},"end":{"line":91,"column":5}},"46":{"start":{"line":90,"column":6},"end":{"line":90,"column":48}},"47":{"start":{"line":93,"column":26},"end":{"line":93,"column":77}},"48":{"start":{"line":94,"column":26},"end":{"line":94,"column":80}},"49":{"start":{"line":96,"column":4},"end":{"line":98,"column":5}},"50":{"start":{"line":97,"column":6},"end":{"line":97,"column":48}},"51":{"start":{"line":100,"column":4},"end":{"line":102,"column":5}},"52":{"start":{"line":101,"column":6},"end":{"line":101,"column":46}},"53":{"start":{"line":104,"column":4},"end":{"line":109,"column":7}},"54":{"start":{"line":113,"column":4},"end":{"line":115,"column":5}},"55":{"start":{"line":114,"column":6},"end":{"line":114,"column":49}},"56":{"start":{"line":117,"column":16},"end":{"line":117,"column":42}},"57":{"start":{"line":118,"column":19},"end":{"line":118,"column":73}},"58":{"start":{"line":119,"column":4},"end":{"line":121,"column":5}},"59":{"start":{"line":120,"column":6},"end":{"line":120,"column":48}},"60":{"start":{"line":122,"column":4},"end":{"line":124,"column":5}},"61":{"start":{"line":123,"column":6},"end":{"line":123,"column":47}},"62":{"start":{"line":126,"column":4},"end":{"line":126,"column":37}},"63":{"start":{"line":128,"column":24},"end":{"line":128,"column":62}},"64":{"start":{"line":129,"column":19},"end":{"line":129,"column":44}},"65":{"start":{"line":130,"column":18},"end":{"line":130,"column":62}},"66":{"start":{"line":130,"column":42},"end":{"line":130,"column":61}},"67":{"start":{"line":132,"column":4},"end":{"line":134,"column":5}},"68":{"start":{"line":133,"column":6},"end":{"line":133,"column":52}},"69":{"start":{"line":136,"column":4},"end":{"line":141,"column":7}},"70":{"start":{"line":145,"column":20},"end":{"line":151,"column":6}},"71":{"start":{"line":153,"column":18},"end":{"line":153,"column":47}},"72":{"start":{"line":155,"column":4},"end":{"line":163,"column":6}},"73":{"start":{"line":167,"column":4},"end":{"line":167,"column":27}},"74":{"start":{"line":176,"column":25},"end":{"line":178,"column":38}},"75":{"start":{"line":180,"column":4},"end":{"line":185,"column":5}},"76":{"start":{"line":181,"column":6},"end":{"line":184,"column":8}},"77":{"start":{"line":187,"column":4},"end":{"line":189,"column":5}},"78":{"start":{"line":188,"column":6},"end":{"line":188,"column":65}},"79":{"start":{"line":191,"column":26},"end":{"line":194,"column":24}},"80":{"start":{"line":196,"column":4},"end":{"line":204,"column":6}},"81":{"start":{"line":197,"column":29},"end":{"line":200,"column":8}},"82":{"start":{"line":208,"column":4},"end":{"line":214,"column":6}},"83":{"start":{"line":215,"column":4},"end":{"line":215,"column":33}},"84":{"start":{"line":219,"column":17},"end":{"line":219,"column":56}},"85":{"start":{"line":220,"column":4},"end":{"line":220,"column":25}},"86":{"start":{"line":221,"column":4},"end":{"line":221,"column":41}},"87":{"start":{"line":222,"column":4},"end":{"line":222,"column":33}},"88":{"start":{"line":230,"column":25},"end":{"line":232,"column":45}},"89":{"start":{"line":234,"column":4},"end":{"line":236,"column":5}},"90":{"start":{"line":235,"column":6},"end":{"line":235,"column":65}},"91":{"start":{"line":238,"column":4},"end":{"line":238,"column":51}},"92":{"start":{"line":240,"column":26},"end":{"line":243,"column":24}},"93":{"start":{"line":245,"column":4},"end":{"line":245,"column":43}},"94":{"start":{"line":249,"column":4},"end":{"line":257,"column":5}},"95":{"start":{"line":250,"column":6},"end":{"line":250,"column":53}},"96":{"start":{"line":252,"column":6},"end":{"line":256,"column":8}},"97":{"start":{"line":258,"column":4},"end":{"line":258,"column":31}},"98":{"start":{"line":267,"column":25},"end":{"line":269,"column":45}},"99":{"start":{"line":271,"column":4},"end":{"line":273,"column":5}},"100":{"start":{"line":272,"column":6},"end":{"line":272,"column":65}},"101":{"start":{"line":275,"column":4},"end":{"line":279,"column":5}},"102":{"start":{"line":276,"column":6},"end":{"line":278,"column":9}},"103":{"start":{"line":281,"column":4},"end":{"line":281,"column":51}},"104":{"start":{"line":283,"column":26},"end":{"line":286,"column":24}},"105":{"start":{"line":288,"column":4},"end":{"line":288,"column":43}},"106":{"start":{"line":292,"column":17},"end":{"line":292,"column":69}},"107":{"start":{"line":293,"column":4},"end":{"line":295,"column":5}},"108":{"start":{"line":294,"column":6},"end":{"line":294,"column":43}},"109":{"start":{"line":297,"column":4},"end":{"line":297,"column":39}},"110":{"start":{"line":298,"column":4},"end":{"line":298,"column":41}},"111":{"start":{"line":300,"column":4},"end":{"line":308,"column":5}},"112":{"start":{"line":301,"column":6},"end":{"line":307,"column":8}},"113":{"start":{"line":310,"column":4},"end":{"line":310,"column":31}},"114":{"start":{"line":314,"column":25},"end":{"line":317,"column":55}},"115":{"start":{"line":319,"column":4},"end":{"line":321,"column":5}},"116":{"start":{"line":320,"column":6},"end":{"line":320,"column":67}},"117":{"start":{"line":323,"column":4},"end":{"line":323,"column":53}},"118":{"start":{"line":325,"column":26},"end":{"line":328,"column":24}},"119":{"start":{"line":330,"column":4},"end":{"line":330,"column":43}},"120":{"start":{"line":334,"column":19},"end":{"line":334,"column":73}},"121":{"start":{"line":335,"column":4},"end":{"line":337,"column":5}},"122":{"start":{"line":336,"column":6},"end":{"line":336,"column":43}},"123":{"start":{"line":339,"column":4},"end":{"line":339,"column":41}},"124":{"start":{"line":340,"column":4},"end":{"line":340,"column":34}},"125":{"start":{"line":341,"column":4},"end":{"line":341,"column":25}},"126":{"start":{"line":342,"column":4},"end":{"line":342,"column":45}},"127":{"start":{"line":344,"column":4},"end":{"line":346,"column":5}},"128":{"start":{"line":345,"column":6},"end":{"line":345,"column":65}},"129":{"start":{"line":348,"column":4},"end":{"line":348,"column":31}},"130":{"start":{"line":352,"column":17},"end":{"line":352,"column":57}},"131":{"start":{"line":353,"column":43},"end":{"line":353,"column":45}},"132":{"start":{"line":354,"column":4},"end":{"line":356,"column":7}},"133":{"start":{"line":355,"column":6},"end":{"line":355,"column":48}},"134":{"start":{"line":357,"column":4},"end":{"line":357,"column":18}},"135":{"start":{"line":361,"column":20},"end":{"line":364,"column":6}},"136":{"start":{"line":362,"column":31},"end":{"line":362,"column":57}},"137":{"start":{"line":363,"column":6},"end":{"line":363,"column":63}},"138":{"start":{"line":365,"column":4},"end":{"line":365,"column":56}},"139":{"start":{"line":366,"column":4},"end":{"line":366,"column":33}},"140":{"start":{"line":370,"column":22},"end":{"line":372,"column":6}},"141":{"start":{"line":373,"column":22},"end":{"line":373,"column":55}},"142":{"start":{"line":375,"column":4},"end":{"line":386,"column":6}},"143":{"start":{"line":38,"column":13},"end":{"line":38,"column":25}},"144":{"start":{"line":38,"column":13},"end":{"line":388,"column":null}}},"fnMap":{"0":{"name":"(anonymous_4)","decl":{"start":{"line":41,"column":2},"end":{"line":41,"column":null}},"loc":{"start":{"line":57,"column":38},"end":{"line":58,"column":6}}},"1":{"name":"(anonymous_5)","decl":{"start":{"line":60,"column":2},"end":{"line":60,"column":7}},"loc":{"start":{"line":60,"column":30},"end":{"line":76,"column":3}}},"2":{"name":"(anonymous_6)","decl":{"start":{"line":78,"column":2},"end":{"line":78,"column":7}},"loc":{"start":{"line":78,"column":32},"end":{"line":86,"column":3}}},"3":{"name":"(anonymous_7)","decl":{"start":{"line":88,"column":10},"end":{"line":88,"column":15}},"loc":{"start":{"line":88,"column":67},"end":{"line":110,"column":3}}},"4":{"name":"(anonymous_8)","decl":{"start":{"line":112,"column":10},"end":{"line":112,"column":15}},"loc":{"start":{"line":112,"column":56},"end":{"line":142,"column":3}}},"5":{"name":"(anonymous_9)","decl":{"start":{"line":130,"column":30},"end":{"line":130,"column":31}},"loc":{"start":{"line":130,"column":42},"end":{"line":130,"column":61}}},"6":{"name":"(anonymous_10)","decl":{"start":{"line":144,"column":10},"end":{"line":144,"column":15}},"loc":{"start":{"line":144,"column":46},"end":{"line":164,"column":3}}},"7":{"name":"(anonymous_11)","decl":{"start":{"line":166,"column":2},"end":{"line":166,"column":7}},"loc":{"start":{"line":166,"column":34},"end":{"line":168,"column":3}}},"8":{"name":"(anonymous_12)","decl":{"start":{"line":170,"column":2},"end":{"line":170,"column":7}},"loc":{"start":{"line":174,"column":19},"end":{"line":205,"column":3}}},"9":{"name":"(anonymous_13)","decl":{"start":{"line":197,"column":21},"end":{"line":197,"column":22}},"loc":{"start":{"line":197,"column":29},"end":{"line":200,"column":8}}},"10":{"name":"(anonymous_14)","decl":{"start":{"line":207,"column":2},"end":{"line":207,"column":7}},"loc":{"start":{"line":207,"column":67},"end":{"line":216,"column":3}}},"11":{"name":"(anonymous_15)","decl":{"start":{"line":218,"column":2},"end":{"line":218,"column":7}},"loc":{"start":{"line":218,"column":59},"end":{"line":223,"column":3}}},"12":{"name":"(anonymous_16)","decl":{"start":{"line":225,"column":2},"end":{"line":225,"column":7}},"loc":{"start":{"line":228,"column":19},"end":{"line":246,"column":3}}},"13":{"name":"(anonymous_17)","decl":{"start":{"line":248,"column":2},"end":{"line":248,"column":7}},"loc":{"start":{"line":248,"column":77},"end":{"line":259,"column":3}}},"14":{"name":"(anonymous_18)","decl":{"start":{"line":261,"column":2},"end":{"line":261,"column":7}},"loc":{"start":{"line":265,"column":20},"end":{"line":289,"column":3}}},"15":{"name":"(anonymous_19)","decl":{"start":{"line":291,"column":2},"end":{"line":291,"column":7}},"loc":{"start":{"line":291,"column":69},"end":{"line":311,"column":3}}},"16":{"name":"(anonymous_20)","decl":{"start":{"line":313,"column":2},"end":{"line":313,"column":7}},"loc":{"start":{"line":313,"column":75},"end":{"line":331,"column":3}}},"17":{"name":"(anonymous_21)","decl":{"start":{"line":333,"column":2},"end":{"line":333,"column":7}},"loc":{"start":{"line":333,"column":70},"end":{"line":349,"column":3}}},"18":{"name":"(anonymous_22)","decl":{"start":{"line":351,"column":2},"end":{"line":351,"column":7}},"loc":{"start":{"line":351,"column":17},"end":{"line":358,"column":3}}},"19":{"name":"(anonymous_23)","decl":{"start":{"line":354,"column":17},"end":{"line":354,"column":18}},"loc":{"start":{"line":354,"column":26},"end":{"line":356,"column":5}}},"20":{"name":"(anonymous_24)","decl":{"start":{"line":360,"column":2},"end":{"line":360,"column":7}},"loc":{"start":{"line":360,"column":48},"end":{"line":367,"column":3}}},"21":{"name":"(anonymous_25)","decl":{"start":{"line":361,"column":47},"end":{"line":361,"column":48}},"loc":{"start":{"line":361,"column":64},"end":{"line":364,"column":5}}},"22":{"name":"(anonymous_26)","decl":{"start":{"line":369,"column":2},"end":{"line":369,"column":7}},"loc":{"start":{"line":369,"column":58},"end":{"line":387,"column":3}}}},"branchMap":{"0":{"loc":{"start":{"line":63,"column":4},"end":{"line":65,"column":5}},"type":"if","locations":[{"start":{"line":63,"column":4},"end":{"line":65,"column":5}}]},"1":{"loc":{"start":{"line":79,"column":22},"end":{"line":79,"column":57}},"type":"binary-expr","locations":[{"start":{"line":79,"column":22},"end":{"line":79,"column":35}},{"start":{"line":79,"column":39},"end":{"line":79,"column":57}}]},"2":{"loc":{"start":{"line":81,"column":4},"end":{"line":83,"column":5}},"type":"if","locations":[{"start":{"line":81,"column":4},"end":{"line":83,"column":5}}]},"3":{"loc":{"start":{"line":89,"column":4},"end":{"line":91,"column":5}},"type":"if","locations":[{"start":{"line":89,"column":4},"end":{"line":91,"column":5}}]},"4":{"loc":{"start":{"line":93,"column":26},"end":{"line":93,"column":77}},"type":"binary-expr","locations":[{"start":{"line":93,"column":26},"end":{"line":93,"column":66}},{"start":{"line":93,"column":70},"end":{"line":93,"column":77}}]},"5":{"loc":{"start":{"line":94,"column":26},"end":{"line":94,"column":80}},"type":"binary-expr","locations":[{"start":{"line":94,"column":26},"end":{"line":94,"column":66}},{"start":{"line":94,"column":70},"end":{"line":94,"column":80}}]},"6":{"loc":{"start":{"line":96,"column":4},"end":{"line":98,"column":5}},"type":"if","locations":[{"start":{"line":96,"column":4},"end":{"line":98,"column":5}}]},"7":{"loc":{"start":{"line":100,"column":4},"end":{"line":102,"column":5}},"type":"if","locations":[{"start":{"line":100,"column":4},"end":{"line":102,"column":5}}]},"8":{"loc":{"start":{"line":113,"column":4},"end":{"line":115,"column":5}},"type":"if","locations":[{"start":{"line":113,"column":4},"end":{"line":115,"column":5}}]},"9":{"loc":{"start":{"line":119,"column":4},"end":{"line":121,"column":5}},"type":"if","locations":[{"start":{"line":119,"column":4},"end":{"line":121,"column":5}}]},"10":{"loc":{"start":{"line":122,"column":4},"end":{"line":124,"column":5}},"type":"if","locations":[{"start":{"line":122,"column":4},"end":{"line":124,"column":5}}]},"11":{"loc":{"start":{"line":129,"column":19},"end":{"line":129,"column":44}},"type":"binary-expr","locations":[{"start":{"line":129,"column":19},"end":{"line":129,"column":38}},{"start":{"line":129,"column":42},"end":{"line":129,"column":44}}]},"12":{"loc":{"start":{"line":132,"column":4},"end":{"line":134,"column":5}},"type":"if","locations":[{"start":{"line":132,"column":4},"end":{"line":134,"column":5}}]},"13":{"loc":{"start":{"line":137,"column":10},"end":{"line":137,"column":23}},"type":"binary-expr","locations":[{"start":{"line":137,"column":10},"end":{"line":137,"column":18}},{"start":{"line":137,"column":22},"end":{"line":137,"column":23}}]},"14":{"loc":{"start":{"line":171,"column":4},"end":{"line":171,"column":20}},"type":"default-arg","locations":[{"start":{"line":171,"column":19},"end":{"line":171,"column":20}}]},"15":{"loc":{"start":{"line":172,"column":4},"end":{"line":172,"column":25}},"type":"default-arg","locations":[{"start":{"line":172,"column":23},"end":{"line":172,"column":25}}]},"16":{"loc":{"start":{"line":180,"column":4},"end":{"line":185,"column":5}},"type":"if","locations":[{"start":{"line":180,"column":4},"end":{"line":185,"column":5}}]},"17":{"loc":{"start":{"line":187,"column":4},"end":{"line":189,"column":5}},"type":"if","locations":[{"start":{"line":187,"column":4},"end":{"line":189,"column":5}}]},"18":{"loc":{"start":{"line":187,"column":8},"end":{"line":187,"column":46}},"type":"binary-expr","locations":[{"start":{"line":187,"column":8},"end":{"line":187,"column":28}},{"start":{"line":187,"column":32},"end":{"line":187,"column":46}}]},"19":{"loc":{"start":{"line":199,"column":16},"end":{"line":199,"column":83}},"type":"cond-expr","locations":[{"start":{"line":199,"column":27},"end":{"line":199,"column":78}},{"start":{"line":199,"column":81},"end":{"line":199,"column":83}}]},"20":{"loc":{"start":{"line":226,"column":4},"end":{"line":226,"column":20}},"type":"default-arg","locations":[{"start":{"line":226,"column":19},"end":{"line":226,"column":20}}]},"21":{"loc":{"start":{"line":227,"column":4},"end":{"line":227,"column":25}},"type":"default-arg","locations":[{"start":{"line":227,"column":23},"end":{"line":227,"column":25}}]},"22":{"loc":{"start":{"line":234,"column":4},"end":{"line":236,"column":5}},"type":"if","locations":[{"start":{"line":234,"column":4},"end":{"line":236,"column":5}}]},"23":{"loc":{"start":{"line":249,"column":4},"end":{"line":257,"column":5}},"type":"if","locations":[{"start":{"line":249,"column":4},"end":{"line":257,"column":5}},{"start":{"line":251,"column":11},"end":{"line":257,"column":5}}]},"24":{"loc":{"start":{"line":255,"column":8},"end":{"line":255,"column":31}},"type":"binary-expr","locations":[{"start":{"line":255,"column":8},"end":{"line":255,"column":20}},{"start":{"line":255,"column":24},"end":{"line":255,"column":31}}]},"25":{"loc":{"start":{"line":262,"column":4},"end":{"line":262,"column":20}},"type":"default-arg","locations":[{"start":{"line":262,"column":19},"end":{"line":262,"column":20}}]},"26":{"loc":{"start":{"line":263,"column":4},"end":{"line":263,"column":25}},"type":"default-arg","locations":[{"start":{"line":263,"column":23},"end":{"line":263,"column":25}}]},"27":{"loc":{"start":{"line":271,"column":4},"end":{"line":273,"column":5}},"type":"if","locations":[{"start":{"line":271,"column":4},"end":{"line":273,"column":5}}]},"28":{"loc":{"start":{"line":271,"column":8},"end":{"line":271,"column":46}},"type":"binary-expr","locations":[{"start":{"line":271,"column":8},"end":{"line":271,"column":28}},{"start":{"line":271,"column":32},"end":{"line":271,"column":46}}]},"29":{"loc":{"start":{"line":275,"column":4},"end":{"line":279,"column":5}},"type":"if","locations":[{"start":{"line":275,"column":4},"end":{"line":279,"column":5}}]},"30":{"loc":{"start":{"line":293,"column":4},"end":{"line":295,"column":5}},"type":"if","locations":[{"start":{"line":293,"column":4},"end":{"line":295,"column":5}}]},"31":{"loc":{"start":{"line":300,"column":4},"end":{"line":308,"column":5}},"type":"if","locations":[{"start":{"line":300,"column":4},"end":{"line":308,"column":5}}]},"32":{"loc":{"start":{"line":300,"column":8},"end":{"line":300,"column":40}},"type":"binary-expr","locations":[{"start":{"line":300,"column":8},"end":{"line":300,"column":20}},{"start":{"line":300,"column":24},"end":{"line":300,"column":40}}]},"33":{"loc":{"start":{"line":313,"column":19},"end":{"line":313,"column":35}},"type":"default-arg","locations":[{"start":{"line":313,"column":34},"end":{"line":313,"column":35}}]},"34":{"loc":{"start":{"line":313,"column":37},"end":{"line":313,"column":58}},"type":"default-arg","locations":[{"start":{"line":313,"column":56},"end":{"line":313,"column":58}}]},"35":{"loc":{"start":{"line":319,"column":4},"end":{"line":321,"column":5}},"type":"if","locations":[{"start":{"line":319,"column":4},"end":{"line":321,"column":5}}]},"36":{"loc":{"start":{"line":335,"column":4},"end":{"line":337,"column":5}},"type":"if","locations":[{"start":{"line":335,"column":4},"end":{"line":337,"column":5}}]},"37":{"loc":{"start":{"line":344,"column":4},"end":{"line":346,"column":5}},"type":"if","locations":[{"start":{"line":344,"column":4},"end":{"line":346,"column":5}}]}},"s":{"0":2,"1":2,"2":2,"3":2,"4":2,"5":2,"6":2,"7":2,"8":2,"9":2,"10":2,"11":2,"12":2,"13":2,"14":2,"15":2,"16":2,"17":2,"18":37,"19":37,"20":37,"21":37,"22":37,"23":37,"24":37,"25":37,"26":37,"27":37,"28":37,"29":37,"30":37,"31":3,"32":3,"33":3,"34":2,"35":1,"36":1,"37":1,"38":1,"39":1,"40":1,"41":16,"42":16,"43":9,"44":7,"45":7,"46":2,"47":5,"48":5,"49":5,"50":2,"51":3,"52":2,"53":1,"54":9,"55":2,"56":7,"57":7,"58":7,"59":2,"60":5,"61":2,"62":3,"63":3,"64":3,"65":3,"66":3,"67":3,"68":2,"69":1,"70":2,"71":2,"72":2,"73":0,"74":4,"75":4,"76":1,"77":4,"78":1,"79":4,"80":4,"81":4,"82":1,"83":1,"84":1,"85":1,"86":1,"87":1,"88":2,"89":2,"90":1,"91":2,"92":2,"93":2,"94":3,"95":1,"96":2,"97":3,"98":3,"99":3,"100":1,"101":3,"102":1,"103":3,"104":3,"105":3,"106":6,"107":6,"108":2,"109":4,"110":4,"111":4,"112":2,"113":4,"114":2,"115":2,"116":1,"117":2,"118":2,"119":2,"120":4,"121":4,"122":2,"123":2,"124":2,"125":2,"126":2,"127":2,"128":1,"129":2,"130":1,"131":1,"132":1,"133":2,"134":1,"135":1,"136":2,"137":2,"138":1,"139":1,"140":1,"141":1,"142":1,"143":2,"144":2},"f":{"0":37,"1":3,"2":16,"3":7,"4":9,"5":3,"6":2,"7":0,"8":4,"9":4,"10":1,"11":1,"12":2,"13":3,"14":3,"15":6,"16":2,"17":4,"18":1,"19":2,"20":1,"21":2,"22":1},"b":{"0":[2],"1":[16,0],"2":[9],"3":[2],"4":[5,0],"5":[5,0],"6":[2],"7":[2],"8":[2],"9":[2],"10":[2],"11":[3,0],"12":[2],"13":[1,0],"14":[0],"15":[0],"16":[1],"17":[1],"18":[4,1],"19":[4,0],"20":[0],"21":[0],"22":[1],"23":[1,2],"24":[2,1],"25":[0],"26":[0],"27":[1],"28":[3,1],"29":[1],"30":[2],"31":[2],"32":[4,2],"33":[0],"34":[0],"35":[1],"36":[2],"37":[1]}}
,"/Users/zhuwenlong/Desktop/ai-study/two-join/server-nest/src/modules/auth/auth.controller.ts": {"path":"/Users/zhuwenlong/Desktop/ai-study/two-join/server-nest/src/modules/auth/auth.controller.ts","statementMap":{"0":{"start":{"line":1,"column":0},"end":{"line":1,"column":56}},"1":{"start":{"line":2,"column":0},"end":{"line":2,"column":56}},"2":{"start":{"line":3,"column":0},"end":{"line":3,"column":45}},"3":{"start":{"line":4,"column":0},"end":{"line":4,"column":63}},"4":{"start":{"line":5,"column":0},"end":{"line":5,"column":66}},"5":{"start":{"line":9,"column":7},"end":{"line":39,"column":null}},"6":{"start":{"line":10,"column":22},"end":{"line":10,"column":35}},"7":{"start":{"line":16,"column":4},"end":{"line":16,"column":48}},"8":{"start":{"line":23,"column":4},"end":{"line":23,"column":42}},"9":{"start":{"line":30,"column":4},"end":{"line":30,"column":39}},"10":{"start":{"line":37,"column":4},"end":{"line":37,"column":55}},"11":{"start":{"line":9,"column":13},"end":{"line":9,"column":27}},"12":{"start":{"line":15,"column":8},"end":{"line":17,"column":null}},"13":{"start":{"line":22,"column":8},"end":{"line":24,"column":null}},"14":{"start":{"line":29,"column":8},"end":{"line":31,"column":null}},"15":{"start":{"line":36,"column":8},"end":{"line":38,"column":null}},"16":{"start":{"line":9,"column":13},"end":{"line":39,"column":null}}},"fnMap":{"0":{"name":"(anonymous_4)","decl":{"start":{"line":10,"column":2},"end":{"line":10,"column":22}},"loc":{"start":{"line":10,"column":46},"end":{"line":10,"column":50}}},"1":{"name":"(anonymous_5)","decl":{"start":{"line":15,"column":2},"end":{"line":15,"column":7}},"loc":{"start":{"line":15,"column":35},"end":{"line":17,"column":3}}},"2":{"name":"(anonymous_6)","decl":{"start":{"line":22,"column":2},"end":{"line":22,"column":7}},"loc":{"start":{"line":22,"column":41},"end":{"line":24,"column":3}}},"3":{"name":"(anonymous_7)","decl":{"start":{"line":29,"column":2},"end":{"line":29,"column":7}},"loc":{"start":{"line":29,"column":35},"end":{"line":31,"column":3}}},"4":{"name":"(anonymous_8)","decl":{"start":{"line":36,"column":2},"end":{"line":36,"column":7}},"loc":{"start":{"line":36,"column":58},"end":{"line":38,"column":3}}}},"branchMap":{},"s":{"0":1,"1":1,"2":1,"3":1,"4":1,"5":1,"6":4,"7":1,"8":1,"9":1,"10":1,"11":1,"12":1,"13":1,"14":1,"15":1,"16":1},"f":{"0":4,"1":1,"2":1,"3":1,"4":1},"b":{}}
,"/Users/zhuwenlong/Desktop/ai-study/two-join/server-nest/src/modules/auth/auth.service.ts": {"path":"/Users/zhuwenlong/Desktop/ai-study/two-join/server-nest/src/modules/auth/auth.service.ts","statementMap":{"0":{"start":{"line":1,"column":0},"end":{"line":1,"column":75}},"1":{"start":{"line":2,"column":0},"end":{"line":2,"column":41}},"2":{"start":{"line":3,"column":0},"end":{"line":3,"column":47}},"3":{"start":{"line":4,"column":0},"end":{"line":4,"column":51}},"4":{"start":{"line":5,"column":0},"end":{"line":5,"column":57}},"5":{"start":{"line":7,"column":0},"end":{"line":7,"column":64}},"6":{"start":{"line":8,"column":0},"end":{"line":8,"column":32}},"7":{"start":{"line":9,"column":0},"end":{"line":9,"column":64}},"8":{"start":{"line":14,"column":24},"end":{"line":194,"column":null}},"9":{"start":{"line":18,"column":12},"end":{"line":18,"column":25}},"10":{"start":{"line":19,"column":12},"end":{"line":19,"column":27}},"11":{"start":{"line":20,"column":12},"end":{"line":20,"column":24}},"12":{"start":{"line":21,"column":12},"end":{"line":21,"column":27}},"13":{"start":{"line":22,"column":12},"end":{"line":22,"column":26}},"14":{"start":{"line":15,"column":19},"end":{"line":15,"column":57}},"15":{"start":{"line":27,"column":20},"end":{"line":27,"column":40}},"16":{"start":{"line":28,"column":17},"end":{"line":28,"column":53}},"17":{"start":{"line":29,"column":4},"end":{"line":31,"column":5}},"18":{"start":{"line":30,"column":6},"end":{"line":30,"column":54}},"19":{"start":{"line":34,"column":17},"end":{"line":34,"column":71}},"20":{"start":{"line":35,"column":16},"end":{"line":35,"column":36}},"21":{"start":{"line":38,"column":4},"end":{"line":38,"column":79}},"22":{"start":{"line":41,"column":4},"end":{"line":41,"column":50}},"23":{"start":{"line":44,"column":4},"end":{"line":51,"column":5}},"24":{"start":{"line":47,"column":6},"end":{"line":47,"column":38}},"25":{"start":{"line":50,"column":6},"end":{"line":50,"column":55}},"26":{"start":{"line":53,"column":4},"end":{"line":53,"column":33}},"27":{"start":{"line":58,"column":16},"end":{"line":58,"column":40}},"28":{"start":{"line":59,"column":19},"end":{"line":62,"column":11}},"29":{"start":{"line":63,"column":4},"end":{"line":65,"column":5}},"30":{"start":{"line":64,"column":6},"end":{"line":64,"column":48}},"31":{"start":{"line":66,"column":4},"end":{"line":68,"column":5}},"32":{"start":{"line":67,"column":6},"end":{"line":67,"column":47}},"33":{"start":{"line":71,"column":22},"end":{"line":71,"column":69}},"34":{"start":{"line":72,"column":4},"end":{"line":74,"column":5}},"35":{"start":{"line":73,"column":6},"end":{"line":73,"column":48}},"36":{"start":{"line":77,"column":21},"end":{"line":77,"column":44}},"37":{"start":{"line":78,"column":4},"end":{"line":80,"column":5}},"38":{"start":{"line":79,"column":6},"end":{"line":79,"column":43}},"39":{"start":{"line":83,"column":17},"end":{"line":90,"column":6}},"40":{"start":{"line":93,"column":4},"end":{"line":93,"column":37}},"41":{"start":{"line":95,"column":4},"end":{"line":95,"column":36}},"42":{"start":{"line":99,"column":17},"end":{"line":99,"column":64}},"43":{"start":{"line":100,"column":4},"end":{"line":102,"column":5}},"44":{"start":{"line":101,"column":6},"end":{"line":101,"column":47}},"45":{"start":{"line":104,"column":4},"end":{"line":106,"column":5}},"46":{"start":{"line":105,"column":6},"end":{"line":105,"column":48}},"47":{"start":{"line":108,"column":20},"end":{"line":108,"column":75}},"48":{"start":{"line":109,"column":4},"end":{"line":111,"column":5}},"49":{"start":{"line":110,"column":6},"end":{"line":110,"column":46}},"50":{"start":{"line":113,"column":4},"end":{"line":113,"column":36}},"51":{"start":{"line":117,"column":4},"end":{"line":145,"column":5}},"52":{"start":{"line":119,"column":22},"end":{"line":121,"column":8}},"53":{"start":{"line":124,"column":28},"end":{"line":125,"column":null}},"54":{"start":{"line":127,"column":6},"end":{"line":129,"column":7}},"55":{"start":{"line":128,"column":8},"end":{"line":128,"column":53}},"56":{"start":{"line":132,"column":19},"end":{"line":132,"column":63}},"57":{"start":{"line":133,"column":6},"end":{"line":135,"column":7}},"58":{"start":{"line":134,"column":8},"end":{"line":134,"column":49}},"59":{"start":{"line":137,"column":6},"end":{"line":139,"column":7}},"60":{"start":{"line":138,"column":8},"end":{"line":138,"column":50}},"61":{"start":{"line":142,"column":6},"end":{"line":142,"column":38}},"62":{"start":{"line":144,"column":6},"end":{"line":144,"column":54}},"63":{"start":{"line":149,"column":4},"end":{"line":164,"column":5}},"64":{"start":{"line":150,"column":22},"end":{"line":150,"column":58}},"65":{"start":{"line":151,"column":24},"end":{"line":151,"column":67}},"66":{"start":{"line":153,"column":6},"end":{"line":159,"column":7}},"67":{"start":{"line":154,"column":8},"end":{"line":158,"column":10}},"68":{"start":{"line":161,"column":6},"end":{"line":161,"column":33}},"69":{"start":{"line":163,"column":6},"end":{"line":163,"column":33}},"70":{"start":{"line":168,"column":20},"end":{"line":172,"column":6}},"71":{"start":{"line":175,"column":24},"end":{"line":178,"column":6}},"72":{"start":{"line":181,"column":25},"end":{"line":184,"column":6}},"73":{"start":{"line":186,"column":49},"end":{"line":186,"column":53}},"74":{"start":{"
[...]
,"/Users/zhuwenlong/Desktop/ai-study/two-join/server-nest/src/modules/user/user.controller.ts": {"path":"/Users/zhuwenlong/Desktop/ai-study/two-join/server-nest/src/modules/user/user.controller.ts","statementMap":{"0":{"start":{"line":1,"column":0},"end":{"line":1,"column":85}},"1":{"start":{"line":2,"column":0},"end":{"line":2,"column":71}},"2":{"start":{"line":3,"column":0},"end":{"line":3,"column":45}},"3":{"start":{"line":4,"column":0},"end":{"line":4,"column":51}},"4":{"start":{"line":5,"column":0},"end":{"line":5,"column":69}},"5":{"start":{"line":6,"column":0},"end":{"line":6,"column":47}},"6":{"start":{"line":7,"column":0},"end":{"line":7,"column":66}},"7":{"start":{"line":8,"column":0},"end":{"line":8,"column":47}},"8":{"start":{"line":14,"column":7},"end":{"line":76,"column":null}},"9":{"start":{"line":18,"column":12},"end":{"line":18,"column":25}},"10":{"start":{"line":19,"column":12},"end":{"line":19,"column":25}},"11":{"start":{"line":20,"column":12},"end":{"line":20,"column":27}},"12":{"start":{"line":22,"column":4},"end":{"line":22,"column":91}},"13":{"start":{"line":28,"column":17},"end":{"line":28,"column":56}},"14":{"start":{"line":29,"column":4},"end":{"line":31,"column":5}},"15":{"start":{"line":30,"column":6},"end":{"line":30,"column":84}},"16":{"start":{"line":32,"column":4},"end":{"line":32,"column":16}},"17":{"start":{"line":38,"column":4},"end":{"line":38,"column":48}},"18":{"start":{"line":48,"column":23},"end":{"line":59,"column":6}},"19":{"start":{"line":62,"column":22},"end":{"line":62,"column":80}},"20":{"start":{"line":65,"column":4},"end":{"line":68,"column":7}},"21":{"start":{"line":70,"column":4},"end":{"line":74,"column":6}},"22":{"start":{"line":14,"column":13},"end":{"line":14,"column":27}},"23":{"start":{"line":27,"column":8},"end":{"line":33,"column":null}},"24":{"start":{"line":37,"column":8},"end":{"line":39,"column":null}},"25":{"start":{"line":43,"column":8},"end":{"line":75,"column":null}},"26":{"start":{"line":14,"column":13},"end":{"line":76,"column":null}}},"fnMap":{"0":{"name":"(anonymous_4)","decl":{"start":{"line":17,"column":2},"end":{"line":17,"column":null}},"loc":{"start":{"line":20,"column":40},"end":{"line":23,"column":3}}},"1":{"name":"(anonymous_5)","decl":{"start":{"line":27,"column":2},"end":{"line":27,"column":7}},"loc":{"start":{"line":27,"column":57},"end":{"line":33,"column":3}}},"2":{"name":"(anonymous_6)","decl":{"start":{"line":37,"column":2},"end":{"line":37,"column":7}},"loc":{"start":{"line":37,"column":81},"end":{"line":39,"column":3}}},"3":{"name":"(anonymous_7)","decl":{"start":{"line":43,"column":2},"end":{"line":43,"column":7}},"loc":{"start":{"line":45,"column":38},"end":{"line":75,"column":3}}}},"branchMap":{"0":{"loc":{"start":{"line":22,"column":24},"end":{"line":22,"column":90}},"type":"binary-expr","locations":[{"start":{"line":22,"column":24},"end":{"line":22,"column":63}},{"start":{"line":22,"column":67},"end":{"line":22,"column":90}}]},"1":{"loc":{"start":{"line":29,"column":4},"end":{"line":31,"column":5}},"type":"if","locations":[{"start":{"line":29,"column":4},"end":{"line":31,"column":5}}]},"2":{"loc":{"start":{"line":50,"column":16},"end":{"line":50,"column":52}},"type":"binary-expr","locations":[{"start":{"line":50,"column":16},"end":{"line":50,"column":46}},{"start":{"line":50,"column":50},"end":{"line":50,"column":52}}]}},"s":{"0":1,"1":1,"2":1,"3":1,"4":1,"5":1,"6":1,"7":1,"8":1,"9":5,"10":5,"11":5,"12":5,"13":2,"14":2,"15":1,"16":2,"17":1,"18":2,"19":2,"20":2,"21":2,"22":1,"23":1,"24":1,"25":1,"26":1},"f":{"0":5,"1":2,"2":1,"3":2},"b":{"0":[5,0],"1":[1],"2":[2,0]}}
,"/Users/zhuwenlong/Desktop/ai-study/two-join/server-nest/src/modules/user/user.service.ts": {"path":"/Users/zhuwenlong/Desktop/ai-study/two-join/server-nest/src/modules/user/user.service.ts","statementMap":{"0":{"start":{"line":1,"column":0},"end":{"line":1,"column":82}},"1":{"start":{"line":2,"column":0},"end":{"line":2,"column":69}},"2":{"start":{"line":3,"column":0},"end":{"line":3,"column":49}},"3":{"start":{"line":4,"column":0},"end":{"line":4,"column":64}},"4":{"start":{"line":5,"column":0},"end":{"line":5,"column":46}},"5":{"start":{"line":7,"column":0},"end":{"line":7,"column":65}},"6":{"start":{"line":8,"column":0},"end":{"line":8,"column":53}},"7":{"start":{"line":11,"column":7},"end":{"line":115,"column":null}},"8":{"start":{"line":14,"column":12},"end":{"line":14,"column":28}},"9":{"start":{"line":16,"column":12},"end":{"line":16,"column":24}},"10":{"start":{"line":20,"column":27},"end":{"line":20,"column":64}},"11":{"start":{"line":21,"column":17},"end":{"line":29,"column":6}},"12":{"start":{"line":30,"column":4},"end":{"line":30,"column":42}},"13":{"start":{"line":34,"column":17},"end":{"line":34,"column":69}},"14":{"start":{"line":35,"column":4},"end":{"line":37,"column":5}},"15":{"start":{"line":36,"column":6},"end":{"line":36,"column":43}},"16":{"start":{"line":38,"column":4},"end":{"line":38,"column":16}},"17":{"start":{"line":42,"column":4},"end":{"line":42,"column":62}},"18":{"start":{"line":46,"column":4},"end":{"line":46,"column":66}},"19":{"start":{"line":50,"column":17},"end":{"line":50,"column":40}},"20":{"start":{"line":51,"column":4},"end":{"line":51,"column":29}},"21":{"start":{"line":52,"column":4},"end":{"line":52,"column":42}},"22":{"start":{"line":56,"column":17},"end":{"line":56,"column":40}},"23":{"start":{"line":57,"column":4},"end":{"line":57,"column":52}},"24":{"start":{"line":58,"column":4},"end":{"line":58,"column":42}},"25":{"start":{"line":62,"column":17},"end":{"line":62,"column":40}},"26":{"start":{"line":63,"column":4},"end":{"line":63,"column":32}},"27":{"start":{"line":64,"column":4},"end":{"line":64,"column":41}},"28":{"start":{"line":68,"column":4},"end":{"line":113,"column":7}},"29":{"start":{"line":70,"column":29},"end":{"line":70,"column":66}},"30":{"start":{"line":73,"column":19},"end":{"line":81,"column":8}},"31":{"start":{"line":82,"column":6},"end":{"line":82,"column":31}},"32":{"start":{"line":85,"column":6},"end":{"line":91,"column":9}},"33":{"start":{"line":94,"column":6},"end":{"line":110,"column":7}},"34":{"start":{"line":95,"column":24},"end":{"line":97,"column":10}},"35":{"start":{"line":98,"column":8},"end":{"line":109,"column":9}},"36":{"start":{"line":99,"column":10},"end":{"line":99,"column":32}},"37":{"start":{"line":100,"column":10},"end":{"line":100,"column":38}},"38":{"start":{"line":102,"column":10},"end":{"line":108,"column":13}},"39":{"start":{"line":112,"column":6},"end":{"line":112,"column":18}},"40":{"start":{"line":11,"column":13},"end":{"line":11,"column":24}},"41":{"start":{"line":11,"column":13},"end":{"line":115,"column":null}}},"fnMap":{"0":{"name":"(anonymous_4)","decl":{"start":{"line":12,"column":2},"end":{"line":12,"column":null}},"loc":{"start":{"line":16,"column":34},"end":{"line":17,"column":6}}},"1":{"name":"(anonymous_5)","decl":{"start":{"line":19,"column":2},"end":{"line":19,"column":7}},"loc":{"start":{"line":19,"column":23},"end":{"line":31,"column":3}}},"2":{"name":"(anonymous_6)","decl":{"start":{"line":33,"column":2},"end":{"line":33,"column":7}},"loc":{"start":{"line":33,"column":27},"end":{"line":39,"column":3}}},"3":{"name":"(anonymous_7)","decl":{"start":{"line":41,"column":2},"end":{"line":41,"column":7}},"loc":{"start":{"line":41,"column":35},"end":{"line":43,"column":3}}},"4":{"name":"(anonymous_8)","decl":{"start":{"line":45,"column":2},"end":{"line":45,"column":7}},"loc":{"start":{"line":45,"column":43},"end":{"line":47,"column":3}}},"5":{"name":"(anonymous_9)","decl":{"start":{"line":49,"column":2},"end":{"line":49,"column":7}},"loc":{"start":{"line":49,"column":45},"end":{"line":53,"column":3}}},"6":{"name":"(anonymous_10)","decl":{"start":{"line":55,"column":2},"end":{"line":55,"column":7}},"loc":{"start":{"line":55,"column":47},"end":{"line":59,"column":3}}},"7":{"name":"(anonymous_11)","decl":{"start":{"line":61,"column":2},"end":{"line":61,"column":7}},"loc":{"start":{"line":61,"column":25},"end":{"line":65,"column":3}}},"8":{"name":"(anonymous_12)","decl":{"start":{"line":67,"column":2},"end":{"line":67,"column":7}},"loc":{"start":{"line":67,"column":38},"end":{"line":114,"column":3}}},"9":{"name":"(anonymous_13)","decl":{"start":{"line":68,"column":39},"end":{"line":68,"column":44}},"loc":{"start":{"line":68,"column":57},"end":{"line":113,"column":5}}}},"branchMap":{"0":{"loc":{"start":{"line":35,"column":4},"end":{"line":37,"column":5}},"type":"if","locations":[{"start":{"line":35,"column":4},"end":{"line":37,"column":5}}]},"1":{"loc":{"start":{"line":94,"column":6},"end":{"line":110,"column":7}},"type":"if","locations":[{"start":{"line":94,"column":6},"end":{"line":110,"column":7}}]},"2":{"loc":{"start":{"line":98,"column":8},"end":{"line":109,"column":9}},"type":"if","locations":[{"start":{"line":98,"column":8},"end":{"line":109,"column":9}}]}},"s":{"0":15,"1":15,"2":15,"3":15,"4":15,"5":15,"6":15,"7":15,"8":18,"9":18,"10":2,"11":2,"12":2,"13":10,"14":10,"15":4,"16":6,"17":2,"18":2,"19":2,"20":1,"21":1,"22":3,"23":3,"24":3,"25":2,"26":1,"27":1,"28":3,"29":2,"30":2,"31":2,"32":2,"33":2,"34":1,"35":1,"36":1,"37":1,"38":1,"39":2,"40":15,"41":15},"f":{"0":18,"1":2,"2":10,"3":2,"4":2,"5":2,"6":3,"7":2,"8":3,"9":2},"b":{"0":[4],"1":[1],"2":[1]}}
,"/Users/zhuwenlong/Desktop/ai-study/two-join/server-nest/src/modules/websocket/chat.gateway.ts": {"path":"/Users/zhuwenlong/Desktop/ai-study/two-join/server-nest/src/modules/websocket/chat.gateway.ts","statementMap":{"0":{"start":{"line":1,"column":0},"end":{"line":1,"column":null}},"1":{"start":{"line":9,"column":0},"end":{"line":9,"column":39}},"2":{"start":{"line":10,"column":0},"end":{"line":10,"column":40}},"3":{"start":{"line":11,"column":0},"end":{"line":11,"column":41}},"4":{"start":{"line":12,"column":0},"end":{"line":12,"column":70}},"5":{"start":{"line":19,"column":7},"end":{"line":117,"column":null}},"6":{"start":{"line":28,"column":12},"end":{"line":28,"column":24}},"7":{"start":{"line":29,"column":12},"end":{"line":29,"column":23}},"8":{"start":{"line":23,"column":10},"end":{"line":23,"column":45}},"9":{"start":{"line":24,"column":10},"end":{"line":24,"column":60}},"10":{"start":{"line":25,"column":10},"end":{"line":25,"column":53}},"11":{"start":{"line":31,"column":4},"end":{"line":31,"column":36}},"12":{"start":{"line":35,"column":4},"end":{"line":79,"column":5}},"13":{"start":{"line":36,"column":18},"end":{"line":36,"column":64}},"14":{"start":{"line":37,"column":20},"end":{"line":37,"column":49}},"15":{"start":{"line":39,"column":6},"end":{"line":39,"column":85}},"16":{"start":{"line":41,"column":6},"end":{"line":44,"column":7}},"17":{"start":{"line":42,"column":8},"end":{"line":42,"column":23}},"18":{"start":{"line":43,"column":8},"end":{"line":43,"column":15}},"19":{"start":{"line":46,"column":22},"end":{"line":46,"column":51}},"20":{"start":{"line":47,"column":21},"end":{"line":47,"column":32}},"21":{"start":{"line":49,"column":7},"end":{"line":49,"column":38}},"22":{"start":{"line":51,"column":6},"end":{"line":53,"column":7}},"23":{"start":{"line":52,"column":8},"end":{"line":52,"column":50}},"24":{"start":{"line":54,"column":26},"end":{"line":54,"column":56}},"25":{"start":{"line":55,"column":6},"end":{"line":57,"column":7}},"26":{"start":{"line":56,"column":8},"end":{"line":56,"column":32}},"27":{"start":{"line":59,"column":6},"end":{"line":59,"column":50}},"28":{"start":{"line":61,"column":6},"end":{"line":68,"column":9}},"29":{"start":{"line":62,"column":8},"end":{"line":67,"column":9}},"30":{"start":{"line":63,"column":26},"end":{"line":63,"column":53}},"31":{"start":{"line":64,"column":10},"end":{"line":64,"column":46}},"32":{"start":{"line":66,"column":10},"end":{"line":66,"column":59}},"33":{"start":{"line":70,"column":6},"end":{"line":72,"column":9}},"34":{"start":{"line":71,"column":8},"end":{"line":71,"column":38}},"35":{"start":{"line":75,"column":6},"end":{"line":75,"column":75}},"36":{"start":{"line":77,"column":6},"end":{"line":77,"column":52}},"37":{"start":{"line":78,"column":6},"end":{"line":78,"column":21}},"38":{"start":{"line":83,"column":20},"end":{"line":83,"column":41}},"39":{"start":{"line":84,"column":4},"end":{"line":93,"column":5}},"40":{"start":{"line":85,"column":22},"end":{"line":85,"column":52}},"41":{"start":{"line":86,"column":6},"end":{"line":91,"column":7}},"42":{"start":{"line":87,"column":8},"end":{"line":87,"column":31}},"43":{"start":{"line":88,"column":8},"end":{"line":90,"column":9}},"44":{"start":{"line":89,"column":10},"end":{"line":89,"column":44}},"45":{"start":{"line":92,"column":6},"end":{"line":92,"column":53}},"46":{"start":{"line":97,"column":20},"end":{"line":97,"column":41}},"47":{"start":{"line":99,"column":4},"end":{"line":101,"column":5}},"48":{"start":{"line":100,"column":6},"end":{"line":100,"column":85}},"49":{"start":{"line":105,"column":20},"end":{"line":105,"column":50}},"50":{"start":{"line":106,"column":4},"end":{"line":115,"column":5}},"51":{"start":{"line":107,"column":19},"end":{"line":107,"column":42}},"52":{"start":{"line":108,"column":6},"end":{"line":114,"column":9}},"53":{"start":{"line":109,"column":8},"end":{"line":113,"column":9}},"54":{"start":{"line":110,"column":10},"end":{"line":110,"column":28}},"55":{"start":{"line":112,"column":10},"end":{"line":112,"column":76}},"56":{"start":{"line":19,"column":13},"end":{"line":19,"column":24}},"57":{"start":{"line":21,"column":2},"end":{"line":21,"column":null}},"58":{"start":{"line":19,"column":13},"end":{"line":117,"column":null}}},"fnMap":{"0":{"name":"(anonymous_2)","decl":{"start":{"line":27,"column":2},"end":{"line":27,"column":null}},"loc":{"start":{"line":29,"column":46},"end":{"line":32,"column":3}}},"1":{"name":"(anonymous_3)","decl":{"start":{"line":34,"column":2},"end":{"line":34,"column":18}},"loc":{"start":{"line":34,"column":46},"end":{"line":80,"column":3}}},"2":{"name":"(anonymous_4)","decl":{"start":{"line":61,"column":27},"end":{"line":61,"column":28}},"loc":{"start":{"line":61,"column":44},"end":{"line":68,"column":7}}},"3":{"name":"(anonymous_5)","decl":{"start":{"line":70,"column":25},"end":{"line":70,"column":28}},"loc":{"start":{"line":70,"column":30},"end":{"line":72,"column":7}}},"4":{"name":"(anonymous_6)","decl":{"start":{"line":82,"column":2},"end":{"line":82,"column":18}},"loc":{"start":{"line":82,"column":36},"end":{"line":94,"column":3}}},"5":{"name":"(anonymous_7)","decl":{"start":{"line":96,"column":10},"end":{"line":96,"column":23}},"loc":{"start":{"line":96,"column":55},"end":{"line":102,"column":3}}},"6":{"name":"(anonymous_8)","decl":{"start":{"line":104,"column":2},"end":{"line":104,"column":13}},"loc":{"start":{"line":104,"column":42},"end":{"line":116,"column":3}}},"7":{"name":"(anonymous_9)","decl":{"start":{"line":108,"column":22},"end":{"line":108,"column":28}},"loc":{"start":{"line":108,"column":31},"end":{"line":114,"column":7}}}},"branchMap":{"0":{"loc":{"start":{"line":39,"column":52},"end":{"line":39,"column":81}},"type":"cond-expr","locations":[{"start":{"line":39,"column":60},"end":{"line":39,"column":69}},{"start":{"line":39,"column":72},"end":{"line":39,"column":81}}]},"1":{"loc":{"start":{"line":41,"column":6},"end":{"line":44,"column":7}},"type":"if","locations":[{"start":{"line":41,"column":6},"end":{"line":44,"column":7}}]},"2":{"loc":{"start":{"line":51,"column":6},"end":{"line":53,"column":7}},"type":"if","locations":[{"start":{"line":51,"column":6},"end":{"line":53,"column":7}}]},"3":{"loc":{"start":{"line":55,"column":6},"end":{"line":57,"column":7}},"type":"if","locations":[{"start":{"line":55,"column":6},"end":{"line":57,"column":7}}]},"4":{"loc":{"start":{"line":84,"column":4},"end":{"line":93,"column":5}},"type":"if","locations":[{"start":{"line":84,"column":4},"end":{"line":93,"column":5}}]},"5":{"loc":{"start":{"line":86,"column":6},"end":{"line":91,"column":7}},"type":"if","locations":[{"start":{"line":86,"column":6},"end":{"line":91,"column":7}}]},"6":{"loc":{"start":{"line":88,"column":8},"end":{"line":90,"column":9}},"type":"if","locations":[{"start":{"line":88,"column":8},"end":{"line":90,"column":9}}]},"7":{"loc":{"start":{"line":99,"column":4},"end":{"line":101,"column":5}},"type":"if","locations":[{"start":{"line":99,"column":4},"end":{"line":101,"column":5}}]},"8":{"loc":{"start":{"line":106,"column":4},"end":{"line":115,"column":5}},"type":"if","locations":[{"start":{"line":106,"column":4},"end":{"line":115,"column":5}}]}},"s":{"0":1,"1":1,"2":1,"3":1,"4":1,"5":1,"6":14,"7":14,"8":14,"9":14,"10":14,"11":14,"12":15,"13":15,"14":15,"15":15,"16":15,"17":1,"18":1,"19":14,"20":13,"21":13,"22":13,"23":10,"24":13,"25":13,"26":13,"27":13,"28":13,"29":3,"30":3,"31":2,"32":1,"33":13,"34":0,"35":13,"36":2,"37":2,"38":3,"39":3,"40":2,"41":2,"42":2,"43":2,"44":1,"45":2,"46":2,"47":2,"48":2,"49":6,"50":6,"51":4,"52":4,"53":5,"54":5,"55":1,"56":1,"57":1,"58":1},"f":{"0":14,"1":15,"2":3,"3":0,"4":3,"5":2,"6":6,"7":5},"b":{"0":[14,1],"1":[1],"2":[10],"3":[13],"4":[2],"5":[2],"6":[1],"7":[2],"8":[4]}}
,"/Users/zhuwenlong/Desktop/ai-study/two-join/server-nest/src/modules/websocket/websocket-gateway.service.ts": {"path":"/Users/zhuwenlong/Desktop/ai-study/two-join/server-nest/src/modules/websocket/websocket-gateway.service.ts","statementMap":{"0":{"start":{"line":1,"column":0},"end":{"line":1,"column":44}},"1":{"start":{"line":5,"column":7},"end":{"line":34,"column":null}},"2":{"start":{"line":9,"column":4},"end":{"line":9,"column":27}},"3":{"start":{"line":13,"column":4},"end":{"line":16,"column":5}},"4":{"start":{"line":14,"column":6},"end":{"line":14,"column":47}},"5":{"start":{"line":15,"column":6},"end":{"line":15,"column":13}},"6":{"start":{"line":17,"column":4},"end":{"line":17,"column":46}},"7":{"start":{"line":21,"column":4},"end":{"line":24,"column":5}},"8":{"start":{"line":22,"column":6},"end":{"line":22,"column":47}},"9":{"start":{"line":23,"column":6},"end":{"line":23,"column":13}},"10":{"start":{"line":26,"column":4},"end":{"line":32,"column":7}},"11":{"start":{"line":27,"column":6},"end":{"line":31,"column":7}},"12":{"start":{"line":28,"column":8},"end":{"line":28,"column":45}},"13":{"start":{"line":30,"column":8},"end":{"line":30,"column":49}},"14":{"start":{"line":5,"column":13},"end":{"line":5,"column":36}},"15":{"start":{"line":5,"column":13},"end":{"line":34,"column":null}}},"fnMap":{"0":{"name":"(anonymous_1)","decl":{"start":{"line":8,"column":2},"end":{"line":8,"column":12}},"loc":{"start":{"line":8,"column":33},"end":{"line":10,"column":3}}},"1":{"name":"(anonymous_2)","decl":{"start":{"line":12,"column":2},"end":{"line":12,"column":13}},"loc":{"start":{"line":12,"column":42},"end":{"line":18,"column":3}}},"2":{"name":"(anonymous_3)","decl":{"start":{"line":20,"column":2},"end":{"line":20,"column":18}},"loc":{"start":{"line":20,"column":31},"end":{"line":33,"column":3}}},"3":{"name":"(anonymous_4)","decl":{"start":{"line":26,"column":40},"end":{"line":26,"column":41}},"loc":{"start":{"line":26,"column":56},"end":{"line":32,"column":5}}}},"branchMap":{"0":{"loc":{"start":{"line":13,"column":4},"end":{"line":16,"column":5}},"type":"if","locations":[{"start":{"line":13,"column":4},"end":{"line":16,"column":5}}]},"1":{"loc":{"start":{"line":21,"column":4},"end":{"line":24,"column":5}},"type":"if","locations":[{"start":{"line":21,"column":4},"end":{"line":24,"column":5}}]}},"s":{"0":4,"1":4,"2":9,"3":17,"4":1,"5":1,"6":16,"7":6,"8":1,"9":1,"10":5,"11":7,"12":7,"13":1,"14":4,"15":4},"f":{"0":9,"1":17,"2":6,"3":7},"b":{"0":[1],"1":[1]}}
}
