TN:
SF:src/common/constants/index.ts
FN:2,(anonymous_0)
FN:9,(anonymous_1)
FN:16,(anonymous_2)
FN:26,(anonymous_3)
FN:33,(anonymous_4)
FN:39,(anonymous_5)
FN:60,(anonymous_6)
FN:67,(anonymous_7)
FN:74,(anonymous_8)
FN:80,(anonymous_9)
FN:86,(anonymous_10)
FN:95,(anonymous_11)
FN:102,(anonymous_12)
FNF:13
FNH:13
FNDA:20,(anonymous_0)
FNDA:20,(anonymous_1)
FNDA:20,(anonymous_2)
FNDA:20,(anonymous_3)
FNDA:20,(anonymous_4)
FNDA:20,(anonymous_5)
FNDA:20,(anonymous_6)
FNDA:20,(anonymous_7)
FNDA:20,(anonymous_8)
FNDA:20,(anonymous_9)
FNDA:20,(anonymous_10)
FNDA:20,(anonymous_11)
FNDA:20,(anonymous_12)
DA:2,20
DA:3,20
DA:4,20
DA:5,20
DA:9,20
DA:10,20
DA:11,20
DA:12,20
DA:16,20
DA:17,20
DA:18,20
DA:19,20
DA:20,20
DA:21,20
DA:22,20
DA:26,20
DA:27,20
DA:28,20
DA:29,20
DA:33,20
DA:34,20
DA:35,20
DA:39,20
DA:40,20
DA:41,20
DA:42,20
DA:43,20
DA:44,20
DA:45,20
DA:46,20
DA:47,20
DA:48,20
DA:49,20
DA:53,20
DA:54,20
DA:55,20
DA:56,20
DA:57,20
DA:60,20
DA:61,20
DA:62,20
DA:63,20
DA:67,20
DA:68,20
DA:69,20
DA:70,20
DA:74,20
DA:75,20
DA:76,20
DA:80,20
DA:81,20
DA:82,20
DA:86,20
DA:87,20
DA:88,20
DA:89,20
DA:90,20
DA:91,20
DA:95,20
DA:96,20
DA:97,20
DA:98,20
DA:102,20
DA:103,20
DA:104,20
LF:65
LH:65
BRDA:2,0,0,20
BRDA:2,0,1,20
BRDA:9,1,0,20
BRDA:9,1,1,20
BRDA:16,2,0,20
BRDA:16,2,1,20
BRDA:26,3,0,20
BRDA:26,3,1,20
BRDA:33,4,0,20
BRDA:33,4,1,20
BRDA:39,5,0,20
BRDA:39,5,1,20
BRDA:60,6,0,20
BRDA:60,6,1,20
BRDA:67,7,0,20
BRDA:67,7,1,20
BRDA:74,8,0,20
BRDA:74,8,1,20
BRDA:80,9,0,20
BRDA:80,9,1,20
BRDA:86,10,0,20
BRDA:86,10,1,20
BRDA:95,11,0,20
BRDA:95,11,1,20
BRDA:102,12,0,20
BRDA:102,12,1,20
BRF:26
BRH:26
end_of_record
TN:
SF:src/common/decorators/public.decorator.ts
FN:4,(anonymous_0)
FNF:1
FNH:1
FNDA:10,(anonymous_0)
DA:1,13
DA:3,13
DA:4,13
LF:3
LH:3
BRF:0
BRH:0
end_of_record
TN:
SF:src/common/decorators/user.decorator.ts
FN:12,(anonymous_0)
FNF:1
FNH:0
FNDA:0,(anonymous_0)
DA:1,8
DA:11,8
DA:13,0
DA:14,0
DA:16,0
LF:5
LH:2
BRDA:16,0,0,0
BRDA:16,0,1,0
BRF:2
BRH:0
end_of_record
TN:
SF:src/common/filters/http-exception.filter.ts
FN:12,(anonymous_1)
FNF:1
FNH:1
FNDA:6,(anonymous_1)
DA:1,1
DA:11,1
DA:13,6
DA:14,6
DA:15,6
DA:17,6
DA:18,6
DA:20,6
DA:21,6
DA:23,6
DA:24,2
DA:25,4
DA:26,4
DA:27,4
DA:28,4
DA:30,4
DA:31,1
DA:35,6
DA:43,6
LF:19
LH:19
BRDA:23,0,0,2
BRDA:23,0,1,4
BRDA:25,1,0,4
BRDA:27,2,0,4
BRDA:27,2,1,1
BRDA:28,3,0,4
BRDA:28,3,1,3
BRDA:30,4,0,1
BRF:8
BRH:8
end_of_record
TN:
SF:src/common/guards/jwt-auth.guard.ts
FN:12,(anonymous_2)
FN:16,(anonymous_3)
FN:29,(anonymous_4)
FNF:3
FNH:3
FNDA:91,(anonymous_2)
FNDA:2,(anonymous_3)
FNDA:5,(anonymous_4)
DA:1,12
DA:6,12
DA:7,12
DA:8,12
DA:11,12
DA:12,91
DA:13,91
DA:17,2
DA:22,2
DA:23,1
DA:26,1
DA:30,5
DA:31,4
DA:33,1
LF:14
LH:14
BRDA:22,0,0,1
BRDA:30,1,0,4
BRDA:30,2,0,5
BRDA:30,2,1,4
BRDA:31,3,0,4
BRDA:31,3,1,3
BRF:6
BRH:6
end_of_record
TN:
SF:src/common/interceptors/transform.interceptor.ts
FN:15,(anonymous_1)
FN:20,(anonymous_2)
FNF:2
FNH:2
FNDA:6,(anonymous_1)
FNDA:6,(anonymous_2)
DA:1,1
DA:8,1
DA:12,1
DA:19,6
DA:20,6
LF:5
LH:5
BRF:0
BRH:0
end_of_record
TN:
SF:src/common/jwt/jwt.strategy.ts
FN:9,(anonymous_2)
FN:20,(anonymous_3)
FNF:2
FNH:2
FNDA:4,(anonymous_2)
FNDA:6,(anonymous_3)
DA:1,1
DA:2,1
DA:3,1
DA:4,1
DA:5,1
DA:8,1
DA:10,4
DA:11,4
DA:13,4
DA:21,6
DA:22,1
DA:31,5
DA:32,5
DA:33,2
DA:35,3
DA:36,2
DA:38,1
LF:17
LH:17
BRDA:16,0,0,4
BRDA:16,0,1,0
BRDA:21,1,0,1
BRDA:32,2,0,2
BRDA:35,3,0,2
BRF:5
BRH:4
end_of_record
TN:
SF:src/common/minio/minio.service.ts
FN:9,(anonymous_2)
FN:11,(anonymous_3)
FN:22,(anonymous_4)
FN:30,(anonymous_5)
FN:42,(anonymous_6)
FN:46,(anonymous_7)
FN:50,(anonymous_8)
FNF:7
FNH:7
FNDA:6,(anonymous_2)
FNDA:6,(anonymous_3)
FNDA:2,(anonymous_4)
FNDA:1,(anonymous_5)
FNDA:1,(anonymous_6)
FNDA:2,(anonymous_7)
FNDA:1,(anonymous_8)
DA:1,1
DA:2,1
DA:5,1
DA:6,6
DA:18,6
DA:19,6
DA:23,2
DA:24,2
DA:25,1
DA:26,1
DA:36,1
DA:39,1
DA:43,1
DA:47,2
DA:51,1
LF:15
LH:15
BRDA:24,0,0,1
BRF:1
BRH:1
end_of_record
TN:
SF:src/common/redis/redis.service.ts
FN:9,(anonymous_2)
FN:11,(anonymous_3)
FN:17,(anonymous_4)
FN:23,(anonymous_5)
FN:27,(anonymous_6)
FN:32,(anonymous_7)
FN:36,(anonymous_8)
FN:44,(anonymous_9)
FN:48,(anonymous_10)
FN:52,(anonymous_11)
FN:58,(anonymous_12)
FN:62,(anonymous_13)
FN:66,(anonymous_14)
FN:70,(anonymous_15)
FN:74,(anonymous_16)
FN:78,(anonymous_17)
FN:82,(anonymous_18)
FN:86,(anonymous_19)
FN:90,(anonymous_20)
FN:94,(anonymous_21)
FN:98,(anonymous_22)
FN:102,(anonymous_23)
FN:106,(anonymous_24)
FN:110,(anonymous_25)
FN:115,(anonymous_26)
FN:119,(anonymous_27)
FN:123,(anonymous_28)
FN:127,(anonymous_29)
FN:131,(anonymous_30)
FN:135,(anonymous_31)
FN:139,(anonymous_32)
FNF:31
FNH:31
FNDA:59,(anonymous_2)
FNDA:8,(anonymous_3)
FNDA:4,(anonymous_4)
FNDA:1,(anonymous_5)
FNDA:1,(anonymous_6)
FNDA:2,(anonymous_7)
FNDA:9,(anonymous_8)
FNDA:6,(anonymous_9)
FNDA:2,(anonymous_10)
FNDA:2,(anonymous_11)
FNDA:2,(anonymous_12)
FNDA:2,(anonymous_13)
FNDA:1,(anonymous_14)
FNDA:1,(anonymous_15)
FNDA:1,(anonymous_16)
FNDA:1,(anonymous_17)
FNDA:1,(anonymous_18)
FNDA:2,(anonymous_19)
FNDA:2,(anonymous_20)
FNDA:2,(anonymous_21)
FNDA:1,(anonymous_22)
FNDA:2,(anonymous_23)
FNDA:1,(anonymous_24)
FNDA:2,(anonymous_25)
FNDA:2,(anonymous_26)
FNDA:2,(anonymous_27)
FNDA:2,(anonymous_28)
FNDA:2,(anonymous_29)
FNDA:2,(anonymous_30)
FNDA:3,(anonymous_31)
FNDA:4,(anonymous_32)
DA:1,13
DA:2,13
DA:5,13
DA:6,59
DA:12,8
DA:18,4
DA:19,4
DA:23,8
DA:24,1
DA:27,8
DA:28,1
DA:33,2
DA:37,9
DA:38,2
DA:40,7
DA:45,6
DA:49,2
DA:53,2
DA:54,2
DA:55,1
DA:59,2
DA:63,2
DA:67,1
DA:71,1
DA:75,1
DA:79,1
DA:83,1
DA:87,2
DA:91,2
DA:95,2
DA:99,1
DA:103,2
DA:107,1
DA:111,2
DA:112,2
DA:116,2
DA:120,2
DA:124,2
DA:128,2
DA:132,2
DA:136,3
DA:140,4
DA:141,4
DA:142,3
DA:143,3
DA:145,1
LF:46
LH:46
BRDA:37,0,0,2
BRDA:37,0,1,7
BRDA:54,1,0,1
BRDA:112,2,0,1
BRDA:112,2,1,1
BRDA:141,3,0,1
BRF:6
BRH:6
end_of_record
TN:
SF:src/common/utils/password.util.ts
FN:23,(anonymous_0)
FN:24,(anonymous_1)
FN:35,(anonymous_2)
FN:50,(anonymous_3)
FN:54,(anonymous_4)
FN:69,(anonymous_5)
FN:83,(anonymous_6)
FN:103,(anonymous_7)
FNF:8
FNH:8
FNDA:14,(anonymous_0)
FNDA:14,(anonymous_1)
FNDA:14,(anonymous_2)
FNDA:13,(anonymous_3)
FNDA:13,(anonymous_4)
FNDA:11,(anonymous_5)
FNDA:6,(anonymous_6)
FNDA:3,(anonymous_7)
DA:1,17
DA:8,17
DA:10,17
DA:12,17
DA:14,17
DA:16,17
DA:24,14
DA:26,14
DA:29,14
DA:36,14
DA:38,14
DA:54,13
DA:56,13
DA:58,13
DA:59,2
DA:63,11
DA:70,11
DA:72,11
DA:84,6
DA:85,6
DA:94,6
DA:104,3
DA:106,3
DA:107,1
DA:110,2
DA:120,2
LF:26
LH:26
BRDA:36,0,0,0
BRDA:58,1,0,2
BRDA:58,2,0,13
BRDA:58,2,1,13
BRDA:70,3,0,0
BRDA:106,4,0,1
BRDA:106,5,0,3
BRDA:106,5,1,3
BRF:8
BRH:6
end_of_record
TN:
SF:src/health/health.controller.ts
FN:6,(anonymous_2)
FNF:1
FNH:1
FNDA:3,(anonymous_2)
DA:1,1
DA:4,1
DA:6,1
DA:7,3
LF:4
LH:4
BRF:0
BRH:0
end_of_record
TN:
SF:src/modules/admin/admin.controller.ts
FN:24,(anonymous_4)
FN:29,(anonymous_5)
FN:36,(anonymous_6)
FN:43,(anonymous_7)
FN:49,(anonymous_8)
FN:60,(anonymous_9)
FN:70,(anonymous_10)
FN:79,(anonymous_11)
FN:89,(anonymous_12)
FN:99,(anonymous_13)
FN:110,(anonymous_14)
FN:120,(anonymous_15)
FN:130,(anonymous_16)
FN:140,(anonymous_17)
FN:146,(anonymous_18)
FN:152,(anonymous_19)
FNF:16
FNH:16
FNDA:23,(anonymous_4)
FNDA:1,(anonymous_5)
FNDA:1,(anonymous_6)
FNDA:1,(anonymous_7)
FNDA:2,(anonymous_8)
FNDA:1,(anonymous_9)
FNDA:1,(anonymous_10)
FNDA:2,(anonymous_11)
FNDA:2,(anonymous_12)
FNDA:2,(anonymous_13)
FNDA:2,(anonymous_14)
FNDA:2,(anonymous_15)
FNDA:2,(anonymous_16)
FNDA:1,(anonymous_17)
FNDA:1,(anonymous_18)
FNDA:2,(anonymous_19)
DA:1,1
DA:13,1
DA:14,1
DA:15,1
DA:16,1
DA:17,1
DA:23,1
DA:24,23
DA:29,1
DA:30,1
DA:36,1
DA:37,1
DA:43,1
DA:44,1
DA:49,1
DA:55,2
DA:60,1
DA:65,1
DA:70,1
DA:74,1
DA:79,1
DA:84,2
DA:89,1
DA:94,2
DA:99,1
DA:105,2
DA:110,1
DA:115,2
DA:120,1
DA:125,2
DA:130,1
DA:135,2
DA:140,1
DA:141,1
DA:146,1
DA:147,1
DA:152,1
DA:156,2
LF:38
LH:38
BRDA:50,0,0,0
BRDA:51,1,0,0
BRDA:80,2,0,0
BRDA:81,3,0,0
BRDA:100,4,0,0
BRDA:101,5,0,0
BRDA:121,6,0,0
BRDA:122,7,0,0
BRF:8
BRH:0
end_of_record
TN:
SF:src/modules/admin/admin.service.ts
FN:41,(anonymous_4)
FN:60,(anonymous_5)
FN:78,(anonymous_6)
FN:88,(anonymous_7)
FN:112,(anonymous_8)
FN:130,(anonymous_9)
FN:144,(anonymous_10)
FN:166,(anonymous_11)
FN:170,(anonymous_12)
FN:197,(anonymous_13)
FN:207,(anonymous_14)
FN:218,(anonymous_15)
FN:225,(anonymous_16)
FN:248,(anonymous_17)
FN:261,(anonymous_18)
FN:291,(anonymous_19)
FN:313,(anonymous_20)
FN:333,(anonymous_21)
FN:351,(anonymous_22)
FN:354,(anonymous_23)
FN:360,(anonymous_24)
FN:361,(anonymous_25)
FN:369,(anonymous_26)
FNF:23
FNH:22
FNDA:37,(anonymous_4)
FNDA:3,(anonymous_5)
FNDA:16,(anonymous_6)
FNDA:7,(anonymous_7)
FNDA:9,(anonymous_8)
FNDA:3,(anonymous_9)
FNDA:2,(anonymous_10)
FNDA:0,(anonymous_11)
FNDA:4,(anonymous_12)
FNDA:4,(anonymous_13)
FNDA:1,(anonymous_14)
FNDA:1,(anonymous_15)
FNDA:2,(anonymous_16)
FNDA:3,(anonymous_17)
FNDA:3,(anonymous_18)
FNDA:6,(anonymous_19)
FNDA:2,(anonymous_20)
FNDA:4,(anonymous_21)
FNDA:1,(anonymous_22)
FNDA:2,(anonymous_23)
FNDA:1,(anonymous_24)
FNDA:2,(anonymous_25)
FNDA:1,(anonymous_26)
DA:1,2
DA:7,2
DA:8,2
DA:9,2
DA:10,2
DA:11,2
DA:12,2
DA:13,2
DA:14,2
DA:15,2
DA:16,2
DA:17,2
DA:18,2
DA:19,2
DA:20,2
DA:21,2
DA:28,2
DA:38,2
DA:39,37
DA:43,37
DA:45,37
DA:47,37
DA:49,37
DA:50,37
DA:51,37
DA:52,37
DA:53,37
DA:54,37
DA:55,37
DA:56,37
DA:57,37
DA:61,3
DA:62,3
DA:63,3
DA:64,2
DA:67,1
DA:68,1
DA:70,1
DA:71,1
DA:73,1
DA:75,1
DA:79,16
DA:81,16
DA:82,9
DA:85,7
DA:89,7
DA:90,2
DA:93,5
DA:94,5
DA:96,5
DA:97,2
DA:100,3
DA:101,2
DA:104,1
DA:113,9
DA:114,2
DA:117,7
DA:118,7
DA:119,7
DA:120,2
DA:122,5
DA:123,2
DA:126,3
DA:128,3
DA:129,3
DA:130,3
DA:132,3
DA:133,2
DA:136,1
DA:145,2
DA:153,2
DA:155,2
DA:167,0
DA:176,4
DA:180,4
DA:181,1
DA:187,4
DA:188,1
DA:191,4
DA:196,4
DA:197,4
DA:208,1
DA:215,1
DA:219,1
DA:220,1
DA:221,1
DA:222,1
DA:230,2
DA:234,2
DA:235,1
DA:238,2
DA:240,2
DA:245,2
DA:249,3
DA:250,1
DA:252,2
DA:258,3
DA:267,3
DA:271,3
DA:272,1
DA:275,3
DA:276,1
DA:281,3
DA:283,3
DA:288,3
DA:292,6
DA:293,6
DA:294,2
DA:297,4
DA:298,4
DA:300,4
DA:301,2
DA:310,4
DA:314,2
DA:319,2
DA:320,1
DA:323,2
DA:325,2
DA:330,2
DA:334,4
DA:335,4
DA:336,2
DA:339,2
DA:340,2
DA:341,2
DA:342,2
DA:344,2
DA:345,1
DA:348,2
DA:352,1
DA:353,1
DA:354,1
DA:355,2
DA:357,1
DA:361,1
DA:362,2
DA:363,2
DA:365,1
DA:366,1
DA:370,1
DA:373,1
DA:375,1
LF:142
LH:141
BRDA:63,0,0,2
BRDA:79,1,0,16
BRDA:79,1,1,0
BRDA:81,2,0,9
BRDA:89,3,0,2
BRDA:93,4,0,5
BRDA:93,4,1,0
BRDA:94,5,0,5
BRDA:94,5,1,0
BRDA:96,6,0,2
BRDA:100,7,0,2
BRDA:113,8,0,2
BRDA:119,9,0,2
BRDA:122,10,0,2
BRDA:129,11,0,3
BRDA:129,11,1,0
BRDA:132,12,0,2
BRDA:137,13,0,1
BRDA:137,13,1,0
BRDA:171,14,0,0
BRDA:172,15,0,0
BRDA:180,16,0,1
BRDA:187,17,0,1
BRDA:187,18,0,4
BRDA:187,18,1,1
BRDA:199,19,0,4
BRDA:199,19,1,0
BRDA:226,20,0,0
BRDA:227,21,0,0
BRDA:234,22,0,1
BRDA:249,23,0,1
BRDA:249,23,1,2
BRDA:255,24,0,2
BRDA:255,24,1,1
BRDA:262,25,0,0
BRDA:263,26,0,0
BRDA:271,27,0,1
BRDA:271,28,0,3
BRDA:271,28,1,1
BRDA:275,29,0,1
BRDA:293,30,0,2
BRDA:300,31,0,2
BRDA:300,32,0,4
BRDA:300,32,1,2
BRDA:313,33,0,0
BRDA:313,34,0,0
BRDA:319,35,0,1
BRDA:335,36,0,2
BRDA:344,37,0,1
BRF:49
BRH:35
end_of_record
TN:
SF:src/modules/auth/auth.controller.ts
FN:10,(anonymous_4)
FN:15,(anonymous_5)
FN:22,(anonymous_6)
FN:29,(anonymous_7)
FN:36,(anonymous_8)
FNF:5
FNH:5
FNDA:4,(anonymous_4)
FNDA:1,(anonymous_5)
FNDA:1,(anonymous_6)
FNDA:1,(anonymous_7)
FNDA:1,(anonymous_8)
DA:1,1
DA:2,1
DA:3,1
DA:4,1
DA:5,1
DA:9,1
DA:10,4
DA:15,1
DA:16,1
DA:22,1
DA:23,1
DA:29,1
DA:30,1
DA:36,1
DA:37,1
LF:15
LH:15
BRF:0
BRH:0
end_of_record
TN:
SF:src/modules/auth/auth.service.ts
FN:17,(anonymous_2)
FN:25,(anonymous_3)
FN:56,(anonymous_4)
FN:98,(anonymous_5)
FN:116,(anonymous_6)
FN:148,(anonymous_7)
FN:167,(anonymous_8)
FNF:7
FNH:7
FNDA:16,(anonymous_2)
FNDA:3,(anonymous_3)
FNDA:9,(anonymous_4)
FNDA:7,(anonymous_5)
FNDA:3,(anonymous_6)
FNDA:2,(anonymous_7)
FNDA:5,(anonymous_8)
DA:1,2
DA:2,2
DA:3,2
DA:4,2
DA:5,2
DA:7,2
DA:8,2
DA:9,2
DA:14,2
DA:15,16
DA:18,16
DA:19,16
DA:20,16
DA:21,16
DA:22,16
DA:27,3
DA:28,3
DA:29,3
DA:30,2
DA:34,1
DA:35,1
DA:38,1
DA:41,1
DA:44,1
DA:47,0
DA:50,1
DA:53,1
DA:58,9
DA:59,9
DA:63,9
DA:64,2
DA:66,7
DA:67,2
DA:71,5
DA:72,5
DA:73,2
DA:77,3
DA:78,3
DA:79,1
DA:83,3
DA:93,3
DA:95,3
DA:99,7
DA:100,7
DA:101,2
DA:104,5
DA:105,2
DA:108,3
DA:109,3
DA:110,2
DA:113,1
DA:117,3
DA:119,3
DA:124,1
DA:127,1
DA:128,0
DA:132,1
DA:133,1
DA:134,0
DA:137,1
DA:138,0
DA:142,1
DA:144,2
DA:149,2
DA:150,2
DA:151,1
DA:153,1
DA:154,1
DA:161,1
DA:163,1
DA:168,5
DA:175,5
DA:181,5
DA:186,5
DA:188,5
LF:75
LH:71
BRDA:29,0,0,2
BRDA:44,1,0,0
BRDA:44,1,1,1
BRDA:63,2,0,2
BRDA:66,3,0,2
BRDA:72,4,0,2
BRDA:100,5,0,2
BRDA:104,6,0,2
BRDA:109,7,0,2
BRDA:120,8,0,3
BRDA:120,8,1,0
BRDA:127,9,0,0
BRDA:133,10,0,0
BRDA:137,11,0,0
BRDA:153,12,0,1
BRDA:177,13,0,5
BRDA:177,13,1,5
BRDA:182,14,0,5
BRDA:182,14,1,0
BRDA:183,15,0,5
BRDA:183,15,1,5
BRF:21
BRH:15
end_of_record
TN:
SF:src/modules/certification/certification.controller.ts
FN:13,(anonymous_4)
FN:17,(anonymous_5)
FN:23,(anonymous_6)
FNF:3
FNH:3
FNDA:3,(anonymous_4)
FNDA:1,(anonymous_5)
FNDA:2,(anonymous_6)
DA:1,1
DA:2,1
DA:3,1
DA:4,1
DA:5,1
DA:6,1
DA:12,1
DA:13,3
DA:17,1
DA:18,1
DA:23,1
DA:24,2
LF:12
LH:12
BRF:0
BRH:0
end_of_record
TN:
SF:src/modules/certification/certification.service.ts
FN:10,(anonymous_4)
FN:15,(anonymous_5)
FN:27,(anonymous_6)
FN:40,(anonymous_7)
FN:53,(anonymous_8)
FNF:5
FNH:5
FNDA:7,(anonymous_4)
FNDA:1,(anonymous_5)
FNDA:2,(anonymous_6)
FNDA:3,(anonymous_7)
FNDA:3,(anonymous_8)
DA:1,4
DA:2,4
DA:3,4
DA:4,4
DA:6,4
DA:9,4
DA:12,7
DA:16,1
DA:24,1
DA:28,2
DA:33,2
DA:34,1
DA:37,2
DA:41,3
DA:42,3
DA:43,2
DA:46,1
DA:47,1
DA:48,1
DA:50,1
DA:54,3
DA:55,3
DA:56,2
DA:59,1
DA:60,1
DA:61,1
DA:62,1
DA:64,1
LF:28
LH:28
BRDA:33,0,0,1
BRDA:42,1,0,2
BRDA:55,2,0,2
BRF:3
BRH:3
end_of_record
TN:
SF:src/modules/certification-type/certification-type.controller.ts
FN:41,(anonymous_4)
FN:80,(anonymous_5)
FN:84,(anonymous_6)
FN:91,(anonymous_7)
FN:97,(anonymous_8)
FN:104,(anonymous_9)
FN:114,(anonymous_10)
FN:121,(anonymous_11)
FN:130,(anonymous_12)
FN:135,(anonymous_13)
FN:138,(anonymous_14)
FNF:11
FNH:10
FNDA:0,(anonymous_4)
FNDA:6,(anonymous_5)
FNDA:1,(anonymous_6)
FNDA:1,(anonymous_7)
FNDA:1,(anonymous_8)
FNDA:1,(anonymous_9)
FNDA:1,(anonymous_10)
FNDA:1,(anonymous_11)
FNDA:1,(anonymous_12)
FNDA:1,(anonymous_13)
FNDA:1,(anonymous_14)
DA:1,1
DA:11,1
DA:12,1
DA:13,1
DA:14,1
DA:15,1
DA:16,1
DA:26,1
DA:29,1
DA:33,1
DA:37,1
DA:41,0
DA:42,1
DA:46,1
DA:52,1
DA:56,1
DA:60,1
DA:64,1
DA:68,1
DA:72,1
DA:79,1
DA:80,6
DA:84,1
DA:85,1
DA:86,1
DA:91,1
DA:92,1
DA:97,1
DA:98,1
DA:99,1
DA:104,1
DA:108,1
DA:109,1
DA:114,1
DA:115,1
DA:116,1
DA:121,1
DA:122,1
DA:123,1
DA:129,1
DA:130,1
DA:135,1
DA:136,1
DA:137,1
DA:138,1
LF:45
LH:44
BRF:0
BRH:0
end_of_record
TN:
SF:src/modules/certification-type/certification-type.service.ts
FN:8,(anonymous_4)
FN:13,(anonymous_5)
FN:21,(anonymous_6)
FN:29,(anonymous_7)
FN:39,(anonymous_8)
FN:44,(anonymous_9)
FN:50,(anonymous_10)
FN:54,(anonymous_11)
FNF:8
FNH:8
FNDA:12,(anonymous_4)
FNDA:2,(anonymous_5)
FNDA:5,(anonymous_6)
FNDA:3,(anonymous_7)
FNDA:1,(anonymous_8)
FNDA:2,(anonymous_9)
FNDA:1,(anonymous_10)
FNDA:2,(anonymous_11)
DA:1,2
DA:2,2
DA:3,2
DA:4,2
DA:7,2
DA:10,12
DA:14,2
DA:15,2
DA:22,5
DA:23,5
DA:24,3
DA:26,2
DA:30,3
DA:33,3
DA:34,2
DA:36,1
DA:40,1
DA:41,1
DA:45,2
DA:46,1
DA:47,1
DA:51,1
DA:55,2
DA:98,2
DA:99,10
DA:102,10
DA:103,5
LF:27
LH:27
BRDA:13,0,0,0
BRDA:14,1,0,1
BRDA:14,1,1,1
BRDA:23,2,0,3
BRDA:33,3,0,2
BRDA:102,4,0,5
BRF:6
BRH:5
end_of_record
TN:
SF:src/modules/chat/chat.controller.ts
FN:13,(anonymous_4)
FN:17,(anonymous_5)
FN:23,(anonymous_6)
FN:35,(anonymous_7)
FN:41,(anonymous_8)
FNF:5
FNH:5
FNDA:5,(anonymous_4)
FNDA:1,(anonymous_5)
FNDA:2,(anonymous_6)
FNDA:1,(anonymous_7)
FNDA:1,(anonymous_8)
DA:1,1
DA:2,1
DA:3,1
DA:4,1
DA:5,1
DA:6,1
DA:12,1
DA:13,5
DA:17,1
DA:18,1
DA:23,1
DA:30,2
DA:35,1
DA:36,1
DA:41,1
DA:42,1
LF:16
LH:16
BRDA:26,0,0,1
BRDA:27,1,0,1
BRF:2
BRH:2
end_of_record
TN:
SF:src/modules/chat/chat.service.ts
FN:17,(anonymous_4)
FN:25,(anonymous_5)
FN:88,(anonymous_6)
FN:113,(anonymous_7)
FN:124,(anonymous_8)
FN:157,(anonymous_9)
FN:168,(anonymous_10)
FNF:7
FNH:7
FNDA:15,(anonymous_4)
FNDA:7,(anonymous_5)
FNDA:5,(anonymous_6)
FNDA:104,(anonymous_7)
FNDA:3,(anonymous_8)
FNDA:2,(anonymous_9)
FNDA:3,(anonymous_10)
DA:1,2
DA:6,2
DA:7,2
DA:8,2
DA:9,2
DA:10,2
DA:12,2
DA:13,2
DA:16,2
DA:19,15
DA:20,15
DA:21,15
DA:22,15
DA:27,7
DA:31,7
DA:32,2
DA:36,5
DA:37,5
DA:38,2
DA:42,3
DA:49,3
DA:52,3
DA:53,3
DA:56,3
DA:71,3
DA:85,3
DA:95,5
DA:103,5
DA:104,1
DA:107,5
DA:112,5
DA:113,104
DA:126,3
DA:133,3
DA:135,3
DA:137,5
DA:139,5
DA:140,3
DA:141,3
DA:143,3
DA:154,3
DA:158,2
DA:172,3
LF:43
LH:43
BRDA:31,0,0,2
BRDA:37,1,0,2
BRDA:46,2,0,3
BRDA:46,2,1,0
BRDA:63,3,0,3
BRDA:63,3,1,0
BRDA:78,4,0,3
BRDA:78,4,1,0
BRDA:91,5,0,0
BRDA:92,6,0,0
BRDA:103,7,0,1
BRDA:137,8,0,3
BRDA:137,8,1,2
BRDA:139,9,0,3
BRF:14
BRH:9
end_of_record
TN:
SF:src/modules/file/admin-file.controller.ts
FN:17,(anonymous_4)
FN:20,(anonymous_5)
FN:38,(anonymous_6)
FN:60,(anonymous_7)
FN:69,(anonymous_8)
FN:75,(anonymous_9)
FNF:6
FNH:6
FNDA:5,(anonymous_4)
FNDA:2,(anonymous_5)
FNDA:1,(anonymous_6)
FNDA:1,(anonymous_7)
FNDA:1,(anonymous_8)
FNDA:1,(anonymous_9)
DA:1,1
DA:11,1
DA:12,1
DA:16,1
DA:17,5
DA:20,1
DA:28,2
DA:37,2
DA:38,1
DA:60,1
DA:64,1
DA:65,1
DA:69,1
DA:70,1
DA:71,1
DA:75,1
DA:79,1
DA:80,1
LF:18
LH:18
BRDA:21,0,0,0
BRDA:22,1,0,0
BRF:2
BRH:0
end_of_record
TN:
SF:src/modules/file/file.controller.ts
FN:22,(anonymous_4)
FN:25,(anonymous_5)
FN:30,(anonymous_6)
FN:42,(anonymous_7)
FN:87,(anonymous_8)
FN:100,(anonymous_9)
FN:118,(anonymous_10)
FN:135,(anonymous_11)
FN:152,(anonymous_12)
FNF:9
FNH:9
FNDA:8,(anonymous_4)
FNDA:1,(anonymous_5)
FNDA:1,(anonymous_6)
FNDA:1,(anonymous_7)
FNDA:1,(anonymous_8)
FNDA:2,(anonymous_9)
FNDA:1,(anonymous_10)
FNDA:1,(anonymous_11)
FNDA:1,(anonymous_12)
DA:1,1
DA:14,1
DA:15,1
DA:17,1
DA:21,1
DA:22,8
DA:25,1
DA:26,1
DA:30,1
DA:33,1
DA:34,1
DA:42,1
DA:54,1
DA:55,1
DA:70,1
DA:72,1
DA:87,1
DA:88,1
DA:89,1
DA:100,1
DA:101,2
DA:102,2
DA:103,1
DA:109,1
DA:110,1
DA:118,1
DA:124,1
DA:125,0
DA:127,1
DA:134,1
DA:135,1
DA:152,1
DA:153,1
DA:154,1
LF:34
LH:33
BRDA:54,0,0,1
BRDA:54,0,1,0
BRDA:57,1,0,1
BRDA:57,1,1,0
BRDA:61,2,0,1
BRDA:61,2,1,0
BRDA:62,3,0,1
BRDA:62,3,1,0
BRDA:63,4,0,1
BRDA:63,4,1,0
BRDA:63,4,2,0
BRDA:64,5,0,1
BRDA:64,5,1,1
BRDA:102,6,0,1
BRDA:119,7,0,0
BRDA:120,8,0,0
BRDA:124,9,0,0
BRF:17
BRH:8
end_of_record
TN:
SF:src/modules/file/file.service.ts
FN:17,(anonymous_4)
FN:42,(anonymous_5)
FN:47,(anonymous_6)
FN:55,(anonymous_7)
FN:59,(anonymous_8)
FN:79,(anonymous_9)
FN:118,(anonymous_10)
FN:124,(anonymous_11)
FN:130,(anonymous_12)
FN:137,(anonymous_13)
FN:141,(anonymous_14)
FN:149,(anonymous_15)
FN:163,(anonymous_16)
FN:177,(anonymous_17)
FN:182,(anonymous_18)
FN:187,(anonymous_19)
FN:192,(anonymous_20)
FNF:17
FNH:17
FNDA:27,(anonymous_4)
FNDA:1,(anonymous_5)
FNDA:10,(anonymous_6)
FNDA:5,(anonymous_7)
FNDA:2,(anonymous_8)
FNDA:3,(anonymous_9)
FNDA:1,(anonymous_10)
FNDA:1,(anonymous_11)
FNDA:1,(anonymous_12)
FNDA:2,(anonymous_13)
FNDA:2,(anonymous_14)
FNDA:3,(anonymous_15)
FNDA:2,(anonymous_16)
FNDA:3,(anonymous_17)
FNDA:2,(anonymous_18)
FNDA:1,(anonymous_19)
FNDA:1,(anonymous_20)
DA:1,4
DA:2,4
DA:3,4
DA:4,4
DA:5,4
DA:6,4
DA:9,4
DA:10,27
DA:19,27
DA:20,27
DA:22,27
DA:24,27
DA:26,27
DA:28,27
DA:29,27
DA:33,27
DA:43,1
DA:44,1
DA:48,10
DA:49,10
DA:50,2
DA:52,8
DA:56,5
DA:65,2
DA:66,2
DA:67,1
DA:70,2
DA:76,2
DA:87,3
DA:89,3
DA:90,1
DA:93,3
DA:94,1
DA:100,3
DA:101,0
DA:104,3
DA:105,0
DA:108,3
DA:110,3
DA:115,3
DA:119,1
DA:120,1
DA:121,1
DA:125,1
DA:126,1
DA:127,1
DA:131,1
DA:134,1
DA:138,2
DA:142,2
DA:143,2
DA:144,1
DA:146,1
DA:150,3
DA:151,3
DA:156,2
DA:158,1
DA:159,1
DA:164,2
DA:165,2
DA:170,1
DA:172,1
DA:173,1
DA:178,3
DA:179,3
DA:183,2
DA:184,2
DA:188,1
DA:189,1
DA:193,1
LF:70
LH:68
BRDA:23,0,0,27
BRDA:23,0,1,0
BRDA:25,1,0,27
BRDA:25,1,1,0
BRDA:27,2,0,27
BRDA:27,2,1,0
BRDA:28,3,0,27
BRDA:28,3,1,0
BRDA:49,4,0,2
BRDA:61,5,0,0
BRDA:62,6,0,0
BRDA:66,7,0,1
BRDA:80,8,0,0
BRDA:81,9,0,0
BRDA:89,10,0,1
BRDA:93,11,0,1
BRDA:100,12,0,0
BRDA:104,13,0,0
BRDA:134,14,0,1
BRDA:134,14,1,0
BRDA:143,15,0,1
BRDA:179,16,0,2
BRDA:179,16,1,1
BRF:23
BRH:12
end_of_record
TN:
SF:src/modules/friend/friend.controller.ts
FN:12,(anonymous_4)
FN:16,(anonymous_5)
FN:22,(anonymous_6)
FN:28,(anonymous_7)
FN:37,(anonymous_8)
FN:43,(anonymous_9)
FN:49,(anonymous_10)
FN:55,(anonymous_11)
FN:61,(anonymous_12)
FNF:9
FNH:9
FNDA:9,(anonymous_4)
FNDA:1,(anonymous_5)
FNDA:1,(anonymous_6)
FNDA:1,(anonymous_7)
FNDA:1,(anonymous_8)
FNDA:1,(anonymous_9)
FNDA:1,(anonymous_10)
FNDA:2,(anonymous_11)
FNDA:1,(anonymous_12)
DA:1,1
DA:2,1
DA:3,1
DA:4,1
DA:5,1
DA:11,1
DA:12,9
DA:16,1
DA:17,1
DA:22,1
DA:23,1
DA:28,1
DA:32,1
DA:37,1
DA:38,1
DA:43,1
DA:44,1
DA:49,1
DA:50,1
DA:55,1
DA:56,2
DA:61,1
DA:62,1
LF:23
LH:23
BRF:0
BRH:0
end_of_record
TN:
SF:src/modules/friend/friend.service.ts
FN:12,(anonymous_4)
FN:21,(anonymous_5)
FN:27,(anonymous_6)
FN:38,(anonymous_7)
FN:44,(anonymous_8)
FN:55,(anonymous_9)
FN:77,(anonymous_10)
FN:122,(anonymous_11)
FN:134,(anonymous_12)
FN:152,(anonymous_13)
FN:164,(anonymous_14)
FN:170,(anonymous_15)
FN:180,(anonymous_16)
FN:187,(anonymous_17)
FN:194,(anonymous_18)
FN:217,(anonymous_19)
FNF:16
FNH:12
FNDA:21,(anonymous_4)
FNDA:3,(anonymous_5)
FNDA:101,(anonymous_6)
FNDA:1,(anonymous_7)
FNDA:1,(anonymous_8)
FNDA:5,(anonymous_9)
FNDA:10,(anonymous_10)
FNDA:3,(anonymous_11)
FNDA:3,(anonymous_12)
FNDA:3,(anonymous_13)
FNDA:2,(anonymous_14)
FNDA:1,(anonymous_15)
FNDA:0,(anonymous_16)
FNDA:0,(anonymous_17)
FNDA:0,(anonymous_18)
FNDA:0,(anonymous_19)
DA:1,4
DA:2,4
DA:3,4
DA:4,4
DA:5,4
DA:6,4
DA:7,4
DA:8,4
DA:11,4
DA:14,21
DA:16,21
DA:17,21
DA:18,21
DA:22,3
DA:27,101
DA:39,1
DA:44,1
DA:56,5
DA:57,2
DA:60,3
DA:64,3
DA:65,2
DA:68,1
DA:74,1
DA:78,10
DA:83,10
DA:84,2
DA:87,8
DA:88,2
DA:92,6
DA:93,3
DA:97,3
DA:98,3
DA:99,2
DA:103,1
DA:106,1
DA:107,1
DA:110,1
DA:114,1
DA:115,1
DA:116,1
DA:119,1
DA:123,3
DA:127,3
DA:128,2
DA:131,1
DA:135,3
DA:139,3
DA:140,2
DA:143,1
DA:149,1
DA:153,3
DA:157,3
DA:158,2
DA:161,1
DA:165,2
DA:170,2
DA:181,0
DA:184,0
DA:188,0
DA:191,0
DA:195,0
DA:199,0
DA:200,0
DA:202,0
DA:203,0
DA:204,0
DA:205,0
DA:207,0
DA:218,0
DA:221,0
DA:222,0
DA:223,0
LF:73
LH:57
BRDA:56,0,0,2
BRDA:64,1,0,2
BRDA:83,2,0,2
BRDA:87,3,0,2
BRDA:92,4,0,3
BRDA:98,5,0,2
BRDA:114,6,0,1
BRDA:127,7,0,2
BRDA:139,8,0,2
BRDA:157,9,0,2
BRDA:204,10,0,0
BRDA:204,10,1,0
BRDA:205,11,0,0
BRDA:205,11,1,0
BRDA:205,11,2,0
BRDA:205,11,3,0
BRDA:221,12,0,0
BRDA:222,13,0,0
BRDA:222,13,1,0
BRF:19
BRH:10
end_of_record
TN:
SF:src/modules/points/points.controller.ts
FN:12,(anonymous_4)
FN:16,(anonymous_5)
FN:22,(anonymous_6)
FN:28,(anonymous_7)
FN:34,(anonymous_8)
FNF:5
FNH:5
FNDA:5,(anonymous_4)
FNDA:1,(anonymous_5)
FNDA:1,(anonymous_6)
FNDA:1,(anonymous_7)
FNDA:2,(anonymous_8)
DA:1,1
DA:2,1
DA:3,1
DA:4,1
DA:5,1
DA:11,1
DA:12,5
DA:16,1
DA:17,1
DA:22,1
DA:23,1
DA:28,1
DA:29,1
DA:34,1
DA:40,2
LF:15
LH:15
BRDA:36,0,0,0
BRDA:37,1,0,0
BRF:2
BRH:0
end_of_record
TN:
SF:src/modules/points/points.service.ts
FN:25,(anonymous_4)
FN:33,(anonymous_5)
FN:56,(anonymous_6)
FN:83,(anonymous_7)
FN:131,(anonymous_8)
FN:144,(anonymous_9)
FN:172,(anonymous_10)
FNF:7
FNH:7
FNDA:16,(anonymous_4)
FNDA:2,(anonymous_5)
FNDA:8,(anonymous_6)
FNDA:5,(anonymous_7)
FNDA:2,(anonymous_8)
FNDA:3,(anonymous_9)
FNDA:3,(anonymous_10)
DA:1,12
DA:2,12
DA:3,12
DA:4,12
DA:5,12
DA:6,12
DA:7,12
DA:8,12
DA:11,12
DA:24,12
DA:27,16
DA:28,16
DA:29,16
DA:30,16
DA:34,2
DA:35,2
DA:42,2
DA:49,2
DA:63,8
DA:64,8
DA:66,8
DA:76,8
DA:77,8
DA:80,8
DA:84,5
DA:85,5
DA:87,5
DA:88,5
DA:89,2
DA:93,3
DA:94,3
DA:95,3
DA:96,3
DA:97,3
DA:99,3
DA:100,3
DA:101,2
DA:102,2
DA:106,3
DA:107,3
DA:108,3
DA:110,3
DA:111,3
DA:112,3
DA:113,1
DA:116,3
DA:119,3
DA:122,3
DA:124,3
DA:132,2
DA:133,2
DA:134,2
DA:136,2
DA:138,2
DA:150,3
DA:155,3
DA:156,1
DA:159,3
DA:164,3
DA:173,3
DA:185,3
LF:61
LH:61
BRDA:51,0,0,2
BRDA:51,0,1,1
BRDA:52,1,0,2
BRDA:52,1,1,1
BRDA:60,2,0,3
BRDA:68,3,0,6
BRDA:68,3,1,2
BRDA:73,4,0,8
BRDA:73,4,1,3
BRDA:88,5,0,2
BRDA:100,6,0,2
BRDA:102,7,0,2
BRDA:102,7,1,0
BRDA:112,8,0,1
BRDA:112,9,0,3
BRDA:112,9,1,2
BRDA:140,10,0,2
BRDA:140,10,1,1
BRDA:146,11,0,0
BRDA:147,12,0,0
BRDA:155,13,0,1
BRDA:185,14,0,3
BRDA:185,14,1,0
BRF:23
BRH:19
end_of_record
TN:
SF:src/modules/points-config/points-config.controller.ts
FN:54,(anonymous_4)
FN:63,(anonymous_5)
FN:67,(anonymous_6)
FN:74,(anonymous_7)
FN:80,(anonymous_8)
FN:135,(anonymous_9)
FN:142,(anonymous_10)
FN:151,(anonymous_11)
FN:156,(anonymous_12)
FN:159,(anonymous_13)
FNF:10
FNH:9
FNDA:0,(anonymous_4)
FNDA:5,(anonymous_5)
FNDA:1,(anonymous_6)
FNDA:1,(anonymous_7)
FNDA:1,(anonymous_8)
FNDA:1,(anonymous_9)
FNDA:1,(anonymous_10)
FNDA:1,(anonymous_11)
FNDA:1,(anonymous_12)
FNDA:3,(anonymous_13)
DA:1,1
DA:11,1
DA:12,1
DA:13,1
DA:14,1
DA:15,1
DA:16,1
DA:28,1
DA:32,1
DA:36,1
DA:41,1
DA:44,1
DA:48,1
DA:54,0
DA:55,1
DA:62,1
DA:63,5
DA:67,1
DA:68,1
DA:69,1
DA:74,1
DA:75,1
DA:80,1
DA:81,1
DA:82,1
DA:135,1
DA:136,1
DA:137,1
DA:142,1
DA:143,1
DA:144,1
DA:150,1
DA:151,1
DA:156,1
DA:157,1
DA:158,1
DA:159,1
DA:160,3
DA:161,2
DA:164,1
LF:40
LH:39
BRDA:160,0,0,2
BRF:1
BRH:1
end_of_record
TN:
SF:src/modules/points-config/points-config.service.ts
FN:8,(anonymous_4)
FN:13,(anonymous_5)
FN:19,(anonymous_6)
FN:29,(anonymous_7)
FN:40,(anonymous_8)
FN:49,(anonymous_9)
FN:54,(anonymous_10)
FN:58,(anonymous_11)
FN:66,(anonymous_12)
FNF:9
FNH:9
FNDA:14,(anonymous_4)
FNDA:1,(anonymous_5)
FNDA:3,(anonymous_6)
FNDA:4,(anonymous_7)
FNDA:4,(anonymous_8)
FNDA:1,(anonymous_9)
FNDA:1,(anonymous_10)
FNDA:1,(anonymous_11)
FNDA:2,(anonymous_12)
DA:1,14
DA:2,14
DA:3,14
DA:4,14
DA:7,14
DA:10,14
DA:14,1
DA:20,3
DA:23,3
DA:24,2
DA:26,1
DA:30,4
DA:31,4
DA:34,3
DA:36,1
DA:41,4
DA:42,4
DA:43,1
DA:45,4
DA:46,4
DA:50,1
DA:51,1
DA:55,1
DA:61,1
DA:62,2
DA:67,2
DA:80,2
DA:81,20
DA:84,20
DA:85,10
LF:30
LH:30
BRDA:23,0,0,2
BRDA:29,1,0,1
BRDA:34,2,0,1
BRDA:34,2,1,2
BRDA:42,3,0,1
BRDA:84,4,0,10
BRF:6
BRH:6
end_of_record
TN:
SF:src/modules/profile/profile.controller.ts
FN:13,(anonymous_4)
FN:17,(anonymous_5)
FN:23,(anonymous_6)
FNF:3
FNH:3
FNDA:2,(anonymous_4)
FNDA:1,(anonymous_5)
FNDA:1,(anonymous_6)
DA:1,1
DA:2,1
DA:3,1
DA:4,1
DA:5,1
DA:6,1
DA:12,1
DA:13,2
DA:17,1
DA:18,1
DA:23,1
DA:24,1
LF:12
LH:12
BRF:0
BRH:0
end_of_record
TN:
SF:src/modules/profile/profile.service.ts
FN:9,(anonymous_4)
FN:14,(anonymous_5)
FN:22,(anonymous_6)
FN:27,(anonymous_7)
FNF:4
FNH:4
FNDA:5,(anonymous_4)
FNDA:2,(anonymous_5)
FNDA:2,(anonymous_6)
FNDA:2,(anonymous_7)
DA:1,2
DA:2,2
DA:3,2
DA:4,2
DA:8,2
DA:11,5
DA:15,2
DA:16,2
DA:17,1
DA:19,1
DA:23,2
DA:24,2
DA:28,2
DA:29,2
DA:30,1
DA:32,2
DA:33,2
LF:17
LH:17
BRDA:16,0,0,1
BRDA:29,1,0,1
BRF:2
BRH:2
end_of_record
TN:
SF:src/modules/square/square.controller.ts
FN:28,(anonymous_4)
FN:32,(anonymous_5)
FN:41,(anonymous_6)
FN:53,(anonymous_7)
FN:69,(anonymous_8)
FN:75,(anonymous_9)
FN:84,(anonymous_10)
FN:93,(anonymous_11)
FN:109,(anonymous_12)
FN:115,(anonymous_13)
FNF:10
FNH:10
FNDA:14,(anonymous_4)
FNDA:1,(anonymous_5)
FNDA:3,(anonymous_6)
FNDA:2,(anonymous_7)
FNDA:1,(anonymous_8)
FNDA:1,(anonymous_9)
FNDA:1,(anonymous_10)
FNDA:3,(anonymous_11)
FNDA:1,(anonymous_12)
FNDA:1,(anonymous_13)
DA:1,1
DA:12,1
DA:13,1
DA:14,1
DA:15,1
DA:21,1
DA:27,1
DA:28,14
DA:32,1
DA:36,1
DA:41,1
DA:46,3
DA:47,3
DA:48,3
DA:53,1
DA:59,2
DA:69,1
DA:70,1
DA:75,1
DA:79,1
DA:84,1
DA:88,1
DA:93,1
DA:98,3
DA:99,3
DA:100,3
DA:109,1
DA:110,1
DA:115,1
DA:116,1
LF:30
LH:30
BRDA:42,0,0,1
BRDA:43,1,0,1
BRDA:44,2,0,1
BRDA:46,3,0,3
BRDA:46,3,1,1
BRDA:47,4,0,3
BRDA:47,4,1,1
BRDA:55,5,0,1
BRDA:56,6,0,1
BRDA:57,7,0,1
BRDA:95,8,0,1
BRDA:96,9,0,1
BRDA:98,10,0,3
BRDA:98,10,1,1
BRDA:99,11,0,3
BRDA:99,11,1,1
BRF:16
BRH:16
end_of_record
TN:
SF:src/modules/square/square.service.ts
FN:24,(anonymous_4)
FN:37,(anonymous_5)
FN:66,(anonymous_6)
FN:87,(anonymous_7)
FN:102,(anonymous_8)
FN:123,(anonymous_9)
FN:133,(anonymous_10)
FN:172,(anonymous_11)
FN:180,(anonymous_12)
FN:199,(anonymous_13)
FN:232,(anonymous_14)
FN:262,(anonymous_15)
FN:292,(anonymous_16)
FN:310,(anonymous_17)
FN:337,(anonymous_18)
FN:343,(anonymous_19)
FN:390,(anonymous_20)
FNF:17
FNH:14
FNDA:35,(anonymous_4)
FNDA:3,(anonymous_5)
FNDA:3,(anonymous_6)
FNDA:2,(anonymous_7)
FNDA:3,(anonymous_8)
FNDA:3,(anonymous_9)
FNDA:5,(anonymous_10)
FNDA:0,(anonymous_11)
FNDA:0,(anonymous_12)
FNDA:7,(anonymous_13)
FNDA:4,(anonymous_14)
FNDA:1,(anonymous_15)
FNDA:5,(anonymous_16)
FNDA:3,(anonymous_17)
FNDA:0,(anonymous_18)
FNDA:5,(anonymous_19)
FNDA:2,(anonymous_20)
DA:1,4
DA:6,4
DA:7,4
DA:8,4
DA:9,4
DA:10,4
DA:11,4
DA:18,4
DA:19,4
DA:20,4
DA:23,4
DA:26,35
DA:28,35
DA:30,35
DA:32,35
DA:33,35
DA:34,35
DA:39,3
DA:43,3
DA:53,3
DA:56,3
DA:63,3
DA:71,3
DA:76,3
DA:77,1
DA:79,2
DA:82,3
DA:87,3
DA:99,3
DA:103,3
DA:108,3
DA:109,2
DA:112,1
DA:124,3
DA:125,3
DA:126,2
DA:129,1
DA:130,1
DA:134,5
DA:137,5
DA:145,5
DA:146,3
DA:147,3
DA:150,3
DA:154,3
DA:155,3
DA:156,3
DA:160,2
DA:161,2
DA:164,5
DA:167,5
DA:169,3
DA:172,0
DA:177,2
DA:180,0
DA:186,5
DA:193,5
DA:205,7
DA:206,7
DA:207,7
DA:209,7
DA:220,6
DA:221,1
DA:225,5
DA:228,6
DA:231,6
DA:233,4
DA:236,4
DA:237,1
DA:249,4
DA:262,1
DA:280,6
DA:287,1
DA:288,1
DA:293,5
DA:294,5
DA:295,5
DA:297,5
DA:308,4
DA:310,4
DA:325,4
DA:332,1
DA:333,1
DA:338,0
DA:344,5
DA:348,5
DA:350,2
DA:352,2
DA:353,1
DA:360,2
DA:363,3
DA:368,3
DA:370,3
DA:371,1
DA:379,3
DA:386,3
DA:391,2
DA:397,2
LF:98
LH:95
BRDA:39,0,0,1
BRDA:39,0,1,2
BRDA:47,1,0,3
BRDA:47,1,1,0
BRDA:67,2,0,0
BRDA:68,3,0,0
BRDA:69,4,0,0
BRDA:76,5,0,1
BRDA:76,5,1,2
BRDA:89,6,0,1
BRDA:89,6,1,1
BRDA:108,7,0,2
BRDA:125,8,0,2
BRDA:145,9,0,3
BRDA:145,9,1,2
BRDA:147,10,0,3
BRDA:147,10,1,0
BRDA:154,11,0,3
BRDA:155,12,0,3
BRDA:155,12,1,2
BRDA:156,13,0,3
BRDA:156,13,1,2
BRDA:167,14,0,3
BRDA:167,14,1,2
BRDA:201,15,0,0
BRDA:202,16,0,0
BRDA:203,17,0,5
BRDA:206,18,0,1
BRDA:206,18,1,6
BRDA:206,19,0,7
BRDA:206,19,1,7
BRDA:207,20,0,1
BRDA:207,20,1,6
BRDA:207,21,0,7
BRDA:207,21,1,7
BRDA:220,22,0,1
BRDA:220,22,1,5
BRDA:236,23,0,1
BRDA:251,24,0,3
BRDA:251,24,1,1
BRDA:256,25,0,0
BRDA:256,25,1,4
BRDA:264,26,0,1
BRDA:264,26,1,0
BRDA:269,27,0,0
BRDA:269,27,1,1
BRDA:292,28,0,0
BRDA:292,29,0,0
BRDA:294,30,0,1
BRDA:294,30,1,4
BRDA:294,31,0,5
BRDA:294,31,1,5
BRDA:295,32,0,1
BRDA:295,32,1,4
BRDA:295,33,0,5
BRDA:295,33,1,5
BRDA:312,34,0,2
BRDA:312,34,1,1
BRDA:317,35,0,0
BRDA:317,35,1,3
BRDA:348,36,0,2
BRDA:348,36,1,3
BRDA:352,37,0,1
BRDA:370,38,0,1
BRF:64
BRH:51
end_of_record
TN:
SF:src/modules/system-config/system-config.controller.ts
FN:59,(anonymous_4)
FN:63,(anonymous_5)
FN:70,(anonymous_6)
FN:77,(anonymous_7)
FN:83,(anonymous_8)
FN:90,(anonymous_9)
FN:97,(anonymous_10)
FN:104,(anonymous_11)
FN:113,(anonymous_12)
FN:118,(anonymous_13)
FNF:10
FNH:10
FNDA:8,(anonymous_4)
FNDA:2,(anonymous_5)
FNDA:1,(anonymous_6)
FNDA:1,(anonymous_7)
FNDA:1,(anonymous_8)
FNDA:1,(anonymous_9)
FNDA:1,(anonymous_10)
FNDA:1,(anonymous_11)
FNDA:1,(anonymous_12)
FNDA:1,(anonymous_13)
DA:1,1
DA:2,1
DA:3,1
DA:4,1
DA:5,1
DA:6,1
DA:11,1
DA:15,1
DA:19,1
DA:23,1
DA:27,1
DA:32,1
DA:35,1
DA:39,1
DA:43,1
DA:47,1
DA:51,1
DA:58,1
DA:59,8
DA:63,1
DA:64,2
DA:65,2
DA:70,1
DA:71,1
DA:72,1
DA:77,1
DA:78,1
DA:83,1
DA:84,1
DA:85,1
DA:90,1
DA:91,1
DA:92,1
DA:97,1
DA:98,1
DA:99,1
DA:104,1
DA:105,1
DA:106,1
DA:112,1
DA:113,1
DA:118,1
DA:119,1
LF:43
LH:43
BRF:0
BRH:0
end_of_record
TN:
SF:src/modules/system-config/system-config.service.ts
FN:8,(anonymous_4)
FN:13,(anonymous_5)
FN:20,(anonymous_6)
FN:30,(anonymous_7)
FN:44,(anonymous_8)
FN:49,(anonymous_9)
FN:54,(anonymous_10)
FN:63,(anonymous_11)
FN:68,(anonymous_12)
FN:72,(anonymous_13)
FN:80,(anonymous_14)
FN:102,(anonymous_15)
FN:106,(anonymous_16)
FN:111,(anonymous_17)
FN:114,(anonymous_18)
FN:122,(anonymous_19)
FNF:16
FNH:16
FNDA:22,(anonymous_4)
FNDA:1,(anonymous_5)
FNDA:3,(anonymous_6)
FNDA:10,(anonymous_7)
FNDA:3,(anonymous_8)
FNDA:3,(anonymous_9)
FNDA:2,(anonymous_10)
FNDA:1,(anonymous_11)
FNDA:1,(anonymous_12)
FNDA:2,(anonymous_13)
FNDA:4,(anonymous_14)
FNDA:1,(anonymous_15)
FNDA:3,(anonymous_16)
FNDA:2,(anonymous_17)
FNDA:9,(anonymous_18)
FNDA:2,(anonymous_19)
DA:1,2
DA:2,2
DA:3,2
DA:4,2
DA:7,2
DA:10,22
DA:14,1
DA:15,1
DA:21,3
DA:24,3
DA:25,2
DA:27,1
DA:31,10
DA:32,10
DA:35,9
DA:36,4
DA:38,5
DA:40,1
DA:45,3
DA:46,3
DA:50,3
DA:51,3
DA:55,2
DA:56,2
DA:57,1
DA:59,2
DA:60,2
DA:64,1
DA:65,1
DA:69,1
DA:73,2
DA:77,2
DA:78,2
DA:80,2
DA:81,4
DA:82,4
DA:84,4
DA:85,3
DA:86,3
DA:88,3
DA:89,2
DA:91,3
DA:92,3
DA:94,0
DA:99,2
DA:103,1
DA:104,1
DA:106,1
DA:107,3
DA:108,3
DA:111,2
DA:115,9
DA:116,9
DA:118,5
DA:123,2
DA:136,2
DA:137,20
DA:140,20
DA:141,10
LF:59
LH:58
BRDA:14,0,0,0
BRDA:14,0,1,1
BRDA:24,1,0,2
BRDA:35,2,0,4
BRDA:44,3,0,1
BRDA:49,4,0,1
BRDA:51,5,0,3
BRDA:51,5,1,1
BRDA:56,6,0,1
BRDA:84,7,0,3
BRDA:88,8,0,2
BRDA:91,9,0,3
BRDA:91,9,1,0
BRDA:108,10,0,3
BRDA:108,10,1,2
BRDA:140,11,0,10
BRF:16
BRH:14
end_of_record
TN:
SF:src/modules/test-data/test-data.service.ts
FN:21,(anonymous_4)
FN:42,(anonymous_5)
FN:55,(anonymous_6)
FN:84,(anonymous_7)
FN:110,(anonymous_8)
FN:131,(anonymous_9)
FN:150,(anonymous_10)
FN:174,(anonymous_11)
FN:195,(anonymous_12)
FN:254,(anonymous_13)
FN:279,(anonymous_14)
FN:323,(anonymous_15)
FNF:12
FNH:12
FNDA:16,(anonymous_4)
FNDA:2,(anonymous_5)
FNDA:1,(anonymous_6)
FNDA:3,(anonymous_7)
FNDA:2,(anonymous_8)
FNDA:2,(anonymous_9)
FNDA:2,(anonymous_10)
FNDA:3,(anonymous_11)
FNDA:3,(anonymous_12)
FNDA:2,(anonymous_13)
FNDA:2,(anonymous_14)
FNDA:2,(anonymous_15)
DA:1,1
DA:2,1
DA:3,1
DA:4,1
DA:5,1
DA:6,1
DA:7,1
DA:8,1
DA:9,1
DA:10,1
DA:11,1
DA:12,1
DA:13,1
DA:14,1
DA:15,1
DA:18,1
DA:19,16
DA:23,16
DA:25,16
DA:27,16
DA:29,16
DA:31,16
DA:33,16
DA:35,16
DA:37,16
DA:39,16
DA:44,2
DA:45,2
DA:46,1
DA:47,1
DA:50,1
DA:51,1
DA:52,1
DA:57,1
DA:60,1
DA:63,1
DA:66,1
DA:69,1
DA:72,1
DA:75,1
DA:78,1
DA:81,1
DA:85,3
DA:86,3
DA:92,3
DA:93,9
DA:94,9
DA:103,9
DA:104,9
DA:107,3
DA:111,2
DA:118,2
DA:119,8
DA:127,8
DA:132,2
DA:138,2
DA:139,6
DA:146,6
DA:151,2
DA:153,6
DA:163,6
DA:175,3
DA:177,3
DA:182,3
DA:183,6
DA:184,5
DA:196,3
DA:197,3
DA:199,2
DA:205,2
DA:206,2
DA:207,6
DA:218,6
DA:219,6
DA:223,2
DA:224,2
DA:230,2
DA:231,6
DA:242,6
DA:246,2
DA:247,2
DA:251,2
DA:255,2
DA:256,2
DA:258,2
DA:265,2
DA:266,8
DA:271,8
DA:275,2
DA:276,2
DA:281,2
DA:288,2
DA:295,2
DA:302,2
DA:309,2
DA:316,2
DA:324,2
DA:333,2
DA:334,12
DA:341,12
LF:100
LH:100
BRDA:45,0,0,1
BRDA:183,1,0,5
BRDA:197,2,0,1
BRDA:213,3,0,0
BRDA:213,3,1,6
BRDA:223,4,0,2
BRDA:275,5,0,2
BRDA:276,6,0,2
BRF:8
BRH:7
end_of_record
TN:
SF:src/modules/user/user.controller.ts
FN:17,(anonymous_4)
FN:27,(anonymous_5)
FN:37,(anonymous_6)
FN:43,(anonymous_7)
FNF:4
FNH:4
FNDA:5,(anonymous_4)
FNDA:2,(anonymous_5)
FNDA:1,(anonymous_6)
FNDA:2,(anonymous_7)
DA:1,1
DA:2,1
DA:3,1
DA:4,1
DA:5,1
DA:6,1
DA:7,1
DA:8,1
DA:14,1
DA:18,5
DA:19,5
DA:20,5
DA:22,5
DA:27,1
DA:28,2
DA:29,2
DA:30,1
DA:32,2
DA:37,1
DA:38,1
DA:43,1
DA:48,2
DA:62,2
DA:65,2
DA:70,2
LF:25
LH:25
BRDA:22,0,0,5
BRDA:22,0,1,0
BRDA:29,1,0,1
BRDA:50,2,0,2
BRDA:50,2,1,0
BRF:5
BRH:3
end_of_record
TN:
SF:src/modules/user/user.service.ts
FN:12,(anonymous_4)
FN:19,(anonymous_5)
FN:33,(anonymous_6)
FN:41,(anonymous_7)
FN:45,(anonymous_8)
FN:49,(anonymous_9)
FN:55,(anonymous_10)
FN:61,(anonymous_11)
FN:67,(anonymous_12)
FN:68,(anonymous_13)
FNF:10
FNH:10
FNDA:18,(anonymous_4)
FNDA:2,(anonymous_5)
FNDA:10,(anonymous_6)
FNDA:2,(anonymous_7)
FNDA:2,(anonymous_8)
FNDA:2,(anonymous_9)
FNDA:3,(anonymous_10)
FNDA:2,(anonymous_11)
FNDA:3,(anonymous_12)
FNDA:2,(anonymous_13)
DA:1,15
DA:2,15
DA:3,15
DA:4,15
DA:5,15
DA:7,15
DA:8,15
DA:11,15
DA:14,18
DA:16,18
DA:20,2
DA:21,2
DA:30,2
DA:34,10
DA:35,10
DA:36,4
DA:38,6
DA:42,2
DA:46,2
DA:50,2
DA:51,1
DA:52,1
DA:56,3
DA:57,3
DA:58,3
DA:62,2
DA:63,1
DA:64,1
DA:68,3
DA:70,2
DA:73,2
DA:82,2
DA:85,2
DA:94,2
DA:95,1
DA:98,1
DA:99,1
DA:100,1
DA:102,1
DA:112,2
LF:40
LH:40
BRDA:35,0,0,4
BRDA:94,1,0,1
BRDA:98,2,0,1
BRF:3
BRH:3
end_of_record
TN:
SF:src/modules/websocket/chat.gateway.ts
FN:27,(anonymous_2)
FN:34,(anonymous_3)
FN:61,(anonymous_4)
FN:70,(anonymous_5)
FN:82,(anonymous_6)
FN:96,(anonymous_7)
FN:104,(anonymous_8)
FN:108,(anonymous_9)
FNF:8
FNH:7
FNDA:14,(anonymous_2)
FNDA:15,(anonymous_3)
FNDA:3,(anonymous_4)
FNDA:0,(anonymous_5)
FNDA:3,(anonymous_6)
FNDA:2,(anonymous_7)
FNDA:6,(anonymous_8)
FNDA:5,(anonymous_9)
DA:1,1
DA:9,1
DA:10,1
DA:11,1
DA:12,1
DA:19,1
DA:21,1
DA:23,14
DA:24,14
DA:25,14
DA:28,14
DA:29,14
DA:31,14
DA:35,15
DA:36,15
DA:37,15
DA:39,15
DA:41,15
DA:42,1
DA:43,1
DA:46,14
DA:47,13
DA:49,13
DA:51,13
DA:52,10
DA:54,13
DA:55,13
DA:56,13
DA:59,13
DA:61,13
DA:62,3
DA:63,3
DA:64,2
DA:66,1
DA:70,13
DA:71,0
DA:75,13
DA:77,2
DA:78,2
DA:83,3
DA:84,3
DA:85,2
DA:86,2
DA:87,2
DA:88,2
DA:89,1
DA:92,2
DA:97,2
DA:99,2
DA:100,2
DA:105,6
DA:106,6
DA:107,4
DA:108,4
DA:109,5
DA:110,5
DA:112,1
LF:57
LH:56
BRDA:39,0,0,14
BRDA:39,0,1,1
BRDA:41,1,0,1
BRDA:51,2,0,10
BRDA:55,3,0,13
BRDA:84,4,0,2
BRDA:86,5,0,2
BRDA:88,6,0,1
BRDA:99,7,0,2
BRDA:106,8,0,4
BRF:10
BRH:10
end_of_record
TN:
SF:src/modules/websocket/websocket-gateway.service.ts
FN:8,(anonymous_1)
FN:12,(anonymous_2)
FN:20,(anonymous_3)
FN:26,(anonymous_4)
FNF:4
FNH:4
FNDA:9,(anonymous_1)
FNDA:17,(anonymous_2)
FNDA:6,(anonymous_3)
FNDA:7,(anonymous_4)
DA:1,4
DA:5,4
DA:9,9
DA:13,17
DA:14,1
DA:15,1
DA:17,16
DA:21,6
DA:22,1
DA:23,1
DA:26,5
DA:27,7
DA:28,7
DA:30,1
LF:14
LH:14
BRDA:13,0,0,1
BRDA:21,1,0,1
BRF:2
BRH:2
end_of_record
