TN:
SF:src/common/constants/index.ts
FN:2,(anonymous_0)
FN:9,(anonymous_1)
FN:16,(anonymous_2)
FN:26,(anonymous_3)
FN:33,(anonymous_4)
FN:39,(anonymous_5)
FN:60,(anonymous_6)
FN:67,(anonymous_7)
FN:74,(anonymous_8)
FN:80,(anonymous_9)
FN:86,(anonymous_10)
FN:95,(anonymous_11)
FN:102,(anonymous_12)
FNF:13
FNH:13
FNDA:3,(anonymous_0)
FNDA:3,(anonymous_1)
FNDA:3,(anonymous_2)
FNDA:3,(anonymous_3)
FNDA:3,(anonymous_4)
FNDA:3,(anonymous_5)
FNDA:3,(anonymous_6)
FNDA:3,(anonymous_7)
FNDA:3,(anonymous_8)
FNDA:3,(anonymous_9)
FNDA:3,(anonymous_10)
FNDA:3,(anonymous_11)
FNDA:3,(anonymous_12)
DA:2,3
DA:3,3
DA:4,3
DA:5,3
DA:9,3
DA:10,3
DA:11,3
DA:12,3
DA:16,3
DA:17,3
DA:18,3
DA:19,3
DA:20,3
DA:21,3
DA:22,3
DA:26,3
DA:27,3
DA:28,3
DA:29,3
DA:33,3
DA:34,3
DA:35,3
DA:39,3
DA:40,3
DA:41,3
DA:42,3
DA:43,3
DA:44,3
DA:45,3
DA:46,3
DA:47,3
DA:48,3
DA:49,3
DA:53,3
DA:54,3
DA:55,3
DA:56,3
DA:57,3
DA:60,3
DA:61,3
DA:62,3
DA:63,3
DA:67,3
DA:68,3
DA:69,3
DA:70,3
DA:74,3
DA:75,3
DA:76,3
DA:80,3
DA:81,3
DA:82,3
DA:86,3
DA:87,3
DA:88,3
DA:89,3
DA:90,3
DA:91,3
DA:95,3
DA:96,3
DA:97,3
DA:98,3
DA:102,3
DA:103,3
DA:104,3
LF:65
LH:65
BRDA:2,0,0,3
BRDA:2,0,1,3
BRDA:9,1,0,3
BRDA:9,1,1,3
BRDA:16,2,0,3
BRDA:16,2,1,3
BRDA:26,3,0,3
BRDA:26,3,1,3
BRDA:33,4,0,3
BRDA:33,4,1,3
BRDA:39,5,0,3
BRDA:39,5,1,3
BRDA:60,6,0,3
BRDA:60,6,1,3
BRDA:67,7,0,3
BRDA:67,7,1,3
BRDA:74,8,0,3
BRDA:74,8,1,3
BRDA:80,9,0,3
BRDA:80,9,1,3
BRDA:86,10,0,3
BRDA:86,10,1,3
BRDA:95,11,0,3
BRDA:95,11,1,3
BRDA:102,12,0,3
BRDA:102,12,1,3
BRF:26
BRH:26
end_of_record
TN:
SF:src/common/decorators/public.decorator.ts
FN:4,(anonymous_0)
FNF:1
FNH:0
FNDA:0,(anonymous_0)
DA:1,0
DA:3,0
DA:4,0
LF:3
LH:0
BRF:0
BRH:0
end_of_record
TN:
SF:src/common/decorators/user.decorator.ts
FN:12,(anonymous_0)
FNF:1
FNH:0
FNDA:0,(anonymous_0)
DA:1,0
DA:11,0
DA:13,0
DA:14,0
DA:16,0
LF:5
LH:0
BRDA:16,0,0,0
BRDA:16,0,1,0
BRF:2
BRH:0
end_of_record
TN:
SF:src/common/filters/http-exception.filter.ts
FN:12,(anonymous_1)
FNF:1
FNH:0
FNDA:0,(anonymous_1)
DA:1,0
DA:11,0
DA:13,0
DA:14,0
DA:15,0
DA:17,0
DA:18,0
DA:20,0
DA:21,0
DA:23,0
DA:24,0
DA:25,0
DA:26,0
DA:27,0
DA:28,0
DA:30,0
DA:31,0
DA:35,0
DA:43,0
LF:19
LH:0
BRDA:23,0,0,0
BRDA:23,0,1,0
BRDA:25,1,0,0
BRDA:27,2,0,0
BRDA:27,2,1,0
BRDA:28,3,0,0
BRDA:28,3,1,0
BRDA:30,4,0,0
BRF:8
BRH:0
end_of_record
TN:
SF:src/common/guards/jwt-auth.guard.ts
FN:12,(anonymous_2)
FN:16,(anonymous_3)
FN:29,(anonymous_4)
FNF:3
FNH:0
FNDA:0,(anonymous_2)
FNDA:0,(anonymous_3)
FNDA:0,(anonymous_4)
DA:1,0
DA:6,0
DA:7,0
DA:8,0
DA:11,0
DA:12,0
DA:13,0
DA:17,0
DA:22,0
DA:23,0
DA:26,0
DA:30,0
DA:31,0
DA:33,0
LF:14
LH:0
BRDA:22,0,0,0
BRDA:30,1,0,0
BRDA:30,2,0,0
BRDA:30,2,1,0
BRDA:31,3,0,0
BRDA:31,3,1,0
BRF:6
BRH:0
end_of_record
TN:
SF:src/common/interceptors/transform.interceptor.ts
FN:15,(anonymous_1)
FN:20,(anonymous_2)
FNF:2
FNH:0
FNDA:0,(anonymous_1)
FNDA:0,(anonymous_2)
DA:1,0
DA:8,0
DA:12,0
DA:19,0
DA:20,0
LF:5
LH:0
BRF:0
BRH:0
end_of_record
TN:
SF:src/common/jwt/jwt.strategy.ts
FN:9,(anonymous_2)
FN:20,(anonymous_3)
FNF:2
FNH:0
FNDA:0,(anonymous_2)
FNDA:0,(anonymous_3)
DA:1,0
DA:2,0
DA:3,0
DA:4,0
DA:5,0
DA:8,0
DA:10,0
DA:11,0
DA:13,0
DA:21,0
DA:22,0
DA:31,0
DA:32,0
DA:33,0
DA:35,0
DA:36,0
DA:38,0
LF:17
LH:0
BRDA:16,0,0,0
BRDA:16,0,1,0
BRDA:21,1,0,0
BRDA:32,2,0,0
BRDA:35,3,0,0
BRF:5
BRH:0
end_of_record
TN:
SF:src/common/redis/redis.service.ts
FN:9,(anonymous_2)
FN:11,(anonymous_3)
FN:17,(anonymous_4)
FN:23,(anonymous_5)
FN:27,(anonymous_6)
FN:32,(anonymous_7)
FN:36,(anonymous_8)
FN:44,(anonymous_9)
FN:48,(anonymous_10)
FN:52,(anonymous_11)
FN:58,(anonymous_12)
FN:62,(anonymous_13)
FN:66,(anonymous_14)
FN:70,(anonymous_15)
FN:74,(anonymous_16)
FN:78,(anonymous_17)
FN:82,(anonymous_18)
FN:86,(anonymous_19)
FN:90,(anonymous_20)
FN:94,(anonymous_21)
FN:98,(anonymous_22)
FN:102,(anonymous_23)
FN:106,(anonymous_24)
FN:110,(anonymous_25)
FN:115,(anonymous_26)
FN:119,(anonymous_27)
FN:123,(anonymous_28)
FN:127,(anonymous_29)
FN:131,(anonymous_30)
FN:135,(anonymous_31)
FN:139,(anonymous_32)
FNF:31
FNH:0
FNDA:0,(anonymous_2)
FNDA:0,(anonymous_3)
FNDA:0,(anonymous_4)
FNDA:0,(anonymous_5)
FNDA:0,(anonymous_6)
FNDA:0,(anonymous_7)
FNDA:0,(anonymous_8)
FNDA:0,(anonymous_9)
FNDA:0,(anonymous_10)
FNDA:0,(anonymous_11)
FNDA:0,(anonymous_12)
FNDA:0,(anonymous_13)
FNDA:0,(anonymous_14)
FNDA:0,(anonymous_15)
FNDA:0,(anonymous_16)
FNDA:0,(anonymous_17)
FNDA:0,(anonymous_18)
FNDA:0,(anonymous_19)
FNDA:0,(anonymous_20)
FNDA:0,(anonymous_21)
FNDA:0,(anonymous_22)
FNDA:0,(anonymous_23)
FNDA:0,(anonymous_24)
FNDA:0,(anonymous_25)
FNDA:0,(anonymous_26)
FNDA:0,(anonymous_27)
FNDA:0,(anonymous_28)
FNDA:0,(anonymous_29)
FNDA:0,(anonymous_30)
FNDA:0,(anonymous_31)
FNDA:0,(anonymous_32)
DA:1,3
DA:2,3
DA:5,3
DA:6,0
DA:12,0
DA:18,0
DA:19,0
DA:23,0
DA:24,0
DA:27,0
DA:28,0
DA:33,0
DA:37,0
DA:38,0
DA:40,0
DA:45,0
DA:49,0
DA:53,0
DA:54,0
DA:55,0
DA:59,0
DA:63,0
DA:67,0
DA:71,0
DA:75,0
DA:79,0
DA:83,0
DA:87,0
DA:91,0
DA:95,0
DA:99,0
DA:103,0
DA:107,0
DA:111,0
DA:112,0
DA:116,0
DA:120,0
DA:124,0
DA:128,0
DA:132,0
DA:136,0
DA:140,0
DA:141,0
DA:142,0
DA:143,0
DA:145,0
LF:46
LH:3
BRDA:37,0,0,0
BRDA:37,0,1,0
BRDA:54,1,0,0
BRDA:112,2,0,0
BRDA:112,2,1,0
BRDA:141,3,0,0
BRF:6
BRH:0
end_of_record
TN:
SF:src/common/utils/password.util.ts
FN:23,(anonymous_0)
FN:24,(anonymous_1)
FN:35,(anonymous_2)
FN:50,(anonymous_3)
FN:54,(anonymous_4)
FN:69,(anonymous_5)
FN:83,(anonymous_6)
FN:103,(anonymous_7)
FNF:8
FNH:8
FNDA:14,(anonymous_0)
FNDA:14,(anonymous_1)
FNDA:14,(anonymous_2)
FNDA:10,(anonymous_3)
FNDA:10,(anonymous_4)
FNDA:8,(anonymous_5)
FNDA:6,(anonymous_6)
FNDA:3,(anonymous_7)
DA:1,4
DA:8,4
DA:10,4
DA:12,4
DA:14,4
DA:16,4
DA:24,14
DA:26,14
DA:29,14
DA:36,14
DA:38,14
DA:54,10
DA:56,10
DA:58,10
DA:59,2
DA:63,8
DA:70,8
DA:72,8
DA:84,6
DA:85,6
DA:94,6
DA:104,3
DA:106,3
DA:107,1
DA:110,2
DA:120,2
LF:26
LH:26
BRDA:36,0,0,0
BRDA:58,1,0,2
BRDA:58,2,0,10
BRDA:58,2,1,10
BRDA:70,3,0,0
BRDA:106,4,0,1
BRDA:106,5,0,3
BRDA:106,5,1,3
BRF:8
BRH:6
end_of_record
TN:
SF:src/health/health.controller.ts
FN:6,(anonymous_2)
FNF:1
FNH:0
FNDA:0,(anonymous_2)
DA:1,0
DA:4,0
DA:6,0
DA:7,0
LF:4
LH:0
BRF:0
BRH:0
end_of_record
TN:
SF:src/modules/admin/admin.controller.ts
FN:24,(anonymous_4)
FN:29,(anonymous_5)
FN:36,(anonymous_6)
FN:43,(anonymous_7)
FN:49,(anonymous_8)
FN:60,(anonymous_9)
FN:70,(anonymous_10)
FN:79,(anonymous_11)
FN:89,(anonymous_12)
FN:99,(anonymous_13)
FN:110,(anonymous_14)
FN:120,(anonymous_15)
FN:130,(anonymous_16)
FN:140,(anonymous_17)
FN:146,(anonymous_18)
FN:152,(anonymous_19)
FNF:16
FNH:0
FNDA:0,(anonymous_4)
FNDA:0,(anonymous_5)
FNDA:0,(anonymous_6)
FNDA:0,(anonymous_7)
FNDA:0,(anonymous_8)
FNDA:0,(anonymous_9)
FNDA:0,(anonymous_10)
FNDA:0,(anonymous_11)
FNDA:0,(anonymous_12)
FNDA:0,(anonymous_13)
FNDA:0,(anonymous_14)
FNDA:0,(anonymous_15)
FNDA:0,(anonymous_16)
FNDA:0,(anonymous_17)
FNDA:0,(anonymous_18)
FNDA:0,(anonymous_19)
DA:1,0
DA:13,0
DA:14,0
DA:15,0
DA:16,0
DA:17,0
DA:23,0
DA:24,0
DA:29,0
DA:30,0
DA:36,0
DA:37,0
DA:43,0
DA:44,0
DA:49,0
DA:55,0
DA:60,0
DA:65,0
DA:70,0
DA:74,0
DA:79,0
DA:84,0
DA:89,0
DA:94,0
DA:99,0
DA:105,0
DA:110,0
DA:115,0
DA:120,0
DA:125,0
DA:130,0
DA:135,0
DA:140,0
DA:141,0
DA:146,0
DA:147,0
DA:152,0
DA:156,0
LF:38
LH:0
BRDA:50,0,0,0
BRDA:51,1,0,0
BRDA:80,2,0,0
BRDA:81,3,0,0
BRDA:100,4,0,0
BRDA:101,5,0,0
BRDA:121,6,0,0
BRDA:122,7,0,0
BRF:8
BRH:0
end_of_record
TN:
SF:src/modules/auth/auth.controller.ts
FN:10,(anonymous_4)
FN:15,(anonymous_5)
FN:22,(anonymous_6)
FN:29,(anonymous_7)
FN:36,(anonymous_8)
FNF:5
FNH:0
FNDA:0,(anonymous_4)
FNDA:0,(anonymous_5)
FNDA:0,(anonymous_6)
FNDA:0,(anonymous_7)
FNDA:0,(anonymous_8)
DA:1,0
DA:2,0
DA:3,0
DA:4,0
DA:5,0
DA:9,0
DA:10,0
DA:15,0
DA:16,0
DA:22,0
DA:23,0
DA:29,0
DA:30,0
DA:36,0
DA:37,0
LF:15
LH:0
BRF:0
BRH:0
end_of_record
TN:
SF:src/modules/auth/auth.service.ts
FN:17,(anonymous_2)
FN:25,(anonymous_3)
FN:56,(anonymous_4)
FN:98,(anonymous_5)
FN:116,(anonymous_6)
FN:148,(anonymous_7)
FN:167,(anonymous_8)
FNF:7
FNH:0
FNDA:0,(anonymous_2)
FNDA:0,(anonymous_3)
FNDA:0,(anonymous_4)
FNDA:0,(anonymous_5)
FNDA:0,(anonymous_6)
FNDA:0,(anonymous_7)
FNDA:0,(anonymous_8)
DA:1,0
DA:2,0
DA:3,0
DA:4,0
DA:5,0
DA:7,0
DA:8,0
DA:9,0
DA:14,0
DA:15,0
DA:18,0
DA:19,0
DA:20,0
DA:21,0
DA:22,0
DA:27,0
DA:28,0
DA:29,0
DA:30,0
DA:34,0
DA:35,0
DA:38,0
DA:41,0
DA:44,0
DA:47,0
DA:50,0
DA:53,0
DA:58,0
DA:59,0
DA:63,0
DA:64,0
DA:66,0
DA:67,0
DA:71,0
DA:72,0
DA:73,0
DA:77,0
DA:78,0
DA:79,0
DA:83,0
DA:93,0
DA:95,0
DA:99,0
DA:100,0
DA:101,0
DA:104,0
DA:105,0
DA:108,0
DA:109,0
DA:110,0
DA:113,0
DA:117,0
DA:119,0
DA:124,0
DA:127,0
DA:128,0
DA:132,0
DA:133,0
DA:134,0
DA:137,0
DA:138,0
DA:142,0
DA:144,0
DA:149,0
DA:150,0
DA:151,0
DA:153,0
DA:154,0
DA:161,0
DA:163,0
DA:168,0
DA:175,0
DA:181,0
DA:186,0
DA:188,0
LF:75
LH:0
BRDA:29,0,0,0
BRDA:44,1,0,0
BRDA:44,1,1,0
BRDA:63,2,0,0
BRDA:66,3,0,0
BRDA:72,4,0,0
BRDA:100,5,0,0
BRDA:104,6,0,0
BRDA:109,7,0,0
BRDA:120,8,0,0
BRDA:120,8,1,0
BRDA:127,9,0,0
BRDA:133,10,0,0
BRDA:137,11,0,0
BRDA:153,12,0,0
BRDA:177,13,0,0
BRDA:177,13,1,0
BRDA:182,14,0,0
BRDA:182,14,1,0
BRDA:183,15,0,0
BRDA:183,15,1,0
BRF:21
BRH:0
end_of_record
TN:
SF:src/modules/certification/certification.controller.ts
FN:13,(anonymous_4)
FN:17,(anonymous_5)
FN:23,(anonymous_6)
FNF:3
FNH:0
FNDA:0,(anonymous_4)
FNDA:0,(anonymous_5)
FNDA:0,(anonymous_6)
DA:1,0
DA:2,0
DA:3,0
DA:4,0
DA:5,0
DA:6,0
DA:12,0
DA:13,0
DA:17,0
DA:18,0
DA:23,0
DA:24,0
LF:12
LH:0
BRF:0
BRH:0
end_of_record
TN:
SF:src/modules/certification/certification.service.ts
FN:10,(anonymous_4)
FN:15,(anonymous_5)
FN:27,(anonymous_6)
FN:40,(anonymous_7)
FN:53,(anonymous_8)
FNF:5
FNH:0
FNDA:0,(anonymous_4)
FNDA:0,(anonymous_5)
FNDA:0,(anonymous_6)
FNDA:0,(anonymous_7)
FNDA:0,(anonymous_8)
DA:1,0
DA:2,0
DA:3,0
DA:4,0
DA:6,0
DA:9,0
DA:12,0
DA:16,0
DA:24,0
DA:28,0
DA:33,0
DA:34,0
DA:37,0
DA:41,0
DA:42,0
DA:43,0
DA:46,0
DA:47,0
DA:48,0
DA:50,0
DA:54,0
DA:55,0
DA:56,0
DA:59,0
DA:60,0
DA:61,0
DA:62,0
DA:64,0
LF:28
LH:0
BRDA:33,0,0,0
BRDA:42,1,0,0
BRDA:55,2,0,0
BRF:3
BRH:0
end_of_record
TN:
SF:src/modules/certification-type/certification-type.controller.ts
FN:41,(anonymous_4)
FN:80,(anonymous_5)
FN:84,(anonymous_6)
FN:91,(anonymous_7)
FN:97,(anonymous_8)
FN:104,(anonymous_9)
FN:114,(anonymous_10)
FN:121,(anonymous_11)
FN:130,(anonymous_12)
FN:135,(anonymous_13)
FN:138,(anonymous_14)
FNF:11
FNH:0
FNDA:0,(anonymous_4)
FNDA:0,(anonymous_5)
FNDA:0,(anonymous_6)
FNDA:0,(anonymous_7)
FNDA:0,(anonymous_8)
FNDA:0,(anonymous_9)
FNDA:0,(anonymous_10)
FNDA:0,(anonymous_11)
FNDA:0,(anonymous_12)
FNDA:0,(anonymous_13)
FNDA:0,(anonymous_14)
DA:1,0
DA:11,0
DA:12,0
DA:13,0
DA:14,0
DA:15,0
DA:16,0
DA:26,0
DA:29,0
DA:33,0
DA:37,0
DA:41,0
DA:42,0
DA:46,0
DA:52,0
DA:56,0
DA:60,0
DA:64,0
DA:68,0
DA:72,0
DA:79,0
DA:80,0
DA:84,0
DA:85,0
DA:86,0
DA:91,0
DA:92,0
DA:97,0
DA:98,0
DA:99,0
DA:104,0
DA:108,0
DA:109,0
DA:114,0
DA:115,0
DA:116,0
DA:121,0
DA:122,0
DA:123,0
DA:129,0
DA:130,0
DA:135,0
DA:136,0
DA:137,0
DA:138,0
LF:45
LH:0
BRF:0
BRH:0
end_of_record
TN:
SF:src/modules/certification-type/certification-type.service.ts
FN:8,(anonymous_4)
FN:13,(anonymous_5)
FN:21,(anonymous_6)
FN:29,(anonymous_7)
FN:39,(anonymous_8)
FN:44,(anonymous_9)
FN:50,(anonymous_10)
FN:54,(anonymous_11)
FNF:8
FNH:0
FNDA:0,(anonymous_4)
FNDA:0,(anonymous_5)
FNDA:0,(anonymous_6)
FNDA:0,(anonymous_7)
FNDA:0,(anonymous_8)
FNDA:0,(anonymous_9)
FNDA:0,(anonymous_10)
FNDA:0,(anonymous_11)
DA:1,0
DA:2,0
DA:3,0
DA:4,0
DA:7,0
DA:10,0
DA:14,0
DA:15,0
DA:22,0
DA:23,0
DA:24,0
DA:26,0
DA:30,0
DA:33,0
DA:34,0
DA:36,0
DA:40,0
DA:41,0
DA:45,0
DA:46,0
DA:47,0
DA:51,0
DA:55,0
DA:98,0
DA:99,0
DA:102,0
DA:103,0
LF:27
LH:0
BRDA:13,0,0,0
BRDA:14,1,0,0
BRDA:14,1,1,0
BRDA:23,2,0,0
BRDA:33,3,0,0
BRDA:102,4,0,0
BRF:6
BRH:0
end_of_record
TN:
SF:src/modules/chat/chat.controller.ts
FN:13,(anonymous_4)
FN:17,(anonymous_5)
FN:23,(anonymous_6)
FN:35,(anonymous_7)
FN:41,(anonymous_8)
FNF:5
FNH:0
FNDA:0,(anonymous_4)
FNDA:0,(anonymous_5)
FNDA:0,(anonymous_6)
FNDA:0,(anonymous_7)
FNDA:0,(anonymous_8)
DA:1,0
DA:2,0
DA:3,0
DA:4,0
DA:5,0
DA:6,0
DA:12,0
DA:13,0
DA:17,0
DA:18,0
DA:23,0
DA:30,0
DA:35,0
DA:36,0
DA:41,0
DA:42,0
LF:16
LH:0
BRDA:26,0,0,0
BRDA:27,1,0,0
BRF:2
BRH:0
end_of_record
TN:
SF:src/modules/chat/chat.service.ts
FN:17,(anonymous_4)
FN:25,(anonymous_5)
FN:88,(anonymous_6)
FN:113,(anonymous_7)
FN:124,(anonymous_8)
FN:157,(anonymous_9)
FN:168,(anonymous_10)
FNF:7
FNH:7
FNDA:15,(anonymous_4)
FNDA:7,(anonymous_5)
FNDA:5,(anonymous_6)
FNDA:104,(anonymous_7)
FNDA:3,(anonymous_8)
FNDA:2,(anonymous_9)
FNDA:3,(anonymous_10)
DA:1,1
DA:6,1
DA:7,1
DA:8,1
DA:9,1
DA:10,1
DA:12,1
DA:13,1
DA:16,1
DA:19,15
DA:20,15
DA:21,15
DA:22,15
DA:27,7
DA:31,7
DA:32,2
DA:36,5
DA:37,5
DA:38,2
DA:42,3
DA:49,3
DA:52,3
DA:53,3
DA:56,3
DA:71,3
DA:85,3
DA:95,5
DA:103,5
DA:104,1
DA:107,5
DA:112,5
DA:113,104
DA:126,3
DA:133,3
DA:135,3
DA:137,5
DA:139,5
DA:140,3
DA:141,3
DA:143,3
DA:154,3
DA:158,2
DA:172,3
LF:43
LH:43
BRDA:31,0,0,2
BRDA:37,1,0,2
BRDA:46,2,0,3
BRDA:46,2,1,0
BRDA:63,3,0,3
BRDA:63,3,1,0
BRDA:78,4,0,3
BRDA:78,4,1,0
BRDA:91,5,0,0
BRDA:92,6,0,0
BRDA:103,7,0,1
BRDA:137,8,0,3
BRDA:137,8,1,2
BRDA:139,9,0,3
BRF:14
BRH:9
end_of_record
TN:
SF:src/modules/file/admin-file.controller.ts
FN:17,(anonymous_4)
FN:20,(anonymous_5)
FN:38,(anonymous_6)
FN:60,(anonymous_7)
FN:69,(anonymous_8)
FN:75,(anonymous_9)
FNF:6
FNH:0
FNDA:0,(anonymous_4)
FNDA:0,(anonymous_5)
FNDA:0,(anonymous_6)
FNDA:0,(anonymous_7)
FNDA:0,(anonymous_8)
FNDA:0,(anonymous_9)
DA:1,0
DA:11,0
DA:12,0
DA:16,0
DA:17,0
DA:20,0
DA:28,0
DA:37,0
DA:38,0
DA:60,0
DA:64,0
DA:65,0
DA:69,0
DA:70,0
DA:71,0
DA:75,0
DA:79,0
DA:80,0
LF:18
LH:0
BRDA:21,0,0,0
BRDA:22,1,0,0
BRF:2
BRH:0
end_of_record
TN:
SF:src/modules/file/file.controller.ts
FN:22,(anonymous_4)
FN:25,(anonymous_5)
FN:30,(anonymous_6)
FN:42,(anonymous_7)
FN:87,(anonymous_8)
FN:100,(anonymous_9)
FN:118,(anonymous_10)
FN:135,(anonymous_11)
FN:152,(anonymous_12)
FNF:9
FNH:0
FNDA:0,(anonymous_4)
FNDA:0,(anonymous_5)
FNDA:0,(anonymous_6)
FNDA:0,(anonymous_7)
FNDA:0,(anonymous_8)
FNDA:0,(anonymous_9)
FNDA:0,(anonymous_10)
FNDA:0,(anonymous_11)
FNDA:0,(anonymous_12)
DA:1,0
DA:14,0
DA:15,0
DA:17,0
DA:21,0
DA:22,0
DA:25,0
DA:26,0
DA:30,0
DA:33,0
DA:34,0
DA:42,0
DA:54,0
DA:55,0
DA:70,0
DA:72,0
DA:87,0
DA:88,0
DA:89,0
DA:100,0
DA:101,0
DA:102,0
DA:103,0
DA:109,0
DA:110,0
DA:118,0
DA:124,0
DA:125,0
DA:127,0
DA:134,0
DA:135,0
DA:152,0
DA:153,0
DA:154,0
LF:34
LH:0
BRDA:54,0,0,0
BRDA:54,0,1,0
BRDA:57,1,0,0
BRDA:57,1,1,0
BRDA:61,2,0,0
BRDA:61,2,1,0
BRDA:62,3,0,0
BRDA:62,3,1,0
BRDA:63,4,0,0
BRDA:63,4,1,0
BRDA:63,4,2,0
BRDA:64,5,0,0
BRDA:64,5,1,0
BRDA:102,6,0,0
BRDA:119,7,0,0
BRDA:120,8,0,0
BRDA:124,9,0,0
BRF:17
BRH:0
end_of_record
TN:
SF:src/modules/file/file.service.ts
FN:17,(anonymous_4)
FN:42,(anonymous_5)
FN:47,(anonymous_6)
FN:55,(anonymous_7)
FN:59,(anonymous_8)
FN:79,(anonymous_9)
FN:118,(anonymous_10)
FN:124,(anonymous_11)
FN:130,(anonymous_12)
FN:137,(anonymous_13)
FN:141,(anonymous_14)
FN:149,(anonymous_15)
FN:163,(anonymous_16)
FN:177,(anonymous_17)
FN:182,(anonymous_18)
FN:187,(anonymous_19)
FN:192,(anonymous_20)
FNF:17
FNH:0
FNDA:0,(anonymous_4)
FNDA:0,(anonymous_5)
FNDA:0,(anonymous_6)
FNDA:0,(anonymous_7)
FNDA:0,(anonymous_8)
FNDA:0,(anonymous_9)
FNDA:0,(anonymous_10)
FNDA:0,(anonymous_11)
FNDA:0,(anonymous_12)
FNDA:0,(anonymous_13)
FNDA:0,(anonymous_14)
FNDA:0,(anonymous_15)
FNDA:0,(anonymous_16)
FNDA:0,(anonymous_17)
FNDA:0,(anonymous_18)
FNDA:0,(anonymous_19)
FNDA:0,(anonymous_20)
DA:1,0
DA:2,0
DA:3,0
DA:4,0
DA:5,0
DA:6,0
DA:9,0
DA:10,0
DA:19,0
DA:20,0
DA:22,0
DA:24,0
DA:26,0
DA:28,0
DA:29,0
DA:33,0
DA:43,0
DA:44,0
DA:48,0
DA:49,0
DA:50,0
DA:52,0
DA:56,0
DA:65,0
DA:66,0
DA:67,0
DA:70,0
DA:76,0
DA:87,0
DA:89,0
DA:90,0
DA:93,0
DA:94,0
DA:100,0
DA:101,0
DA:104,0
DA:105,0
DA:108,0
DA:110,0
DA:115,0
DA:119,0
DA:120,0
DA:121,0
DA:125,0
DA:126,0
DA:127,0
DA:131,0
DA:134,0
DA:138,0
DA:142,0
DA:143,0
DA:144,0
DA:146,0
DA:150,0
DA:151,0
DA:156,0
DA:158,0
DA:159,0
DA:164,0
DA:165,0
DA:170,0
DA:172,0
DA:173,0
DA:178,0
DA:179,0
DA:183,0
DA:184,0
DA:188,0
DA:189,0
DA:193,0
LF:70
LH:0
BRDA:23,0,0,0
BRDA:23,0,1,0
BRDA:25,1,0,0
BRDA:25,1,1,0
BRDA:27,2,0,0
BRDA:27,2,1,0
BRDA:28,3,0,0
BRDA:28,3,1,0
BRDA:49,4,0,0
BRDA:61,5,0,0
BRDA:62,6,0,0
BRDA:66,7,0,0
BRDA:80,8,0,0
BRDA:81,9,0,0
BRDA:89,10,0,0
BRDA:93,11,0,0
BRDA:100,12,0,0
BRDA:104,13,0,0
BRDA:134,14,0,0
BRDA:134,14,1,0
BRDA:143,15,0,0
BRDA:179,16,0,0
BRDA:179,16,1,0
BRF:23
BRH:0
end_of_record
TN:
SF:src/modules/friend/friend.controller.ts
FN:12,(anonymous_4)
FN:16,(anonymous_5)
FN:22,(anonymous_6)
FN:28,(anonymous_7)
FN:37,(anonymous_8)
FN:43,(anonymous_9)
FN:49,(anonymous_10)
FN:55,(anonymous_11)
FN:61,(anonymous_12)
FNF:9
FNH:0
FNDA:0,(anonymous_4)
FNDA:0,(anonymous_5)
FNDA:0,(anonymous_6)
FNDA:0,(anonymous_7)
FNDA:0,(anonymous_8)
FNDA:0,(anonymous_9)
FNDA:0,(anonymous_10)
FNDA:0,(anonymous_11)
FNDA:0,(anonymous_12)
DA:1,0
DA:2,0
DA:3,0
DA:4,0
DA:5,0
DA:11,0
DA:12,0
DA:16,0
DA:17,0
DA:22,0
DA:23,0
DA:28,0
DA:32,0
DA:37,0
DA:38,0
DA:43,0
DA:44,0
DA:49,0
DA:50,0
DA:55,0
DA:56,0
DA:61,0
DA:62,0
LF:23
LH:0
BRF:0
BRH:0
end_of_record
TN:
SF:src/modules/friend/friend.service.ts
FN:12,(anonymous_4)
FN:21,(anonymous_5)
FN:27,(anonymous_6)
FN:38,(anonymous_7)
FN:44,(anonymous_8)
FN:55,(anonymous_9)
FN:77,(anonymous_10)
FN:122,(anonymous_11)
FN:134,(anonymous_12)
FN:152,(anonymous_13)
FN:164,(anonymous_14)
FN:170,(anonymous_15)
FN:180,(anonymous_16)
FN:187,(anonymous_17)
FN:194,(anonymous_18)
FN:217,(anonymous_19)
FNF:16
FNH:10
FNDA:19,(anonymous_4)
FNDA:3,(anonymous_5)
FNDA:101,(anonymous_6)
FNDA:1,(anonymous_7)
FNDA:1,(anonymous_8)
FNDA:5,(anonymous_9)
FNDA:10,(anonymous_10)
FNDA:3,(anonymous_11)
FNDA:3,(anonymous_12)
FNDA:2,(anonymous_13)
FNDA:0,(anonymous_14)
FNDA:0,(anonymous_15)
FNDA:0,(anonymous_16)
FNDA:0,(anonymous_17)
FNDA:0,(anonymous_18)
FNDA:0,(anonymous_19)
DA:1,2
DA:2,2
DA:3,2
DA:4,2
DA:5,2
DA:6,2
DA:7,2
DA:8,2
DA:11,2
DA:14,19
DA:16,19
DA:17,19
DA:18,19
DA:22,3
DA:27,101
DA:39,1
DA:44,1
DA:56,5
DA:57,2
DA:60,3
DA:64,3
DA:65,2
DA:68,1
DA:74,1
DA:78,10
DA:83,10
DA:84,2
DA:87,8
DA:88,2
DA:92,6
DA:93,3
DA:97,3
DA:98,3
DA:99,2
DA:103,1
DA:106,1
DA:107,1
DA:110,1
DA:114,1
DA:115,1
DA:116,1
DA:119,1
DA:123,3
DA:127,3
DA:128,2
DA:131,1
DA:135,3
DA:139,3
DA:140,2
DA:143,1
DA:149,1
DA:153,2
DA:157,2
DA:158,1
DA:161,1
DA:165,0
DA:170,0
DA:181,0
DA:184,0
DA:188,0
DA:191,0
DA:195,0
DA:199,0
DA:200,0
DA:202,0
DA:203,0
DA:204,0
DA:205,0
DA:207,0
DA:218,0
DA:221,0
DA:222,0
DA:223,0
LF:73
LH:55
BRDA:56,0,0,2
BRDA:64,1,0,2
BRDA:83,2,0,2
BRDA:87,3,0,2
BRDA:92,4,0,3
BRDA:98,5,0,2
BRDA:114,6,0,1
BRDA:127,7,0,2
BRDA:139,8,0,2
BRDA:157,9,0,1
BRDA:204,10,0,0
BRDA:204,10,1,0
BRDA:205,11,0,0
BRDA:205,11,1,0
BRDA:205,11,2,0
BRDA:205,11,3,0
BRDA:221,12,0,0
BRDA:222,13,0,0
BRDA:222,13,1,0
BRF:19
BRH:10
end_of_record
TN:
SF:src/modules/points/points.controller.ts
FN:12,(anonymous_4)
FN:16,(anonymous_5)
FN:22,(anonymous_6)
FN:28,(anonymous_7)
FN:34,(anonymous_8)
FNF:5
FNH:0
FNDA:0,(anonymous_4)
FNDA:0,(anonymous_5)
FNDA:0,(anonymous_6)
FNDA:0,(anonymous_7)
FNDA:0,(anonymous_8)
DA:1,0
DA:2,0
DA:3,0
DA:4,0
DA:5,0
DA:11,0
DA:12,0
DA:16,0
DA:17,0
DA:22,0
DA:23,0
DA:28,0
DA:29,0
DA:34,0
DA:40,0
LF:15
LH:0
BRDA:36,0,0,0
BRDA:37,1,0,0
BRF:2
BRH:0
end_of_record
TN:
SF:src/modules/points/points.service.ts
FN:25,(anonymous_4)
FN:33,(anonymous_5)
FN:56,(anonymous_6)
FN:83,(anonymous_7)
FN:131,(anonymous_8)
FN:144,(anonymous_9)
FN:172,(anonymous_10)
FNF:7
FNH:7
FNDA:16,(anonymous_4)
FNDA:2,(anonymous_5)
FNDA:8,(anonymous_6)
FNDA:5,(anonymous_7)
FNDA:2,(anonymous_8)
FNDA:3,(anonymous_9)
FNDA:3,(anonymous_10)
DA:1,3
DA:2,3
DA:3,3
DA:4,3
DA:5,3
DA:6,3
DA:7,3
DA:8,3
DA:11,3
DA:24,3
DA:27,16
DA:28,16
DA:29,16
DA:30,16
DA:34,2
DA:35,2
DA:42,2
DA:49,2
DA:63,8
DA:64,8
DA:66,8
DA:76,8
DA:77,8
DA:80,8
DA:84,5
DA:85,5
DA:87,5
DA:88,5
DA:89,2
DA:93,3
DA:94,3
DA:95,3
DA:96,3
DA:97,3
DA:99,3
DA:100,3
DA:101,2
DA:102,2
DA:106,3
DA:107,3
DA:108,3
DA:110,3
DA:111,3
DA:112,3
DA:113,1
DA:116,3
DA:119,3
DA:122,3
DA:124,3
DA:132,2
DA:133,2
DA:134,2
DA:136,2
DA:138,2
DA:150,3
DA:155,3
DA:156,1
DA:159,3
DA:164,3
DA:173,3
DA:185,3
LF:61
LH:61
BRDA:51,0,0,2
BRDA:51,0,1,1
BRDA:52,1,0,2
BRDA:52,1,1,1
BRDA:60,2,0,3
BRDA:68,3,0,6
BRDA:68,3,1,2
BRDA:73,4,0,8
BRDA:73,4,1,3
BRDA:88,5,0,2
BRDA:100,6,0,2
BRDA:102,7,0,2
BRDA:102,7,1,0
BRDA:112,8,0,1
BRDA:112,9,0,3
BRDA:112,9,1,2
BRDA:140,10,0,2
BRDA:140,10,1,1
BRDA:146,11,0,0
BRDA:147,12,0,0
BRDA:155,13,0,1
BRDA:185,14,0,3
BRDA:185,14,1,0
BRF:23
BRH:19
end_of_record
TN:
SF:src/modules/points-config/points-config.controller.ts
FN:54,(anonymous_4)
FN:63,(anonymous_5)
FN:67,(anonymous_6)
FN:74,(anonymous_7)
FN:80,(anonymous_8)
FN:135,(anonymous_9)
FN:142,(anonymous_10)
FN:151,(anonymous_11)
FN:156,(anonymous_12)
FN:159,(anonymous_13)
FNF:10
FNH:0
FNDA:0,(anonymous_4)
FNDA:0,(anonymous_5)
FNDA:0,(anonymous_6)
FNDA:0,(anonymous_7)
FNDA:0,(anonymous_8)
FNDA:0,(anonymous_9)
FNDA:0,(anonymous_10)
FNDA:0,(anonymous_11)
FNDA:0,(anonymous_12)
FNDA:0,(anonymous_13)
DA:1,0
DA:11,0
DA:12,0
DA:13,0
DA:14,0
DA:15,0
DA:16,0
DA:28,0
DA:32,0
DA:36,0
DA:41,0
DA:44,0
DA:48,0
DA:54,0
DA:55,0
DA:62,0
DA:63,0
DA:67,0
DA:68,0
DA:69,0
DA:74,0
DA:75,0
DA:80,0
DA:81,0
DA:82,0
DA:135,0
DA:136,0
DA:137,0
DA:142,0
DA:143,0
DA:144,0
DA:150,0
DA:151,0
DA:156,0
DA:157,0
DA:158,0
DA:159,0
DA:160,0
DA:161,0
DA:164,0
LF:40
LH:0
BRDA:160,0,0,0
BRF:1
BRH:0
end_of_record
TN:
SF:src/modules/points-config/points-config.service.ts
FN:8,(anonymous_4)
FN:13,(anonymous_5)
FN:19,(anonymous_6)
FN:29,(anonymous_7)
FN:40,(anonymous_8)
FN:49,(anonymous_9)
FN:54,(anonymous_10)
FN:58,(anonymous_11)
FN:66,(anonymous_12)
FNF:9
FNH:0
FNDA:0,(anonymous_4)
FNDA:0,(anonymous_5)
FNDA:0,(anonymous_6)
FNDA:0,(anonymous_7)
FNDA:0,(anonymous_8)
FNDA:0,(anonymous_9)
FNDA:0,(anonymous_10)
FNDA:0,(anonymous_11)
FNDA:0,(anonymous_12)
DA:1,3
DA:2,3
DA:3,3
DA:4,3
DA:7,3
DA:10,0
DA:14,0
DA:20,0
DA:23,0
DA:24,0
DA:26,0
DA:30,0
DA:31,0
DA:34,0
DA:36,0
DA:41,0
DA:42,0
DA:43,0
DA:45,0
DA:46,0
DA:50,0
DA:51,0
DA:55,0
DA:61,0
DA:62,0
DA:67,0
DA:80,0
DA:81,0
DA:84,0
DA:85,0
LF:30
LH:5
BRDA:23,0,0,0
BRDA:29,1,0,0
BRDA:34,2,0,0
BRDA:34,2,1,0
BRDA:42,3,0,0
BRDA:84,4,0,0
BRF:6
BRH:0
end_of_record
TN:
SF:src/modules/profile/profile.controller.ts
FN:13,(anonymous_4)
FN:17,(anonymous_5)
FN:23,(anonymous_6)
FNF:3
FNH:0
FNDA:0,(anonymous_4)
FNDA:0,(anonymous_5)
FNDA:0,(anonymous_6)
DA:1,0
DA:2,0
DA:3,0
DA:4,0
DA:5,0
DA:6,0
DA:12,0
DA:13,0
DA:17,0
DA:18,0
DA:23,0
DA:24,0
LF:12
LH:0
BRF:0
BRH:0
end_of_record
TN:
SF:src/modules/profile/profile.service.ts
FN:9,(anonymous_4)
FN:14,(anonymous_5)
FN:22,(anonymous_6)
FN:27,(anonymous_7)
FNF:4
FNH:0
FNDA:0,(anonymous_4)
FNDA:0,(anonymous_5)
FNDA:0,(anonymous_6)
FNDA:0,(anonymous_7)
DA:1,0
DA:2,0
DA:3,0
DA:4,0
DA:8,0
DA:11,0
DA:15,0
DA:16,0
DA:17,0
DA:19,0
DA:23,0
DA:24,0
DA:28,0
DA:29,0
DA:30,0
DA:32,0
DA:33,0
LF:17
LH:0
BRDA:16,0,0,0
BRDA:29,1,0,0
BRF:2
BRH:0
end_of_record
TN:
SF:src/modules/square/square.controller.ts
FN:28,(anonymous_4)
FN:32,(anonymous_5)
FN:41,(anonymous_6)
FN:53,(anonymous_7)
FN:69,(anonymous_8)
FN:75,(anonymous_9)
FN:84,(anonymous_10)
FN:93,(anonymous_11)
FN:109,(anonymous_12)
FN:115,(anonymous_13)
FNF:10
FNH:0
FNDA:0,(anonymous_4)
FNDA:0,(anonymous_5)
FNDA:0,(anonymous_6)
FNDA:0,(anonymous_7)
FNDA:0,(anonymous_8)
FNDA:0,(anonymous_9)
FNDA:0,(anonymous_10)
FNDA:0,(anonymous_11)
FNDA:0,(anonymous_12)
FNDA:0,(anonymous_13)
DA:1,0
DA:12,0
DA:13,0
DA:14,0
DA:15,0
DA:21,0
DA:27,0
DA:28,0
DA:32,0
DA:36,0
DA:41,0
DA:46,0
DA:47,0
DA:48,0
DA:53,0
DA:59,0
DA:69,0
DA:70,0
DA:75,0
DA:79,0
DA:84,0
DA:88,0
DA:93,0
DA:98,0
DA:99,0
DA:100,0
DA:109,0
DA:110,0
DA:115,0
DA:116,0
LF:30
LH:0
BRDA:42,0,0,0
BRDA:43,1,0,0
BRDA:44,2,0,0
BRDA:46,3,0,0
BRDA:46,3,1,0
BRDA:47,4,0,0
BRDA:47,4,1,0
BRDA:55,5,0,0
BRDA:56,6,0,0
BRDA:57,7,0,0
BRDA:95,8,0,0
BRDA:96,9,0,0
BRDA:98,10,0,0
BRDA:98,10,1,0
BRDA:99,11,0,0
BRDA:99,11,1,0
BRF:16
BRH:0
end_of_record
TN:
SF:src/modules/square/square.service.ts
FN:24,(anonymous_4)
FN:37,(anonymous_5)
FN:66,(anonymous_6)
FN:87,(anonymous_7)
FN:102,(anonymous_8)
FN:123,(anonymous_9)
FN:133,(anonymous_10)
FN:172,(anonymous_11)
FN:180,(anonymous_12)
FN:199,(anonymous_13)
FN:232,(anonymous_14)
FN:262,(anonymous_15)
FN:292,(anonymous_16)
FN:310,(anonymous_17)
FN:337,(anonymous_18)
FN:343,(anonymous_19)
FN:390,(anonymous_20)
FNF:17
FNH:0
FNDA:0,(anonymous_4)
FNDA:0,(anonymous_5)
FNDA:0,(anonymous_6)
FNDA:0,(anonymous_7)
FNDA:0,(anonymous_8)
FNDA:0,(anonymous_9)
FNDA:0,(anonymous_10)
FNDA:0,(anonymous_11)
FNDA:0,(anonymous_12)
FNDA:0,(anonymous_13)
FNDA:0,(anonymous_14)
FNDA:0,(anonymous_15)
FNDA:0,(anonymous_16)
FNDA:0,(anonymous_17)
FNDA:0,(anonymous_18)
FNDA:0,(anonymous_19)
FNDA:0,(anonymous_20)
DA:1,0
DA:6,0
DA:7,0
DA:8,0
DA:9,0
DA:10,0
DA:11,0
DA:18,0
DA:19,0
DA:20,0
DA:23,0
DA:26,0
DA:28,0
DA:30,0
DA:32,0
DA:33,0
DA:34,0
DA:39,0
DA:43,0
DA:53,0
DA:56,0
DA:63,0
DA:71,0
DA:76,0
DA:77,0
DA:79,0
DA:82,0
DA:87,0
DA:99,0
DA:103,0
DA:108,0
DA:109,0
DA:112,0
DA:124,0
DA:125,0
DA:126,0
DA:129,0
DA:130,0
DA:134,0
DA:137,0
DA:145,0
DA:146,0
DA:147,0
DA:150,0
DA:154,0
DA:155,0
DA:156,0
DA:160,0
DA:161,0
DA:164,0
DA:167,0
DA:169,0
DA:172,0
DA:177,0
DA:180,0
DA:186,0
DA:193,0
DA:205,0
DA:206,0
DA:207,0
DA:209,0
DA:220,0
DA:221,0
DA:225,0
DA:228,0
DA:231,0
DA:233,0
DA:236,0
DA:237,0
DA:249,0
DA:262,0
DA:280,0
DA:287,0
DA:288,0
DA:293,0
DA:294,0
DA:295,0
DA:297,0
DA:308,0
DA:310,0
DA:325,0
DA:332,0
DA:333,0
DA:338,0
DA:344,0
DA:348,0
DA:350,0
DA:352,0
DA:353,0
DA:360,0
DA:363,0
DA:368,0
DA:370,0
DA:371,0
DA:379,0
DA:386,0
DA:391,0
DA:397,0
LF:98
LH:0
BRDA:39,0,0,0
BRDA:39,0,1,0
BRDA:47,1,0,0
BRDA:47,1,1,0
BRDA:67,2,0,0
BRDA:68,3,0,0
BRDA:69,4,0,0
BRDA:76,5,0,0
BRDA:76,5,1,0
BRDA:89,6,0,0
BRDA:89,6,1,0
BRDA:108,7,0,0
BRDA:125,8,0,0
BRDA:145,9,0,0
BRDA:145,9,1,0
BRDA:147,10,0,0
BRDA:147,10,1,0
BRDA:154,11,0,0
BRDA:155,12,0,0
BRDA:155,12,1,0
BRDA:156,13,0,0
BRDA:156,13,1,0
BRDA:167,14,0,0
BRDA:167,14,1,0
BRDA:201,15,0,0
BRDA:202,16,0,0
BRDA:203,17,0,0
BRDA:206,18,0,0
BRDA:206,18,1,0
BRDA:206,19,0,0
BRDA:206,19,1,0
BRDA:207,20,0,0
BRDA:207,20,1,0
BRDA:207,21,0,0
BRDA:207,21,1,0
BRDA:220,22,0,0
BRDA:220,22,1,0
BRDA:236,23,0,0
BRDA:251,24,0,0
BRDA:251,24,1,0
BRDA:256,25,0,0
BRDA:256,25,1,0
BRDA:264,26,0,0
BRDA:264,26,1,0
BRDA:269,27,0,0
BRDA:269,27,1,0
BRDA:292,28,0,0
BRDA:292,29,0,0
BRDA:294,30,0,0
BRDA:294,30,1,0
BRDA:294,31,0,0
BRDA:294,31,1,0
BRDA:295,32,0,0
BRDA:295,32,1,0
BRDA:295,33,0,0
BRDA:295,33,1,0
BRDA:312,34,0,0
BRDA:312,34,1,0
BRDA:317,35,0,0
BRDA:317,35,1,0
BRDA:348,36,0,0
BRDA:348,36,1,0
BRDA:352,37,0,0
BRDA:370,38,0,0
BRF:64
BRH:0
end_of_record
TN:
SF:src/modules/system-config/system-config.controller.ts
FN:59,(anonymous_4)
FN:63,(anonymous_5)
FN:70,(anonymous_6)
FN:77,(anonymous_7)
FN:83,(anonymous_8)
FN:90,(anonymous_9)
FN:97,(anonymous_10)
FN:104,(anonymous_11)
FN:113,(anonymous_12)
FN:118,(anonymous_13)
FNF:10
FNH:0
FNDA:0,(anonymous_4)
FNDA:0,(anonymous_5)
FNDA:0,(anonymous_6)
FNDA:0,(anonymous_7)
FNDA:0,(anonymous_8)
FNDA:0,(anonymous_9)
FNDA:0,(anonymous_10)
FNDA:0,(anonymous_11)
FNDA:0,(anonymous_12)
FNDA:0,(anonymous_13)
DA:1,0
DA:2,0
DA:3,0
DA:4,0
DA:5,0
DA:6,0
DA:11,0
DA:15,0
DA:19,0
DA:23,0
DA:27,0
DA:32,0
DA:35,0
DA:39,0
DA:43,0
DA:47,0
DA:51,0
DA:58,0
DA:59,0
DA:63,0
DA:64,0
DA:65,0
DA:70,0
DA:71,0
DA:72,0
DA:77,0
DA:78,0
DA:83,0
DA:84,0
DA:85,0
DA:90,0
DA:91,0
DA:92,0
DA:97,0
DA:98,0
DA:99,0
DA:104,0
DA:105,0
DA:106,0
DA:112,0
DA:113,0
DA:118,0
DA:119,0
LF:43
LH:0
BRF:0
BRH:0
end_of_record
TN:
SF:src/modules/system-config/system-config.service.ts
FN:8,(anonymous_4)
FN:13,(anonymous_5)
FN:20,(anonymous_6)
FN:30,(anonymous_7)
FN:44,(anonymous_8)
FN:49,(anonymous_9)
FN:54,(anonymous_10)
FN:63,(anonymous_11)
FN:68,(anonymous_12)
FN:72,(anonymous_13)
FN:80,(anonymous_14)
FN:102,(anonymous_15)
FN:106,(anonymous_16)
FN:111,(anonymous_17)
FN:114,(anonymous_18)
FN:122,(anonymous_19)
FNF:16
FNH:0
FNDA:0,(anonymous_4)
FNDA:0,(anonymous_5)
FNDA:0,(anonymous_6)
FNDA:0,(anonymous_7)
FNDA:0,(anonymous_8)
FNDA:0,(anonymous_9)
FNDA:0,(anonymous_10)
FNDA:0,(anonymous_11)
FNDA:0,(anonymous_12)
FNDA:0,(anonymous_13)
FNDA:0,(anonymous_14)
FNDA:0,(anonymous_15)
FNDA:0,(anonymous_16)
FNDA:0,(anonymous_17)
FNDA:0,(anonymous_18)
FNDA:0,(anonymous_19)
DA:1,0
DA:2,0
DA:3,0
DA:4,0
DA:7,0
DA:10,0
DA:14,0
DA:15,0
DA:21,0
DA:24,0
DA:25,0
DA:27,0
DA:31,0
DA:32,0
DA:35,0
DA:36,0
DA:38,0
DA:40,0
DA:45,0
DA:46,0
DA:50,0
DA:51,0
DA:55,0
DA:56,0
DA:57,0
DA:59,0
DA:60,0
DA:64,0
DA:65,0
DA:69,0
DA:73,0
DA:77,0
DA:78,0
DA:80,0
DA:81,0
DA:82,0
DA:84,0
DA:85,0
DA:86,0
DA:88,0
DA:89,0
DA:91,0
DA:92,0
DA:94,0
DA:99,0
DA:103,0
DA:104,0
DA:106,0
DA:107,0
DA:108,0
DA:111,0
DA:115,0
DA:116,0
DA:118,0
DA:123,0
DA:136,0
DA:137,0
DA:140,0
DA:141,0
LF:59
LH:0
BRDA:14,0,0,0
BRDA:14,0,1,0
BRDA:24,1,0,0
BRDA:35,2,0,0
BRDA:44,3,0,0
BRDA:49,4,0,0
BRDA:51,5,0,0
BRDA:51,5,1,0
BRDA:56,6,0,0
BRDA:84,7,0,0
BRDA:88,8,0,0
BRDA:91,9,0,0
BRDA:91,9,1,0
BRDA:108,10,0,0
BRDA:108,10,1,0
BRDA:140,11,0,0
BRF:16
BRH:0
end_of_record
TN:
SF:src/modules/test-data/test-data.service.ts
FN:21,(anonymous_4)
FN:42,(anonymous_5)
FN:55,(anonymous_6)
FN:84,(anonymous_7)
FN:110,(anonymous_8)
FN:131,(anonymous_9)
FN:150,(anonymous_10)
FN:174,(anonymous_11)
FN:195,(anonymous_12)
FN:254,(anonymous_13)
FN:279,(anonymous_14)
FN:323,(anonymous_15)
FNF:12
FNH:0
FNDA:0,(anonymous_4)
FNDA:0,(anonymous_5)
FNDA:0,(anonymous_6)
FNDA:0,(anonymous_7)
FNDA:0,(anonymous_8)
FNDA:0,(anonymous_9)
FNDA:0,(anonymous_10)
FNDA:0,(anonymous_11)
FNDA:0,(anonymous_12)
FNDA:0,(anonymous_13)
FNDA:0,(anonymous_14)
FNDA:0,(anonymous_15)
DA:1,0
DA:2,0
DA:3,0
DA:4,0
DA:5,0
DA:6,0
DA:7,0
DA:8,0
DA:9,0
DA:10,0
DA:11,0
DA:12,0
DA:13,0
DA:14,0
DA:15,0
DA:18,0
DA:19,0
DA:23,0
DA:25,0
DA:27,0
DA:29,0
DA:31,0
DA:33,0
DA:35,0
DA:37,0
DA:39,0
DA:44,0
DA:45,0
DA:46,0
DA:47,0
DA:50,0
DA:51,0
DA:52,0
DA:57,0
DA:60,0
DA:63,0
DA:66,0
DA:69,0
DA:72,0
DA:75,0
DA:78,0
DA:81,0
DA:85,0
DA:86,0
DA:92,0
DA:93,0
DA:94,0
DA:103,0
DA:104,0
DA:107,0
DA:111,0
DA:118,0
DA:119,0
DA:127,0
DA:132,0
DA:138,0
DA:139,0
DA:146,0
DA:151,0
DA:153,0
DA:163,0
DA:175,0
DA:177,0
DA:182,0
DA:183,0
DA:184,0
DA:196,0
DA:197,0
DA:199,0
DA:205,0
DA:206,0
DA:207,0
DA:218,0
DA:219,0
DA:223,0
DA:224,0
DA:230,0
DA:231,0
DA:242,0
DA:246,0
DA:247,0
DA:251,0
DA:255,0
DA:256,0
DA:258,0
DA:265,0
DA:266,0
DA:271,0
DA:275,0
DA:276,0
DA:281,0
DA:288,0
DA:295,0
DA:302,0
DA:309,0
DA:316,0
DA:324,0
DA:333,0
DA:334,0
DA:341,0
LF:100
LH:0
BRDA:45,0,0,0
BRDA:183,1,0,0
BRDA:197,2,0,0
BRDA:213,3,0,0
BRDA:213,3,1,0
BRDA:223,4,0,0
BRDA:275,5,0,0
BRDA:276,6,0,0
BRF:8
BRH:0
end_of_record
TN:
SF:src/modules/user/user.controller.ts
FN:17,(anonymous_4)
FN:27,(anonymous_5)
FN:37,(anonymous_6)
FN:43,(anonymous_7)
FNF:4
FNH:0
FNDA:0,(anonymous_4)
FNDA:0,(anonymous_5)
FNDA:0,(anonymous_6)
FNDA:0,(anonymous_7)
DA:1,0
DA:2,0
DA:3,0
DA:4,0
DA:5,0
DA:6,0
DA:7,0
DA:8,0
DA:14,0
DA:18,0
DA:19,0
DA:20,0
DA:22,0
DA:27,0
DA:28,0
DA:29,0
DA:30,0
DA:32,0
DA:37,0
DA:38,0
DA:43,0
DA:48,0
DA:62,0
DA:65,0
DA:70,0
LF:25
LH:0
BRDA:22,0,0,0
BRDA:22,0,1,0
BRDA:29,1,0,0
BRDA:50,2,0,0
BRDA:50,2,1,0
BRF:5
BRH:0
end_of_record
TN:
SF:src/modules/user/user.service.ts
FN:12,(anonymous_4)
FN:19,(anonymous_5)
FN:33,(anonymous_6)
FN:41,(anonymous_7)
FN:45,(anonymous_8)
FN:49,(anonymous_9)
FN:55,(anonymous_10)
FN:61,(anonymous_11)
FN:67,(anonymous_12)
FN:68,(anonymous_13)
FNF:10
FNH:0
FNDA:0,(anonymous_4)
FNDA:0,(anonymous_5)
FNDA:0,(anonymous_6)
FNDA:0,(anonymous_7)
FNDA:0,(anonymous_8)
FNDA:0,(anonymous_9)
FNDA:0,(anonymous_10)
FNDA:0,(anonymous_11)
FNDA:0,(anonymous_12)
FNDA:0,(anonymous_13)
DA:1,3
DA:2,3
DA:3,3
DA:4,3
DA:5,3
DA:7,3
DA:8,3
DA:11,3
DA:14,0
DA:16,0
DA:20,0
DA:21,0
DA:30,0
DA:34,0
DA:35,0
DA:36,0
DA:38,0
DA:42,0
DA:46,0
DA:50,0
DA:51,0
DA:52,0
DA:56,0
DA:57,0
DA:58,0
DA:62,0
DA:63,0
DA:64,0
DA:68,0
DA:70,0
DA:73,0
DA:82,0
DA:85,0
DA:94,0
DA:95,0
DA:98,0
DA:99,0
DA:100,0
DA:102,0
DA:112,0
LF:40
LH:8
BRDA:35,0,0,0
BRDA:94,1,0,0
BRDA:98,2,0,0
BRF:3
BRH:0
end_of_record
TN:
SF:src/modules/websocket/chat.gateway.ts
FN:27,(anonymous_2)
FN:34,(anonymous_3)
FN:61,(anonymous_4)
FN:70,(anonymous_5)
FN:82,(anonymous_6)
FN:96,(anonymous_7)
FN:104,(anonymous_8)
FN:108,(anonymous_9)
FNF:8
FNH:0
FNDA:0,(anonymous_2)
FNDA:0,(anonymous_3)
FNDA:0,(anonymous_4)
FNDA:0,(anonymous_5)
FNDA:0,(anonymous_6)
FNDA:0,(anonymous_7)
FNDA:0,(anonymous_8)
FNDA:0,(anonymous_9)
DA:1,0
DA:9,0
DA:10,0
DA:11,0
DA:12,0
DA:19,0
DA:21,0
DA:23,0
DA:24,0
DA:25,0
DA:28,0
DA:29,0
DA:31,0
DA:35,0
DA:36,0
DA:37,0
DA:39,0
DA:41,0
DA:42,0
DA:43,0
DA:46,0
DA:47,0
DA:49,0
DA:51,0
DA:52,0
DA:54,0
DA:55,0
DA:56,0
DA:59,0
DA:61,0
DA:62,0
DA:63,0
DA:64,0
DA:66,0
DA:70,0
DA:71,0
DA:75,0
DA:77,0
DA:78,0
DA:83,0
DA:84,0
DA:85,0
DA:86,0
DA:87,0
DA:88,0
DA:89,0
DA:92,0
DA:97,0
DA:99,0
DA:100,0
DA:105,0
DA:106,0
DA:107,0
DA:108,0
DA:109,0
DA:110,0
DA:112,0
LF:57
LH:0
BRDA:39,0,0,0
BRDA:39,0,1,0
BRDA:41,1,0,0
BRDA:51,2,0,0
BRDA:55,3,0,0
BRDA:84,4,0,0
BRDA:86,5,0,0
BRDA:88,6,0,0
BRDA:99,7,0,0
BRDA:106,8,0,0
BRF:10
BRH:0
end_of_record
TN:
SF:src/modules/websocket/websocket-gateway.service.ts
FN:8,(anonymous_1)
FN:12,(anonymous_2)
FN:20,(anonymous_3)
FN:26,(anonymous_4)
FNF:4
FNH:0
FNDA:0,(anonymous_1)
FNDA:0,(anonymous_2)
FNDA:0,(anonymous_3)
FNDA:0,(anonymous_4)
DA:1,1
DA:5,1
DA:9,0
DA:13,0
DA:14,0
DA:15,0
DA:17,0
DA:21,0
DA:22,0
DA:23,0
DA:26,0
DA:27,0
DA:28,0
DA:30,0
LF:14
LH:2
BRDA:13,0,0,0
BRDA:21,1,0,0
BRF:2
BRH:0
end_of_record
